2025-08-09T19:26:34.071672 [32m[INFO][0m api.middleware.security_headers:312 create_security_middleware_stack() - Security middleware stack configured successfully | taskName=Task-1
INFO:     Started server process [11257]
INFO:     Waiting for application startup.
2025-08-09T19:26:34.083738 [32m[INFO][0m src.app:51 lifespan() - 🚀 Starting 4ex.ninja Trading Platform API | taskName=Task-2
2025-08-09T19:26:34.083808 [32m[INFO][0m src.app:52 lifespan() - Environment: development | taskName=Task-2
2025-08-09T19:26:34.083842 [32m[INFO][0m src.app:53 lifespan() - Log Level: 20 | taskName=Task-2
2025-08-09T19:26:34.083870 [32m[INFO][0m src.app:66 lifespan() - ℹ️ Sentry DSN not configured - error tracking disabled | taskName=Task-2
2025-08-09T19:26:34.083898 [32m[INFO][0m src.app:70 lifespan() - ✅ Dependency container initialized | taskName=Task-2
2025-08-09T19:26:34.083933 [32m[INFO][0m services.cache_service:315 create_cache_manager() - Using memory cache backend | taskName=Task-2
2025-08-09T19:26:34.084137 [32m[INFO][0m services.cache_service:238 warm_cache() - Starting cache warming for 5 filter combinations | taskName=Task-2
2025-08-09T19:26:34.084197 [32m[INFO][0m services.cache_service:257 warm_cache() - Cache warming completed. Warmed 0 entries | taskName=Task-2
2025-08-09T19:26:34.084223 [32m[INFO][0m src.app:76 lifespan() - ✅ Cache warming completed. Warmed 0 entries | taskName=Task-2
2025-08-09T19:26:34.084252 [32m[INFO][0m infrastructure.monitoring.system_metrics:53 start_monitoring() - Started system monitoring with 30s interval | taskName=Task-2
2025-08-09T19:26:34.084275 [32m[INFO][0m src.app:85 lifespan() - ✅ System metrics monitoring started | taskName=Task-2
2025-08-09T19:26:34.084297 [32m[INFO][0m src.app:90 lifespan() - 🎯 4ex.ninja Trading Platform API startup completed successfully | taskName=Task-2
INFO:     Application startup complete.
INFO:     Uvicorn running on http://127.0.0.1:8000 (Press CTRL+C to quit)
2025-08-09T19:26:47.276720 [32m[INFO][0m api.middleware.logging_middleware:77 dispatch() - Incoming request: GET / | taskName=starlette.middleware.base.BaseHTTPMiddleware.__call__.<locals>.call_next.<locals>.coro
2025-08-09T19:26:47.278499 [32m[INFO][0m api.middleware.logging_middleware:96 dispatch() - Response: GET / -> 200 in 0.002s | taskName=starlette.middleware.base.BaseHTTPMiddleware.__call__.<locals>.call_next.<locals>.coro
2025-08-09T19:26:47.278686 [32m[INFO][0m api.middleware.error_handler:53 dispatch() - GET / completed in 0.002s with status 200 | taskName=starlette.middleware.base.BaseHTTPMiddleware.__call__.<locals>.call_next.<locals>.coro
INFO:     127.0.0.1:64560 - "GET / HTTP/1.1" 200 OK
2025-08-09T19:27:33.628613 [32m[INFO][0m api.middleware.logging_middleware:77 dispatch() - Incoming request: GET / | taskName=starlette.middleware.base.BaseHTTPMiddleware.__call__.<locals>.call_next.<locals>.coro
2025-08-09T19:27:33.631771 [32m[INFO][0m api.middleware.logging_middleware:96 dispatch() - Response: GET / -> 200 in 0.003s | taskName=starlette.middleware.base.BaseHTTPMiddleware.__call__.<locals>.call_next.<locals>.coro
2025-08-09T19:27:33.632005 [32m[INFO][0m api.middleware.error_handler:53 dispatch() - GET / completed in 0.004s with status 200 | taskName=starlette.middleware.base.BaseHTTPMiddleware.__call__.<locals>.call_next.<locals>.coro
INFO:     127.0.0.1:64573 - "GET / HTTP/1.1" 200 OK
2025-08-09T19:27:33.740436 [32m[INFO][0m api.middleware.logging_middleware:77 dispatch() - Incoming request: GET / | taskName=starlette.middleware.base.BaseHTTPMiddleware.__call__.<locals>.call_next.<locals>.coro
2025-08-09T19:27:33.740954 [32m[INFO][0m api.middleware.logging_middleware:96 dispatch() - Response: GET / -> 200 in 0.001s | taskName=starlette.middleware.base.BaseHTTPMiddleware.__call__.<locals>.call_next.<locals>.coro
2025-08-09T19:27:33.741083 [32m[INFO][0m api.middleware.error_handler:53 dispatch() - GET / completed in 0.001s with status 200 | taskName=starlette.middleware.base.BaseHTTPMiddleware.__call__.<locals>.call_next.<locals>.coro
INFO:     127.0.0.1:64574 - "GET / HTTP/1.1" 200 OK
2025-08-09T19:27:33.846459 [32m[INFO][0m api.middleware.logging_middleware:77 dispatch() - Incoming request: GET / | taskName=starlette.middleware.base.BaseHTTPMiddleware.__call__.<locals>.call_next.<locals>.coro
2025-08-09T19:27:33.847237 [32m[INFO][0m api.middleware.logging_middleware:96 dispatch() - Response: GET / -> 200 in 0.001s | taskName=starlette.middleware.base.BaseHTTPMiddleware.__call__.<locals>.call_next.<locals>.coro
2025-08-09T19:27:33.847460 [32m[INFO][0m api.middleware.error_handler:53 dispatch() - GET / completed in 0.001s with status 200 | taskName=starlette.middleware.base.BaseHTTPMiddleware.__call__.<locals>.call_next.<locals>.coro
INFO:     127.0.0.1:64575 - "GET / HTTP/1.1" 200 OK
2025-08-09T19:27:33.962896 [32m[INFO][0m api.middleware.logging_middleware:77 dispatch() - Incoming request: GET / | taskName=starlette.middleware.base.BaseHTTPMiddleware.__call__.<locals>.call_next.<locals>.coro
2025-08-09T19:27:33.963989 [32m[INFO][0m api.middleware.logging_middleware:96 dispatch() - Response: GET / -> 200 in 0.001s | taskName=starlette.middleware.base.BaseHTTPMiddleware.__call__.<locals>.call_next.<locals>.coro
2025-08-09T19:27:33.964236 [32m[INFO][0m api.middleware.error_handler:53 dispatch() - GET / completed in 0.002s with status 200 | taskName=starlette.middleware.base.BaseHTTPMiddleware.__call__.<locals>.call_next.<locals>.coro
INFO:     127.0.0.1:64576 - "GET / HTTP/1.1" 200 OK
2025-08-09T19:27:34.079675 [32m[INFO][0m api.middleware.logging_middleware:77 dispatch() - Incoming request: GET / | taskName=starlette.middleware.base.BaseHTTPMiddleware.__call__.<locals>.call_next.<locals>.coro
2025-08-09T19:27:34.081263 [32m[INFO][0m api.middleware.logging_middleware:96 dispatch() - Response: GET / -> 200 in 0.002s | taskName=starlette.middleware.base.BaseHTTPMiddleware.__call__.<locals>.call_next.<locals>.coro
2025-08-09T19:27:34.081547 [32m[INFO][0m api.middleware.error_handler:53 dispatch() - GET / completed in 0.002s with status 200 | taskName=starlette.middleware.base.BaseHTTPMiddleware.__call__.<locals>.call_next.<locals>.coro
INFO:     127.0.0.1:64577 - "GET / HTTP/1.1" 200 OK
2025-08-09T19:27:34.190440 [32m[INFO][0m api.middleware.logging_middleware:77 dispatch() - Incoming request: GET /api/v1/performance/ | taskName=starlette.middleware.base.BaseHTTPMiddleware.__call__.<locals>.call_next.<locals>.coro
2025-08-09T19:27:34.191119 [32m[INFO][0m api.routes.performance:125 get_performance_overview() - Fetching performance overview | taskName=starlette.middleware.base.BaseHTTPMiddleware.__call__.<locals>.call_next.<locals>.coro
2025-08-09T19:27:34.263133 [32m[INFO][0m api.middleware.logging_middleware:96 dispatch() - Response: GET /api/v1/performance/ -> 200 in 0.073s | taskName=starlette.middleware.base.BaseHTTPMiddleware.__call__.<locals>.call_next.<locals>.coro
2025-08-09T19:27:34.263304 [32m[INFO][0m api.middleware.error_handler:53 dispatch() - GET /api/v1/performance/ completed in 0.073s with status 200 | taskName=starlette.middleware.base.BaseHTTPMiddleware.__call__.<locals>.call_next.<locals>.coro
INFO:     127.0.0.1:64578 - "GET /api/v1/performance/ HTTP/1.1" 200 OK
2025-08-09T19:27:34.370914 [32m[INFO][0m api.middleware.logging_middleware:77 dispatch() - Incoming request: GET /api/v1/performance/ | taskName=starlette.middleware.base.BaseHTTPMiddleware.__call__.<locals>.call_next.<locals>.coro
2025-08-09T19:27:34.371287 [32m[INFO][0m api.routes.performance:125 get_performance_overview() - Fetching performance overview | taskName=starlette.middleware.base.BaseHTTPMiddleware.__call__.<locals>.call_next.<locals>.coro
2025-08-09T19:27:34.371795 [32m[INFO][0m api.middleware.logging_middleware:96 dispatch() - Response: GET /api/v1/performance/ -> 200 in 0.001s | taskName=starlette.middleware.base.BaseHTTPMiddleware.__call__.<locals>.call_next.<locals>.coro
2025-08-09T19:27:34.371940 [32m[INFO][0m api.middleware.error_handler:53 dispatch() - GET /api/v1/performance/ completed in 0.001s with status 200 | taskName=starlette.middleware.base.BaseHTTPMiddleware.__call__.<locals>.call_next.<locals>.coro
INFO:     127.0.0.1:64579 - "GET /api/v1/performance/ HTTP/1.1" 200 OK
2025-08-09T19:27:34.478322 [32m[INFO][0m api.middleware.logging_middleware:77 dispatch() - Incoming request: GET /api/v1/performance/ | taskName=starlette.middleware.base.BaseHTTPMiddleware.__call__.<locals>.call_next.<locals>.coro
2025-08-09T19:27:34.478705 [32m[INFO][0m api.routes.performance:125 get_performance_overview() - Fetching performance overview | taskName=starlette.middleware.base.BaseHTTPMiddleware.__call__.<locals>.call_next.<locals>.coro
2025-08-09T19:27:34.479224 [32m[INFO][0m api.middleware.logging_middleware:96 dispatch() - Response: GET /api/v1/performance/ -> 200 in 0.001s | taskName=starlette.middleware.base.BaseHTTPMiddleware.__call__.<locals>.call_next.<locals>.coro
2025-08-09T19:27:34.479372 [32m[INFO][0m api.middleware.error_handler:53 dispatch() - GET /api/v1/performance/ completed in 0.001s with status 200 | taskName=starlette.middleware.base.BaseHTTPMiddleware.__call__.<locals>.call_next.<locals>.coro
INFO:     127.0.0.1:64580 - "GET /api/v1/performance/ HTTP/1.1" 200 OK
2025-08-09T19:27:34.584223 [32m[INFO][0m api.middleware.logging_middleware:77 dispatch() - Incoming request: GET /api/v1/performance/ | taskName=starlette.middleware.base.BaseHTTPMiddleware.__call__.<locals>.call_next.<locals>.coro
2025-08-09T19:27:34.584521 [32m[INFO][0m api.routes.performance:125 get_performance_overview() - Fetching performance overview | taskName=starlette.middleware.base.BaseHTTPMiddleware.__call__.<locals>.call_next.<locals>.coro
2025-08-09T19:27:34.584968 [32m[INFO][0m api.middleware.logging_middleware:96 dispatch() - Response: GET /api/v1/performance/ -> 200 in 0.001s | taskName=starlette.middleware.base.BaseHTTPMiddleware.__call__.<locals>.call_next.<locals>.coro
2025-08-09T19:27:34.585139 [32m[INFO][0m api.middleware.error_handler:53 dispatch() - GET /api/v1/performance/ completed in 0.001s with status 200 | taskName=starlette.middleware.base.BaseHTTPMiddleware.__call__.<locals>.call_next.<locals>.coro
INFO:     127.0.0.1:64581 - "GET /api/v1/performance/ HTTP/1.1" 200 OK
2025-08-09T19:27:34.693260 [32m[INFO][0m api.middleware.logging_middleware:77 dispatch() - Incoming request: GET /api/v1/performance/ | taskName=starlette.middleware.base.BaseHTTPMiddleware.__call__.<locals>.call_next.<locals>.coro
2025-08-09T19:27:34.693636 [32m[INFO][0m api.routes.performance:125 get_performance_overview() - Fetching performance overview | taskName=starlette.middleware.base.BaseHTTPMiddleware.__call__.<locals>.call_next.<locals>.coro
2025-08-09T19:27:34.694155 [32m[INFO][0m api.middleware.logging_middleware:96 dispatch() - Response: GET /api/v1/performance/ -> 200 in 0.001s | taskName=starlette.middleware.base.BaseHTTPMiddleware.__call__.<locals>.call_next.<locals>.coro
2025-08-09T19:27:34.694316 [32m[INFO][0m api.middleware.error_handler:53 dispatch() - GET /api/v1/performance/ completed in 0.001s with status 200 | taskName=starlette.middleware.base.BaseHTTPMiddleware.__call__.<locals>.call_next.<locals>.coro
INFO:     127.0.0.1:64582 - "GET /api/v1/performance/ HTTP/1.1" 200 OK
2025-08-09T19:27:34.806352 [32m[INFO][0m api.middleware.logging_middleware:77 dispatch() - Incoming request: GET /api/v1/performance/system | taskName=starlette.middleware.base.BaseHTTPMiddleware.__call__.<locals>.call_next.<locals>.coro
2025-08-09T19:27:34.807809 [32m[INFO][0m api.middleware.logging_middleware:96 dispatch() - Response: GET /api/v1/performance/system -> 200 in 0.001s | taskName=starlette.middleware.base.BaseHTTPMiddleware.__call__.<locals>.call_next.<locals>.coro
2025-08-09T19:27:34.808343 [32m[INFO][0m api.middleware.error_handler:53 dispatch() - GET /api/v1/performance/system completed in 0.002s with status 200 | taskName=starlette.middleware.base.BaseHTTPMiddleware.__call__.<locals>.call_next.<locals>.coro
INFO:     127.0.0.1:64583 - "GET /api/v1/performance/system HTTP/1.1" 200 OK
2025-08-09T19:27:34.919946 [32m[INFO][0m api.middleware.logging_middleware:77 dispatch() - Incoming request: GET /api/v1/performance/system | taskName=starlette.middleware.base.BaseHTTPMiddleware.__call__.<locals>.call_next.<locals>.coro
2025-08-09T19:27:34.921052 [32m[INFO][0m api.middleware.logging_middleware:96 dispatch() - Response: GET /api/v1/performance/system -> 200 in 0.001s | taskName=starlette.middleware.base.BaseHTTPMiddleware.__call__.<locals>.call_next.<locals>.coro
2025-08-09T19:27:34.921316 [32m[INFO][0m api.middleware.error_handler:53 dispatch() - GET /api/v1/performance/system completed in 0.001s with status 200 | taskName=starlette.middleware.base.BaseHTTPMiddleware.__call__.<locals>.call_next.<locals>.coro
INFO:     127.0.0.1:64584 - "GET /api/v1/performance/system HTTP/1.1" 200 OK
2025-08-09T19:27:35.032143 [32m[INFO][0m api.middleware.logging_middleware:77 dispatch() - Incoming request: GET /api/v1/performance/system | taskName=starlette.middleware.base.BaseHTTPMiddleware.__call__.<locals>.call_next.<locals>.coro
2025-08-09T19:27:35.033772 [32m[INFO][0m api.middleware.logging_middleware:96 dispatch() - Response: GET /api/v1/performance/system -> 200 in 0.002s | taskName=starlette.middleware.base.BaseHTTPMiddleware.__call__.<locals>.call_next.<locals>.coro
2025-08-09T19:27:35.033920 [32m[INFO][0m api.middleware.error_handler:53 dispatch() - GET /api/v1/performance/system completed in 0.002s with status 200 | taskName=starlette.middleware.base.BaseHTTPMiddleware.__call__.<locals>.call_next.<locals>.coro
INFO:     127.0.0.1:64585 - "GET /api/v1/performance/system HTTP/1.1" 200 OK
2025-08-09T19:27:35.146302 [32m[INFO][0m api.middleware.logging_middleware:77 dispatch() - Incoming request: GET /api/v1/performance/system | taskName=starlette.middleware.base.BaseHTTPMiddleware.__call__.<locals>.call_next.<locals>.coro
2025-08-09T19:27:35.147522 [32m[INFO][0m api.middleware.logging_middleware:96 dispatch() - Response: GET /api/v1/performance/system -> 200 in 0.001s | taskName=starlette.middleware.base.BaseHTTPMiddleware.__call__.<locals>.call_next.<locals>.coro
2025-08-09T19:27:35.147741 [32m[INFO][0m api.middleware.error_handler:53 dispatch() - GET /api/v1/performance/system completed in 0.002s with status 200 | taskName=starlette.middleware.base.BaseHTTPMiddleware.__call__.<locals>.call_next.<locals>.coro
INFO:     127.0.0.1:64586 - "GET /api/v1/performance/system HTTP/1.1" 200 OK
2025-08-09T19:27:35.258206 [32m[INFO][0m api.middleware.logging_middleware:77 dispatch() - Incoming request: GET /api/v1/performance/system | taskName=starlette.middleware.base.BaseHTTPMiddleware.__call__.<locals>.call_next.<locals>.coro
2025-08-09T19:27:35.259083 [32m[INFO][0m api.middleware.logging_middleware:96 dispatch() - Response: GET /api/v1/performance/system -> 200 in 0.001s | taskName=starlette.middleware.base.BaseHTTPMiddleware.__call__.<locals>.call_next.<locals>.coro
2025-08-09T19:27:35.259241 [32m[INFO][0m api.middleware.error_handler:53 dispatch() - GET /api/v1/performance/system completed in 0.001s with status 200 | taskName=starlette.middleware.base.BaseHTTPMiddleware.__call__.<locals>.call_next.<locals>.coro
INFO:     127.0.0.1:64587 - "GET /api/v1/performance/system HTTP/1.1" 200 OK
2025-08-09T19:27:35.372805 [32m[INFO][0m api.middleware.logging_middleware:77 dispatch() - Incoming request: GET / | taskName=starlette.middleware.base.BaseHTTPMiddleware.__call__.<locals>.call_next.<locals>.coro
2025-08-09T19:27:35.374361 [32m[INFO][0m api.middleware.logging_middleware:96 dispatch() - Response: GET / -> 200 in 0.002s | taskName=starlette.middleware.base.BaseHTTPMiddleware.__call__.<locals>.call_next.<locals>.coro
2025-08-09T19:27:35.374724 [32m[INFO][0m api.middleware.error_handler:53 dispatch() - GET / completed in 0.002s with status 200 | taskName=starlette.middleware.base.BaseHTTPMiddleware.__call__.<locals>.call_next.<locals>.coro
INFO:     127.0.0.1:64588 - "GET / HTTP/1.1" 200 OK
2025-08-09T19:27:35.380142 [32m[INFO][0m api.middleware.logging_middleware:77 dispatch() - Incoming request: GET / | taskName=starlette.middleware.base.BaseHTTPMiddleware.__call__.<locals>.call_next.<locals>.coro
2025-08-09T19:27:35.381125 [32m[INFO][0m api.middleware.logging_middleware:96 dispatch() - Response: GET / -> 200 in 0.001s | taskName=starlette.middleware.base.BaseHTTPMiddleware.__call__.<locals>.call_next.<locals>.coro
2025-08-09T19:27:35.381376 [32m[INFO][0m api.middleware.error_handler:53 dispatch() - GET / completed in 0.001s with status 200 | taskName=starlette.middleware.base.BaseHTTPMiddleware.__call__.<locals>.call_next.<locals>.coro
INFO:     127.0.0.1:64589 - "GET / HTTP/1.1" 200 OK
2025-08-09T19:27:35.387014 [32m[INFO][0m api.middleware.logging_middleware:77 dispatch() - Incoming request: POST /api/v1/auth/login | taskName=starlette.middleware.base.BaseHTTPMiddleware.__call__.<locals>.call_next.<locals>.coro
2025-08-09T19:27:35.397137 [33m[WARNING][0m api.routes.auth:87 login() - Login failed for user: test@test.com | taskName=starlette.middleware.base.BaseHTTPMiddleware.__call__.<locals>.call_next.<locals>.coro
2025-08-09T19:27:35.397544 [33m[WARNING][0m api.middleware.logging_middleware:96 dispatch() - Response: POST /api/v1/auth/login -> 401 in 0.011s | taskName=starlette.middleware.base.BaseHTTPMiddleware.__call__.<locals>.call_next.<locals>.coro
2025-08-09T19:27:35.397703 [32m[INFO][0m api.middleware.error_handler:53 dispatch() - POST /api/v1/auth/login completed in 0.011s with status 401 | taskName=starlette.middleware.base.BaseHTTPMiddleware.__call__.<locals>.call_next.<locals>.coro
2025-08-09T19:27:35.398106 [33m[WARNING][0m api.middleware.security_headers:271 _monitor_response_patterns() - Failed authentication attempt from 127.0.0.1 to /api/v1/auth/login | taskName=starlette.middleware.base.BaseHTTPMiddleware.__call__.<locals>.call_next.<locals>.coro
INFO:     127.0.0.1:64590 - "POST /api/v1/auth/login HTTP/1.1" 401 Unauthorized
2025-08-10T10:27:38.121464 [32m[INFO][0m infrastructure.monitoring.alerts:432 trigger_alert() - Triggering alert: System Resource Alert: MEMORY | taskName=Task-4
2025-08-10T10:27:38.131257 [31m[ERROR][0m alerts:116 send_alert() - ALERT [HIGH] System Resource Alert: MEMORY: MEMORY usage is 85.9%, exceeding threshold of 85.0% | Context: {"memory_used_mb": 6579.21875, "memory_available_mb": 2304.109375} | taskName=Task-4
2025-08-10T10:27:38.132614 [33m[WARNING][0m infrastructure.monitoring.alerts:511 _route_alert() - Channel not available: email | taskName=Task-4
2025-08-10T10:42:38.117974 [32m[INFO][0m infrastructure.monitoring.alerts:432 trigger_alert() - Triggering alert: ESCALATED: System Resource Alert: MEMORY | taskName=Task-67
2025-08-10T10:42:38.121327 [31m[ERROR][0m alerts:116 send_alert() - ALERT [HIGH] ESCALATED: System Resource Alert: MEMORY: Alert escalated (level 1): MEMORY usage is 85.9%, exceeding threshold of 85.0% | Context: {"memory_used_mb": 6579.21875, "memory_available_mb": 2304.109375} | taskName=Task-67
2025-08-10T10:42:38.121828 [33m[WARNING][0m infrastructure.monitoring.alerts:511 _route_alert() - Channel not available: email | taskName=Task-67
2025-08-10T10:57:38.122210 [32m[INFO][0m infrastructure.monitoring.alerts:432 trigger_alert() - Triggering alert: ESCALATED: ESCALATED: System Resource Alert: MEMORY | taskName=Task-68
2025-08-10T10:57:38.125416 [31m[ERROR][0m alerts:116 send_alert() - ALERT [HIGH] ESCALATED: ESCALATED: System Resource Alert: MEMORY: Alert escalated (level 2): Alert escalated (level 1): MEMORY usage is 85.9%, exceeding threshold of 85.0% | Context: {"memory_used_mb": 6579.21875, "memory_available_mb": 2304.109375} | taskName=Task-68
2025-08-10T10:57:38.126744 [33m[WARNING][0m infrastructure.monitoring.alerts:511 _route_alert() - Channel not available: email | taskName=Task-68
2025-08-10T11:12:38.154808 [32m[INFO][0m infrastructure.monitoring.alerts:432 trigger_alert() - Triggering alert: ESCALATED: ESCALATED: ESCALATED: System Resource Alert: MEMORY | taskName=Task-69
2025-08-10T11:12:38.157330 [31m[ERROR][0m alerts:116 send_alert() - ALERT [HIGH] ESCALATED: ESCALATED: ESCALATED: System Resource Alert: MEMORY: Alert escalated (level 3): Alert escalated (level 2): Alert escalated (level 1): MEMORY usage is 85.9%, exceeding threshold of 85.0% | Context: {"memory_used_mb": 6579.21875, "memory_available_mb": 2304.109375} | taskName=Task-69
2025-08-10T11:12:38.157892 [33m[WARNING][0m infrastructure.monitoring.alerts:511 _route_alert() - Channel not available: email | taskName=Task-69
2025-08-10T11:27:38.164654 [32m[INFO][0m infrastructure.monitoring.alerts:432 trigger_alert() - Triggering alert: ESCALATED: ESCALATED: ESCALATED: ESCALATED: System Resource Alert: MEMORY | taskName=Task-70
2025-08-10T11:27:38.166912 [31m[ERROR][0m alerts:116 send_alert() - ALERT [HIGH] ESCALATED: ESCALATED: ESCALATED: ESCALATED: System Resource Alert: MEMORY: Alert escalated (level 4): Alert escalated (level 3): Alert escalated (level 2): Alert escalated (level 1): MEMORY usage is 85.9%, exceeding threshold of 85.0% | Context: {"memory_used_mb": 6579.21875, "memory_available_mb": 2304.109375} | taskName=Task-70
2025-08-10T11:27:38.167803 [33m[WARNING][0m infrastructure.monitoring.alerts:511 _route_alert() - Channel not available: email | taskName=Task-70
2025-08-10T11:42:38.171016 [32m[INFO][0m infrastructure.monitoring.alerts:432 trigger_alert() - Triggering alert: ESCALATED: ESCALATED: ESCALATED: ESCALATED: ESCALATED: System Resource Alert: MEMORY | taskName=Task-71
2025-08-10T11:42:38.173804 [31m[ERROR][0m alerts:116 send_alert() - ALERT [HIGH] ESCALATED: ESCALATED: ESCALATED: ESCALATED: ESCALATED: System Resource Alert: MEMORY: Alert escalated (level 5): Alert escalated (level 4): Alert escalated (level 3): Alert escalated (level 2): Alert escalated (level 1): MEMORY usage is 85.9%, exceeding threshold of 85.0% | Context: {"memory_used_mb": 6579.21875, "memory_available_mb": 2304.109375} | taskName=Task-71
2025-08-10T11:42:38.175017 [33m[WARNING][0m infrastructure.monitoring.alerts:511 _route_alert() - Channel not available: email | taskName=Task-71
2025-08-10T11:57:38.179682 [32m[INFO][0m infrastructure.monitoring.alerts:432 trigger_alert() - Triggering alert: ESCALATED: ESCALATED: ESCALATED: ESCALATED: ESCALATED: ESCALATED: System Resource Alert: MEMORY | taskName=Task-72
2025-08-10T11:57:38.181901 [31m[ERROR][0m alerts:116 send_alert() - ALERT [HIGH] ESCALATED: ESCALATED: ESCALATED: ESCALATED: ESCALATED: ESCALATED: System Resource Alert: MEMORY: Alert escalated (level 6): Alert escalated (level 5): Alert escalated (level 4): Alert escalated (level 3): Alert escalated (level 2): Alert escalated (level 1): MEMORY usage is 85.9%, exceeding threshold of 85.0% | Context: {"memory_used_mb": 6579.21875, "memory_available_mb": 2304.109375} | taskName=Task-72
2025-08-10T11:57:38.182599 [33m[WARNING][0m infrastructure.monitoring.alerts:511 _route_alert() - Channel not available: email | taskName=Task-72
2025-08-10T12:12:38.188048 [32m[INFO][0m infrastructure.monitoring.alerts:432 trigger_alert() - Triggering alert: ESCALATED: ESCALATED: ESCALATED: ESCALATED: ESCALATED: ESCALATED: ESCALATED: System Resource Alert: MEMORY | taskName=Task-73
2025-08-10T12:12:38.192186 [31m[ERROR][0m alerts:116 send_alert() - ALERT [HIGH] ESCALATED: ESCALATED: ESCALATED: ESCALATED: ESCALATED: ESCALATED: ESCALATED: System Resource Alert: MEMORY: Alert escalated (level 7): Alert escalated (level 6): Alert escalated (level 5): Alert escalated (level 4): Alert escalated (level 3): Alert escalated (level 2): Alert escalated (level 1): MEMORY usage is 85.9%, exceeding threshold of 85.0% | Context: {"memory_used_mb": 6579.21875, "memory_available_mb": 2304.109375} | taskName=Task-73
2025-08-10T12:12:38.192904 [33m[WARNING][0m infrastructure.monitoring.alerts:511 _route_alert() - Channel not available: email | taskName=Task-73
2025-08-10T12:27:38.228116 [32m[INFO][0m infrastructure.monitoring.alerts:432 trigger_alert() - Triggering alert: ESCALATED: ESCALATED: ESCALATED: ESCALATED: ESCALATED: ESCALATED: ESCALATED: ESCALATED: System Resource Alert: MEMORY | taskName=Task-74
2025-08-10T12:27:38.231431 [31m[ERROR][0m alerts:116 send_alert() - ALERT [HIGH] ESCALATED: ESCALATED: ESCALATED: ESCALATED: ESCALATED: ESCALATED: ESCALATED: ESCALATED: System Resource Alert: MEMORY: Alert escalated (level 8): Alert escalated (level 7): Alert escalated (level 6): Alert escalated (level 5): Alert escalated (level 4): Alert escalated (level 3): Alert escalated (level 2): Alert escalated (level 1): MEMORY usage is 85.9%, exceeding threshold of 85.0% | Context: {"memory_used_mb": 6579.21875, "memory_available_mb": 2304.109375} | taskName=Task-74
2025-08-10T12:27:38.232074 [33m[WARNING][0m infrastructure.monitoring.alerts:511 _route_alert() - Channel not available: email | taskName=Task-74
2025-08-10T12:42:38.245962 [32m[INFO][0m infrastructure.monitoring.alerts:432 trigger_alert() - Triggering alert: ESCALATED: ESCALATED: ESCALATED: ESCALATED: ESCALATED: ESCALATED: ESCALATED: ESCALATED: ESCALATED: System Resource Alert: MEMORY | taskName=Task-75
2025-08-10T12:42:38.251139 [31m[ERROR][0m alerts:116 send_alert() - ALERT [HIGH] ESCALATED: ESCALATED: ESCALATED: ESCALATED: ESCALATED: ESCALATED: ESCALATED: ESCALATED: ESCALATED: System Resource Alert: MEMORY: Alert escalated (level 9): Alert escalated (level 8): Alert escalated (level 7): Alert escalated (level 6): Alert escalated (level 5): Alert escalated (level 4): Alert escalated (level 3): Alert escalated (level 2): Alert escalated (level 1): MEMORY usage is 85.9%, exceeding threshold of 85.0% | Context: {"memory_used_mb": 6579.21875, "memory_available_mb": 2304.109375} | taskName=Task-75
2025-08-10T12:42:38.252277 [33m[WARNING][0m infrastructure.monitoring.alerts:511 _route_alert() - Channel not available: email | taskName=Task-75
2025-08-10T12:57:38.232086 [32m[INFO][0m infrastructure.monitoring.alerts:432 trigger_alert() - Triggering alert: ESCALATED: ESCALATED: ESCALATED: ESCALATED: ESCALATED: ESCALATED: ESCALATED: ESCALATED: ESCALATED: ESCALATED: System Resource Alert: MEMORY | taskName=Task-76
2025-08-10T12:57:38.234984 [31m[ERROR][0m alerts:116 send_alert() - ALERT [HIGH] ESCALATED: ESCALATED: ESCALATED: ESCALATED: ESCALATED: ESCALATED: ESCALATED: ESCALATED: ESCALATED: ESCALATED: System Resource Alert: MEMORY: Alert escalated (level 10): Alert escalated (level 9): Alert escalated (level 8): Alert escalated (level 7): Alert escalated (level 6): Alert escalated (level 5): Alert escalated (level 4): Alert escalated (level 3): Alert escalated (level 2): Alert escalated (level 1): MEMORY usage is 85.9%, exceeding threshold of 85.0% | Context: {"memory_used_mb": 6579.21875, "memory_available_mb": 2304.109375} | taskName=Task-76
2025-08-10T12:57:38.235398 [33m[WARNING][0m infrastructure.monitoring.alerts:511 _route_alert() - Channel not available: email | taskName=Task-76
2025-08-10T13:12:38.238117 [32m[INFO][0m infrastructure.monitoring.alerts:432 trigger_alert() - Triggering alert: ESCALATED: ESCALATED: ESCALATED: ESCALATED: ESCALATED: ESCALATED: ESCALATED: ESCALATED: ESCALATED: ESCALATED: ESCALATED: System Resource Alert: MEMORY | taskName=Task-77
2025-08-10T13:12:38.241847 [31m[ERROR][0m alerts:116 send_alert() - ALERT [HIGH] ESCALATED: ESCALATED: ESCALATED: ESCALATED: ESCALATED: ESCALATED: ESCALATED: ESCALATED: ESCALATED: ESCALATED: ESCALATED: System Resource Alert: MEMORY: Alert escalated (level 11): Alert escalated (level 10): Alert escalated (level 9): Alert escalated (level 8): Alert escalated (level 7): Alert escalated (level 6): Alert escalated (level 5): Alert escalated (level 4): Alert escalated (level 3): Alert escalated (level 2): Alert escalated (level 1): MEMORY usage is 85.9%, exceeding threshold of 85.0% | Context: {"memory_used_mb": 6579.21875, "memory_available_mb": 2304.109375} | taskName=Task-77
2025-08-10T13:12:38.242500 [33m[WARNING][0m infrastructure.monitoring.alerts:511 _route_alert() - Channel not available: email | taskName=Task-77
2025-08-10T13:27:38.283822 [32m[INFO][0m infrastructure.monitoring.alerts:432 trigger_alert() - Triggering alert: ESCALATED: ESCALATED: ESCALATED: ESCALATED: ESCALATED: ESCALATED: ESCALATED: ESCALATED: ESCALATED: ESCALATED: ESCALATED: ESCALATED: System Resource Alert: MEMORY | taskName=Task-78
2025-08-10T13:27:38.287804 [31m[ERROR][0m alerts:116 send_alert() - ALERT [HIGH] ESCALATED: ESCALATED: ESCALATED: ESCALATED: ESCALATED: ESCALATED: ESCALATED: ESCALATED: ESCALATED: ESCALATED: ESCALATED: ESCALATED: System Resource Alert: MEMORY: Alert escalated (level 12): Alert escalated (level 11): Alert escalated (level 10): Alert escalated (level 9): Alert escalated (level 8): Alert escalated (level 7): Alert escalated (level 6): Alert escalated (level 5): Alert escalated (level 4): Alert escalated (level 3): Alert escalated (level 2): Alert escalated (level 1): MEMORY usage is 85.9%, exceeding threshold of 85.0% | Context: {"memory_used_mb": 6579.21875, "memory_available_mb": 2304.109375} | taskName=Task-78
2025-08-10T13:27:38.288372 [33m[WARNING][0m infrastructure.monitoring.alerts:511 _route_alert() - Channel not available: email | taskName=Task-78
2025-08-10T13:42:38.300153 [32m[INFO][0m infrastructure.monitoring.alerts:432 trigger_alert() - Triggering alert: ESCALATED: ESCALATED: ESCALATED: ESCALATED: ESCALATED: ESCALATED: ESCALATED: ESCALATED: ESCALATED: ESCALATED: ESCALATED: ESCALATED: ESCALATED: System Resource Alert: MEMORY | taskName=Task-79
2025-08-10T13:42:38.305056 [31m[ERROR][0m alerts:116 send_alert() - ALERT [HIGH] ESCALATED: ESCALATED: ESCALATED: ESCALATED: ESCALATED: ESCALATED: ESCALATED: ESCALATED: ESCALATED: ESCALATED: ESCALATED: ESCALATED: ESCALATED: System Resource Alert: MEMORY: Alert escalated (level 13): Alert escalated (level 12): Alert escalated (level 11): Alert escalated (level 10): Alert escalated (level 9): Alert escalated (level 8): Alert escalated (level 7): Alert escalated (level 6): Alert escalated (level 5): Alert escalated (level 4): Alert escalated (level 3): Alert escalated (level 2): Alert escalated (level 1): MEMORY usage is 85.9%, exceeding threshold of 85.0% | Context: {"memory_used_mb": 6579.21875, "memory_available_mb": 2304.109375} | taskName=Task-79
2025-08-10T13:42:38.305647 [33m[WARNING][0m infrastructure.monitoring.alerts:511 _route_alert() - Channel not available: email | taskName=Task-79
2025-08-10T13:57:38.321354 [32m[INFO][0m infrastructure.monitoring.alerts:432 trigger_alert() - Triggering alert: ESCALATED: ESCALATED: ESCALATED: ESCALATED: ESCALATED: ESCALATED: ESCALATED: ESCALATED: ESCALATED: ESCALATED: ESCALATED: ESCALATED: ESCALATED: ESCALATED: System Resource Alert: MEMORY | taskName=Task-80
2025-08-10T13:57:38.323914 [31m[ERROR][0m alerts:116 send_alert() - ALERT [HIGH] ESCALATED: ESCALATED: ESCALATED: ESCALATED: ESCALATED: ESCALATED: ESCALATED: ESCALATED: ESCALATED: ESCALATED: ESCALATED: ESCALATED: ESCALATED: ESCALATED: System Resource Alert: MEMORY: Alert escalated (level 14): Alert escalated (level 13): Alert escalated (level 12): Alert escalated (level 11): Alert escalated (level 10): Alert escalated (level 9): Alert escalated (level 8): Alert escalated (level 7): Alert escalated (level 6): Alert escalated (level 5): Alert escalated (level 4): Alert escalated (level 3): Alert escalated (level 2): Alert escalated (level 1): MEMORY usage is 85.9%, exceeding threshold of 85.0% | Context: {"memory_used_mb": 6579.21875, "memory_available_mb": 2304.109375} | taskName=Task-80
2025-08-10T13:57:38.324298 [33m[WARNING][0m infrastructure.monitoring.alerts:511 _route_alert() - Channel not available: email | taskName=Task-80
2025-08-10T14:12:38.332612 [32m[INFO][0m infrastructure.monitoring.alerts:432 trigger_alert() - Triggering alert: ESCALATED: ESCALATED: ESCALATED: ESCALATED: ESCALATED: ESCALATED: ESCALATED: ESCALATED: ESCALATED: ESCALATED: ESCALATED: ESCALATED: ESCALATED: ESCALATED: ESCALATED: System Resource Alert: MEMORY | taskName=Task-81
2025-08-10T14:12:38.337148 [31m[ERROR][0m alerts:116 send_alert() - ALERT [HIGH] ESCALATED: ESCALATED: ESCALATED: ESCALATED: ESCALATED: ESCALATED: ESCALATED: ESCALATED: ESCALATED: ESCALATED: ESCALATED: ESCALATED: ESCALATED: ESCALATED: ESCALATED: System Resource Alert: MEMORY: Alert escalated (level 15): Alert escalated (level 14): Alert escalated (level 13): Alert escalated (level 12): Alert escalated (level 11): Alert escalated (level 10): Alert escalated (level 9): Alert escalated (level 8): Alert escalated (level 7): Alert escalated (level 6): Alert escalated (level 5): Alert escalated (level 4): Alert escalated (level 3): Alert escalated (level 2): Alert escalated (level 1): MEMORY usage is 85.9%, exceeding threshold of 85.0% | Context: {"memory_used_mb": 6579.21875, "memory_available_mb": 2304.109375} | taskName=Task-81
2025-08-10T14:12:38.337857 [33m[WARNING][0m infrastructure.monitoring.alerts:511 _route_alert() - Channel not available: email | taskName=Task-81
2025-08-10T14:27:38.346789 [32m[INFO][0m infrastructure.monitoring.alerts:432 trigger_alert() - Triggering alert: ESCALATED: ESCALATED: ESCALATED: ESCALATED: ESCALATED: ESCALATED: ESCALATED: ESCALATED: ESCALATED: ESCALATED: ESCALATED: ESCALATED: ESCALATED: ESCALATED: ESCALATED: ESCALATED: System Resource Alert: MEMORY | taskName=Task-82
2025-08-10T14:27:38.350824 [31m[ERROR][0m alerts:116 send_alert() - ALERT [HIGH] ESCALATED: ESCALATED: ESCALATED: ESCALATED: ESCALATED: ESCALATED: ESCALATED: ESCALATED: ESCALATED: ESCALATED: ESCALATED: ESCALATED: ESCALATED: ESCALATED: ESCALATED: ESCALATED: System Resource Alert: MEMORY: Alert escalated (level 16): Alert escalated (level 15): Alert escalated (level 14): Alert escalated (level 13): Alert escalated (level 12): Alert escalated (level 11): Alert escalated (level 10): Alert escalated (level 9): Alert escalated (level 8): Alert escalated (level 7): Alert escalated (level 6): Alert escalated (level 5): Alert escalated (level 4): Alert escalated (level 3): Alert escalated (level 2): Alert escalated (level 1): MEMORY usage is 85.9%, exceeding threshold of 85.0% | Context: {"memory_used_mb": 6579.21875, "memory_available_mb": 2304.109375} | taskName=Task-82
2025-08-10T14:27:38.351304 [33m[WARNING][0m infrastructure.monitoring.alerts:511 _route_alert() - Channel not available: email | taskName=Task-82
2025-08-10T14:42:38.335428 [32m[INFO][0m infrastructure.monitoring.alerts:432 trigger_alert() - Triggering alert: ESCALATED: ESCALATED: ESCALATED: ESCALATED: ESCALATED: ESCALATED: ESCALATED: ESCALATED: ESCALATED: ESCALATED: ESCALATED: ESCALATED: ESCALATED: ESCALATED: ESCALATED: ESCALATED: ESCALATED: System Resource Alert: MEMORY | taskName=Task-83
2025-08-10T14:42:38.339360 [31m[ERROR][0m alerts:116 send_alert() - ALERT [HIGH] ESCALATED: ESCALATED: ESCALATED: ESCALATED: ESCALATED: ESCALATED: ESCALATED: ESCALATED: ESCALATED: ESCALATED: ESCALATED: ESCALATED: ESCALATED: ESCALATED: ESCALATED: ESCALATED: ESCALATED: System Resource Alert: MEMORY: Alert escalated (level 17): Alert escalated (level 16): Alert escalated (level 15): Alert escalated (level 14): Alert escalated (level 13): Alert escalated (level 12): Alert escalated (level 11): Alert escalated (level 10): Alert escalated (level 9): Alert escalated (level 8): Alert escalated (level 7): Alert escalated (level 6): Alert escalated (level 5): Alert escalated (level 4): Alert escalated (level 3): Alert escalated (level 2): Alert escalated (level 1): MEMORY usage is 85.9%, exceeding threshold of 85.0% | Context: {"memory_used_mb": 6579.21875, "memory_available_mb": 2304.109375} | taskName=Task-83
2025-08-10T14:42:38.340062 [33m[WARNING][0m infrastructure.monitoring.alerts:511 _route_alert() - Channel not available: email | taskName=Task-83
2025-08-10T14:57:38.341137 [32m[INFO][0m infrastructure.monitoring.alerts:432 trigger_alert() - Triggering alert: ESCALATED: ESCALATED: ESCALATED: ESCALATED: ESCALATED: ESCALATED: ESCALATED: ESCALATED: ESCALATED: ESCALATED: ESCALATED: ESCALATED: ESCALATED: ESCALATED: ESCALATED: ESCALATED: ESCALATED: ESCALATED: System Resource Alert: MEMORY | taskName=Task-84
2025-08-10T14:57:38.342374 [31m[ERROR][0m alerts:116 send_alert() - ALERT [HIGH] ESCALATED: ESCALATED: ESCALATED: ESCALATED: ESCALATED: ESCALATED: ESCALATED: ESCALATED: ESCALATED: ESCALATED: ESCALATED: ESCALATED: ESCALATED: ESCALATED: ESCALATED: ESCALATED: ESCALATED: ESCALATED: System Resource Alert: MEMORY: Alert escalated (level 18): Alert escalated (level 17): Alert escalated (level 16): Alert escalated (level 15): Alert escalated (level 14): Alert escalated (level 13): Alert escalated (level 12): Alert escalated (level 11): Alert escalated (level 10): Alert escalated (level 9): Alert escalated (level 8): Alert escalated (level 7): Alert escalated (level 6): Alert escalated (level 5): Alert escalated (level 4): Alert escalated (level 3): Alert escalated (level 2): Alert escalated (level 1): MEMORY usage is 85.9%, exceeding threshold of 85.0% | Context: {"memory_used_mb": 6579.21875, "memory_available_mb": 2304.109375} | taskName=Task-84
2025-08-10T14:57:38.343132 [33m[WARNING][0m infrastructure.monitoring.alerts:511 _route_alert() - Channel not available: email | taskName=Task-84
2025-08-10T15:12:38.357912 [32m[INFO][0m infrastructure.monitoring.alerts:432 trigger_alert() - Triggering alert: ESCALATED: ESCALATED: ESCALATED: ESCALATED: ESCALATED: ESCALATED: ESCALATED: ESCALATED: ESCALATED: ESCALATED: ESCALATED: ESCALATED: ESCALATED: ESCALATED: ESCALATED: ESCALATED: ESCALATED: ESCALATED: ESCALATED: System Resource Alert: MEMORY | taskName=Task-85
2025-08-10T15:12:38.361836 [31m[ERROR][0m alerts:116 send_alert() - ALERT [HIGH] ESCALATED: ESCALATED: ESCALATED: ESCALATED: ESCALATED: ESCALATED: ESCALATED: ESCALATED: ESCALATED: ESCALATED: ESCALATED: ESCALATED: ESCALATED: ESCALATED: ESCALATED: ESCALATED: ESCALATED: ESCALATED: ESCALATED: System Resource Alert: MEMORY: Alert escalated (level 19): Alert escalated (level 18): Alert escalated (level 17): Alert escalated (level 16): Alert escalated (level 15): Alert escalated (level 14): Alert escalated (level 13): Alert escalated (level 12): Alert escalated (level 11): Alert escalated (level 10): Alert escalated (level 9): Alert escalated (level 8): Alert escalated (level 7): Alert escalated (level 6): Alert escalated (level 5): Alert escalated (level 4): Alert escalated (level 3): Alert escalated (level 2): Alert escalated (level 1): MEMORY usage is 85.9%, exceeding threshold of 85.0% | Context: {"memory_used_mb": 6579.21875, "memory_available_mb": 2304.109375} | taskName=Task-85
2025-08-10T15:12:38.362817 [33m[WARNING][0m infrastructure.monitoring.alerts:511 _route_alert() - Channel not available: email | taskName=Task-85
2025-08-10T15:27:38.368085 [32m[INFO][0m infrastructure.monitoring.alerts:432 trigger_alert() - Triggering alert: ESCALATED: ESCALATED: ESCALATED: ESCALATED: ESCALATED: ESCALATED: ESCALATED: ESCALATED: ESCALATED: ESCALATED: ESCALATED: ESCALATED: ESCALATED: ESCALATED: ESCALATED: ESCALATED: ESCALATED: ESCALATED: ESCALATED: ESCALATED: System Resource Alert: MEMORY | taskName=Task-86
2025-08-10T15:27:38.372692 [31m[ERROR][0m alerts:116 send_alert() - ALERT [HIGH] ESCALATED: ESCALATED: ESCALATED: ESCALATED: ESCALATED: ESCALATED: ESCALATED: ESCALATED: ESCALATED: ESCALATED: ESCALATED: ESCALATED: ESCALATED: ESCALATED: ESCALATED: ESCALATED: ESCALATED: ESCALATED: ESCALATED: ESCALATED: System Resource Alert: MEMORY: Alert escalated (level 20): Alert escalated (level 19): Alert escalated (level 18): Alert escalated (level 17): Alert escalated (level 16): Alert escalated (level 15): Alert escalated (level 14): Alert escalated (level 13): Alert escalated (level 12): Alert escalated (level 11): Alert escalated (level 10): Alert escalated (level 9): Alert escalated (level 8): Alert escalated (level 7): Alert escalated (level 6): Alert escalated (level 5): Alert escalated (level 4): Alert escalated (level 3): Alert escalated (level 2): Alert escalated (level 1): MEMORY usage is 85.9%, exceeding threshold of 85.0% | Context: {"memory_used_mb": 6579.21875, "memory_available_mb": 2304.109375} | taskName=Task-86
2025-08-10T15:27:38.373602 [33m[WARNING][0m infrastructure.monitoring.alerts:511 _route_alert() - Channel not available: email | taskName=Task-86
2025-08-10T15:42:38.346894 [32m[INFO][0m infrastructure.monitoring.alerts:432 trigger_alert() - Triggering alert: ESCALATED: ESCALATED: ESCALATED: ESCALATED: ESCALATED: ESCALATED: ESCALATED: ESCALATED: ESCALATED: ESCALATED: ESCALATED: ESCALATED: ESCALATED: ESCALATED: ESCALATED: ESCALATED: ESCALATED: ESCALATED: ESCALATED: ESCALATED: ESCALATED: System Resource Alert: MEMORY | taskName=Task-87
2025-08-10T15:42:38.350526 [31m[ERROR][0m alerts:116 send_alert() - ALERT [HIGH] ESCALATED: ESCALATED: ESCALATED: ESCALATED: ESCALATED: ESCALATED: ESCALATED: ESCALATED: ESCALATED: ESCALATED: ESCALATED: ESCALATED: ESCALATED: ESCALATED: ESCALATED: ESCALATED: ESCALATED: ESCALATED: ESCALATED: ESCALATED: ESCALATED: System Resource Alert: MEMORY: Alert escalated (level 21): Alert escalated (level 20): Alert escalated (level 19): Alert escalated (level 18): Alert escalated (level 17): Alert escalated (level 16): Alert escalated (level 15): Alert escalated (level 14): Alert escalated (level 13): Alert escalated (level 12): Alert escalated (level 11): Alert escalated (level 10): Alert escalated (level 9): Alert escalated (level 8): Alert escalated (level 7): Alert escalated (level 6): Alert escalated (level 5): Alert escalated (level 4): Alert escalated (level 3): Alert escalated (level 2): Alert escalated (level 1): MEMORY usage is 85.9%, exceeding threshold of 85.0% | Context: {"memory_used_mb": 6579.21875, "memory_available_mb": 2304.109375} | taskName=Task-87
2025-08-10T15:42:38.351661 [33m[WARNING][0m infrastructure.monitoring.alerts:511 _route_alert() - Channel not available: email | taskName=Task-87
2025-08-10T15:57:38.348587 [32m[INFO][0m infrastructure.monitoring.alerts:432 trigger_alert() - Triggering alert: ESCALATED: ESCALATED: ESCALATED: ESCALATED: ESCALATED: ESCALATED: ESCALATED: ESCALATED: ESCALATED: ESCALATED: ESCALATED: ESCALATED: ESCALATED: ESCALATED: ESCALATED: ESCALATED: ESCALATED: ESCALATED: ESCALATED: ESCALATED: ESCALATED: ESCALATED: System Resource Alert: MEMORY | taskName=Task-88
2025-08-10T15:57:38.351754 [31m[ERROR][0m alerts:116 send_alert() - ALERT [HIGH] ESCALATED: ESCALATED: ESCALATED: ESCALATED: ESCALATED: ESCALATED: ESCALATED: ESCALATED: ESCALATED: ESCALATED: ESCALATED: ESCALATED: ESCALATED: ESCALATED: ESCALATED: ESCALATED: ESCALATED: ESCALATED: ESCALATED: ESCALATED: ESCALATED: ESCALATED: System Resource Alert: MEMORY: Alert escalated (level 22): Alert escalated (level 21): Alert escalated (level 20): Alert escalated (level 19): Alert escalated (level 18): Alert escalated (level 17): Alert escalated (level 16): Alert escalated (level 15): Alert escalated (level 14): Alert escalated (level 13): Alert escalated (level 12): Alert escalated (level 11): Alert escalated (level 10): Alert escalated (level 9): Alert escalated (level 8): Alert escalated (level 7): Alert escalated (level 6): Alert escalated (level 5): Alert escalated (level 4): Alert escalated (level 3): Alert escalated (level 2): Alert escalated (level 1): MEMORY usage is 85.9%, exceeding threshold of 85.0% | Context: {"memory_used_mb": 6579.21875, "memory_available_mb": 2304.109375} | taskName=Task-88
2025-08-10T15:57:38.352611 [33m[WARNING][0m infrastructure.monitoring.alerts:511 _route_alert() - Channel not available: email | taskName=Task-88
2025-08-10T16:12:38.362970 [32m[INFO][0m infrastructure.monitoring.alerts:432 trigger_alert() - Triggering alert: ESCALATED: ESCALATED: ESCALATED: ESCALATED: ESCALATED: ESCALATED: ESCALATED: ESCALATED: ESCALATED: ESCALATED: ESCALATED: ESCALATED: ESCALATED: ESCALATED: ESCALATED: ESCALATED: ESCALATED: ESCALATED: ESCALATED: ESCALATED: ESCALATED: ESCALATED: ESCALATED: System Resource Alert: MEMORY | taskName=Task-89
2025-08-10T16:12:38.365794 [31m[ERROR][0m alerts:116 send_alert() - ALERT [HIGH] ESCALATED: ESCALATED: ESCALATED: ESCALATED: ESCALATED: ESCALATED: ESCALATED: ESCALATED: ESCALATED: ESCALATED: ESCALATED: ESCALATED: ESCALATED: ESCALATED: ESCALATED: ESCALATED: ESCALATED: ESCALATED: ESCALATED: ESCALATED: ESCALATED: ESCALATED: ESCALATED: System Resource Alert: MEMORY: Alert escalated (level 23): Alert escalated (level 22): Alert escalated (level 21): Alert escalated (level 20): Alert escalated (level 19): Alert escalated (level 18): Alert escalated (level 17): Alert escalated (level 16): Alert escalated (level 15): Alert escalated (level 14): Alert escalated (level 13): Alert escalated (level 12): Alert escalated (level 11): Alert escalated (level 10): Alert escalated (level 9): Alert escalated (level 8): Alert escalated (level 7): Alert escalated (level 6): Alert escalated (level 5): Alert escalated (level 4): Alert escalated (level 3): Alert escalated (level 2): Alert escalated (level 1): MEMORY usage is 85.9%, exceeding threshold of 85.0% | Context: {"memory_used_mb": 6579.21875, "memory_available_mb": 2304.109375} | taskName=Task-89
2025-08-10T16:12:38.366627 [33m[WARNING][0m infrastructure.monitoring.alerts:511 _route_alert() - Channel not available: email | taskName=Task-89
2025-08-10T16:27:38.369435 [32m[INFO][0m infrastructure.monitoring.alerts:432 trigger_alert() - Triggering alert: ESCALATED: ESCALATED: ESCALATED: ESCALATED: ESCALATED: ESCALATED: ESCALATED: ESCALATED: ESCALATED: ESCALATED: ESCALATED: ESCALATED: ESCALATED: ESCALATED: ESCALATED: ESCALATED: ESCALATED: ESCALATED: ESCALATED: ESCALATED: ESCALATED: ESCALATED: ESCALATED: ESCALATED: System Resource Alert: MEMORY | taskName=Task-90
2025-08-10T16:27:38.373602 [31m[ERROR][0m alerts:116 send_alert() - ALERT [HIGH] ESCALATED: ESCALATED: ESCALATED: ESCALATED: ESCALATED: ESCALATED: ESCALATED: ESCALATED: ESCALATED: ESCALATED: ESCALATED: ESCALATED: ESCALATED: ESCALATED: ESCALATED: ESCALATED: ESCALATED: ESCALATED: ESCALATED: ESCALATED: ESCALATED: ESCALATED: ESCALATED: ESCALATED: System Resource Alert: MEMORY: Alert escalated (level 24): Alert escalated (level 23): Alert escalated (level 22): Alert escalated (level 21): Alert escalated (level 20): Alert escalated (level 19): Alert escalated (level 18): Alert escalated (level 17): Alert escalated (level 16): Alert escalated (level 15): Alert escalated (level 14): Alert escalated (level 13): Alert escalated (level 12): Alert escalated (level 11): Alert escalated (level 10): Alert escalated (level 9): Alert escalated (level 8): Alert escalated (level 7): Alert escalated (level 6): Alert escalated (level 5): Alert escalated (level 4): Alert escalated (level 3): Alert escalated (level 2): Alert escalated (level 1): MEMORY usage is 85.9%, exceeding threshold of 85.0% | Context: {"memory_used_mb": 6579.21875, "memory_available_mb": 2304.109375} | taskName=Task-90
2025-08-10T16:27:38.374553 [33m[WARNING][0m infrastructure.monitoring.alerts:511 _route_alert() - Channel not available: email | taskName=Task-90
2025-08-10T16:42:38.382074 [32m[INFO][0m infrastructure.monitoring.alerts:432 trigger_alert() - Triggering alert: ESCALATED: ESCALATED: ESCALATED: ESCALATED: ESCALATED: ESCALATED: ESCALATED: ESCALATED: ESCALATED: ESCALATED: ESCALATED: ESCALATED: ESCALATED: ESCALATED: ESCALATED: ESCALATED: ESCALATED: ESCALATED: ESCALATED: ESCALATED: ESCALATED: ESCALATED: ESCALATED: ESCALATED: ESCALATED: System Resource Alert: MEMORY | taskName=Task-91
2025-08-10T16:42:38.385430 [31m[ERROR][0m alerts:116 send_alert() - ALERT [HIGH] ESCALATED: ESCALATED: ESCALATED: ESCALATED: ESCALATED: ESCALATED: ESCALATED: ESCALATED: ESCALATED: ESCALATED: ESCALATED: ESCALATED: ESCALATED: ESCALATED: ESCALATED: ESCALATED: ESCALATED: ESCALATED: ESCALATED: ESCALATED: ESCALATED: ESCALATED: ESCALATED: ESCALATED: ESCALATED: System Resource Alert: MEMORY: Alert escalated (level 25): Alert escalated (level 24): Alert escalated (level 23): Alert escalated (level 22): Alert escalated (level 21): Alert escalated (level 20): Alert escalated (level 19): Alert escalated (level 18): Alert escalated (level 17): Alert escalated (level 16): Alert escalated (level 15): Alert escalated (level 14): Alert escalated (level 13): Alert escalated (level 12): Alert escalated (level 11): Alert escalated (level 10): Alert escalated (level 9): Alert escalated (level 8): Alert escalated (level 7): Alert escalated (level 6): Alert escalated (level 5): Alert escalated (level 4): Alert escalated (level 3): Alert escalated (level 2): Alert escalated (level 1): MEMORY usage is 85.9%, exceeding threshold of 85.0% | Context: {"memory_used_mb": 6579.21875, "memory_available_mb": 2304.109375} | taskName=Task-91
2025-08-10T16:42:38.385896 [33m[WARNING][0m infrastructure.monitoring.alerts:511 _route_alert() - Channel not available: email | taskName=Task-91
2025-08-10T16:57:38.387651 [32m[INFO][0m infrastructure.monitoring.alerts:432 trigger_alert() - Triggering alert: ESCALATED: ESCALATED: ESCALATED: ESCALATED: ESCALATED: ESCALATED: ESCALATED: ESCALATED: ESCALATED: ESCALATED: ESCALATED: ESCALATED: ESCALATED: ESCALATED: ESCALATED: ESCALATED: ESCALATED: ESCALATED: ESCALATED: ESCALATED: ESCALATED: ESCALATED: ESCALATED: ESCALATED: ESCALATED: ESCALATED: System Resource Alert: MEMORY | taskName=Task-92
2025-08-10T16:57:38.389720 [31m[ERROR][0m alerts:116 send_alert() - ALERT [HIGH] ESCALATED: ESCALATED: ESCALATED: ESCALATED: ESCALATED: ESCALATED: ESCALATED: ESCALATED: ESCALATED: ESCALATED: ESCALATED: ESCALATED: ESCALATED: ESCALATED: ESCALATED: ESCALATED: ESCALATED: ESCALATED: ESCALATED: ESCALATED: ESCALATED: ESCALATED: ESCALATED: ESCALATED: ESCALATED: ESCALATED: System Resource Alert: MEMORY: Alert escalated (level 26): Alert escalated (level 25): Alert escalated (level 24): Alert escalated (level 23): Alert escalated (level 22): Alert escalated (level 21): Alert escalated (level 20): Alert escalated (level 19): Alert escalated (level 18): Alert escalated (level 17): Alert escalated (level 16): Alert escalated (level 15): Alert escalated (level 14): Alert escalated (level 13): Alert escalated (level 12): Alert escalated (level 11): Alert escalated (level 10): Alert escalated (level 9): Alert escalated (level 8): Alert escalated (level 7): Alert escalated (level 6): Alert escalated (level 5): Alert escalated (level 4): Alert escalated (level 3): Alert escalated (level 2): Alert escalated (level 1): MEMORY usage is 85.9%, exceeding threshold of 85.0% | Context: {"memory_used_mb": 6579.21875, "memory_available_mb": 2304.109375} | taskName=Task-92
2025-08-10T16:57:38.389938 [33m[WARNING][0m infrastructure.monitoring.alerts:511 _route_alert() - Channel not available: email | taskName=Task-92
2025-08-10T17:12:38.401307 [32m[INFO][0m infrastructure.monitoring.alerts:432 trigger_alert() - Triggering alert: ESCALATED: ESCALATED: ESCALATED: ESCALATED: ESCALATED: ESCALATED: ESCALATED: ESCALATED: ESCALATED: ESCALATED: ESCALATED: ESCALATED: ESCALATED: ESCALATED: ESCALATED: ESCALATED: ESCALATED: ESCALATED: ESCALATED: ESCALATED: ESCALATED: ESCALATED: ESCALATED: ESCALATED: ESCALATED: ESCALATED: ESCALATED: System Resource Alert: MEMORY | taskName=Task-93
2025-08-10T17:12:38.405119 [31m[ERROR][0m alerts:116 send_alert() - ALERT [HIGH] ESCALATED: ESCALATED: ESCALATED: ESCALATED: ESCALATED: ESCALATED: ESCALATED: ESCALATED: ESCALATED: ESCALATED: ESCALATED: ESCALATED: ESCALATED: ESCALATED: ESCALATED: ESCALATED: ESCALATED: ESCALATED: ESCALATED: ESCALATED: ESCALATED: ESCALATED: ESCALATED: ESCALATED: ESCALATED: ESCALATED: ESCALATED: System Resource Alert: MEMORY: Alert escalated (level 27): Alert escalated (level 26): Alert escalated (level 25): Alert escalated (level 24): Alert escalated (level 23): Alert escalated (level 22): Alert escalated (level 21): Alert escalated (level 20): Alert escalated (level 19): Alert escalated (level 18): Alert escalated (level 17): Alert escalated (level 16): Alert escalated (level 15): Alert escalated (level 14): Alert escalated (level 13): Alert escalated (level 12): Alert escalated (level 11): Alert escalated (level 10): Alert escalated (level 9): Alert escalated (level 8): Alert escalated (level 7): Alert escalated (level 6): Alert escalated (level 5): Alert escalated (level 4): Alert escalated (level 3): Alert escalated (level 2): Alert escalated (level 1): MEMORY usage is 85.9%, exceeding threshold of 85.0% | Context: {"memory_used_mb": 6579.21875, "memory_available_mb": 2304.109375} | taskName=Task-93
2025-08-10T17:12:38.405892 [33m[WARNING][0m infrastructure.monitoring.alerts:511 _route_alert() - Channel not available: email | taskName=Task-93
2025-08-10T17:27:38.411392 [32m[INFO][0m infrastructure.monitoring.alerts:432 trigger_alert() - Triggering alert: ESCALATED: ESCALATED: ESCALATED: ESCALATED: ESCALATED: ESCALATED: ESCALATED: ESCALATED: ESCALATED: ESCALATED: ESCALATED: ESCALATED: ESCALATED: ESCALATED: ESCALATED: ESCALATED: ESCALATED: ESCALATED: ESCALATED: ESCALATED: ESCALATED: ESCALATED: ESCALATED: ESCALATED: ESCALATED: ESCALATED: ESCALATED: ESCALATED: System Resource Alert: MEMORY | taskName=Task-94
2025-08-10T17:27:38.413916 [31m[ERROR][0m alerts:116 send_alert() - ALERT [HIGH] ESCALATED: ESCALATED: ESCALATED: ESCALATED: ESCALATED: ESCALATED: ESCALATED: ESCALATED: ESCALATED: ESCALATED: ESCALATED: ESCALATED: ESCALATED: ESCALATED: ESCALATED: ESCALATED: ESCALATED: ESCALATED: ESCALATED: ESCALATED: ESCALATED: ESCALATED: ESCALATED: ESCALATED: ESCALATED: ESCALATED: ESCALATED: ESCALATED: System Resource Alert: MEMORY: Alert escalated (level 28): Alert escalated (level 27): Alert escalated (level 26): Alert escalated (level 25): Alert escalated (level 24): Alert escalated (level 23): Alert escalated (level 22): Alert escalated (level 21): Alert escalated (level 20): Alert escalated (level 19): Alert escalated (level 18): Alert escalated (level 17): Alert escalated (level 16): Alert escalated (level 15): Alert escalated (level 14): Alert escalated (level 13): Alert escalated (level 12): Alert escalated (level 11): Alert escalated (level 10): Alert escalated (level 9): Alert escalated (level 8): Alert escalated (level 7): Alert escalated (level 6): Alert escalated (level 5): Alert escalated (level 4): Alert escalated (level 3): Alert escalated (level 2): Alert escalated (level 1): MEMORY usage is 85.9%, exceeding threshold of 85.0% | Context: {"memory_used_mb": 6579.21875, "memory_available_mb": 2304.109375} | taskName=Task-94
2025-08-10T17:27:38.414171 [33m[WARNING][0m infrastructure.monitoring.alerts:511 _route_alert() - Channel not available: email | taskName=Task-94
2025-08-10T17:42:38.420095 [32m[INFO][0m infrastructure.monitoring.alerts:432 trigger_alert() - Triggering alert: ESCALATED: ESCALATED: ESCALATED: ESCALATED: ESCALATED: ESCALATED: ESCALATED: ESCALATED: ESCALATED: ESCALATED: ESCALATED: ESCALATED: ESCALATED: ESCALATED: ESCALATED: ESCALATED: ESCALATED: ESCALATED: ESCALATED: ESCALATED: ESCALATED: ESCALATED: ESCALATED: ESCALATED: ESCALATED: ESCALATED: ESCALATED: ESCALATED: ESCALATED: System Resource Alert: MEMORY | taskName=Task-95
2025-08-10T17:42:38.423384 [31m[ERROR][0m alerts:116 send_alert() - ALERT [HIGH] ESCALATED: ESCALATED: ESCALATED: ESCALATED: ESCALATED: ESCALATED: ESCALATED: ESCALATED: ESCALATED: ESCALATED: ESCALATED: ESCALATED: ESCALATED: ESCALATED: ESCALATED: ESCALATED: ESCALATED: ESCALATED: ESCALATED: ESCALATED: ESCALATED: ESCALATED: ESCALATED: ESCALATED: ESCALATED: ESCALATED: ESCALATED: ESCALATED: ESCALATED: System Resource Alert: MEMORY: Alert escalated (level 29): Alert escalated (level 28): Alert escalated (level 27): Alert escalated (level 26): Alert escalated (level 25): Alert escalated (level 24): Alert escalated (level 23): Alert escalated (level 22): Alert escalated (level 21): Alert escalated (level 20): Alert escalated (level 19): Alert escalated (level 18): Alert escalated (level 17): Alert escalated (level 16): Alert escalated (level 15): Alert escalated (level 14): Alert escalated (level 13): Alert escalated (level 12): Alert escalated (level 11): Alert escalated (level 10): Alert escalated (level 9): Alert escalated (level 8): Alert escalated (level 7): Alert escalated (level 6): Alert escalated (level 5): Alert escalated (level 4): Alert escalated (level 3): Alert escalated (level 2): Alert escalated (level 1): MEMORY usage is 85.9%, exceeding threshold of 85.0% | Context: {"memory_used_mb": 6579.21875, "memory_available_mb": 2304.109375} | taskName=Task-95
2025-08-10T17:42:38.424305 [33m[WARNING][0m infrastructure.monitoring.alerts:511 _route_alert() - Channel not available: email | taskName=Task-95
2025-08-10T17:43:24.153136 [32m[INFO][0m infrastructure.monitoring.alerts:432 trigger_alert() - Triggering alert: System Resource Alert: MEMORY | taskName=Task-4
2025-08-10T17:43:24.154668 [32m[INFO][0m infrastructure.monitoring.alerts:436 trigger_alert() - Alert suppressed: system_resource_exhaustion_1754873004 | taskName=Task-4
2025-08-10T17:44:26.175282 [32m[INFO][0m infrastructure.monitoring.alerts:432 trigger_alert() - Triggering alert: System Resource Alert: MEMORY | taskName=Task-4
2025-08-10T17:44:26.176440 [32m[INFO][0m infrastructure.monitoring.alerts:436 trigger_alert() - Alert suppressed: system_resource_exhaustion_1754873066 | taskName=Task-4
2025-08-10T17:57:38.426849 [32m[INFO][0m infrastructure.monitoring.alerts:432 trigger_alert() - Triggering alert: ESCALATED: ESCALATED: ESCALATED: ESCALATED: ESCALATED: ESCALATED: ESCALATED: ESCALATED: ESCALATED: ESCALATED: ESCALATED: ESCALATED: ESCALATED: ESCALATED: ESCALATED: ESCALATED: ESCALATED: ESCALATED: ESCALATED: ESCALATED: ESCALATED: ESCALATED: ESCALATED: ESCALATED: ESCALATED: ESCALATED: ESCALATED: ESCALATED: ESCALATED: ESCALATED: System Resource Alert: MEMORY | taskName=Task-96
2025-08-10T17:57:38.428883 [31m[ERROR][0m alerts:116 send_alert() - ALERT [HIGH] ESCALATED: ESCALATED: ESCALATED: ESCALATED: ESCALATED: ESCALATED: ESCALATED: ESCALATED: ESCALATED: ESCALATED: ESCALATED: ESCALATED: ESCALATED: ESCALATED: ESCALATED: ESCALATED: ESCALATED: ESCALATED: ESCALATED: ESCALATED: ESCALATED: ESCALATED: ESCALATED: ESCALATED: ESCALATED: ESCALATED: ESCALATED: ESCALATED: ESCALATED: ESCALATED: System Resource Alert: MEMORY: Alert escalated (level 30): Alert escalated (level 29): Alert escalated (level 28): Alert escalated (level 27): Alert escalated (level 26): Alert escalated (level 25): Alert escalated (level 24): Alert escalated (level 23): Alert escalated (level 22): Alert escalated (level 21): Alert escalated (level 20): Alert escalated (level 19): Alert escalated (level 18): Alert escalated (level 17): Alert escalated (level 16): Alert escalated (level 15): Alert escalated (level 14): Alert escalated (level 13): Alert escalated (level 12): Alert escalated (level 11): Alert escalated (level 10): Alert escalated (level 9): Alert escalated (level 8): Alert escalated (level 7): Alert escalated (level 6): Alert escalated (level 5): Alert escalated (level 4): Alert escalated (level 3): Alert escalated (level 2): Alert escalated (level 1): MEMORY usage is 85.9%, exceeding threshold of 85.0% | Context: {"memory_used_mb": 6579.21875, "memory_available_mb": 2304.109375} | taskName=Task-96
2025-08-10T17:57:38.429193 [33m[WARNING][0m infrastructure.monitoring.alerts:511 _route_alert() - Channel not available: email | taskName=Task-96
2025-08-10T18:12:38.434660 [32m[INFO][0m infrastructure.monitoring.alerts:432 trigger_alert() - Triggering alert: ESCALATED: ESCALATED: ESCALATED: ESCALATED: ESCALATED: ESCALATED: ESCALATED: ESCALATED: ESCALATED: ESCALATED: ESCALATED: ESCALATED: ESCALATED: ESCALATED: ESCALATED: ESCALATED: ESCALATED: ESCALATED: ESCALATED: ESCALATED: ESCALATED: ESCALATED: ESCALATED: ESCALATED: ESCALATED: ESCALATED: ESCALATED: ESCALATED: ESCALATED: ESCALATED: ESCALATED: System Resource Alert: MEMORY | taskName=Task-97
2025-08-10T18:12:38.437656 [31m[ERROR][0m alerts:116 send_alert() - ALERT [HIGH] ESCALATED: ESCALATED: ESCALATED: ESCALATED: ESCALATED: ESCALATED: ESCALATED: ESCALATED: ESCALATED: ESCALATED: ESCALATED: ESCALATED: ESCALATED: ESCALATED: ESCALATED: ESCALATED: ESCALATED: ESCALATED: ESCALATED: ESCALATED: ESCALATED: ESCALATED: ESCALATED: ESCALATED: ESCALATED: ESCALATED: ESCALATED: ESCALATED: ESCALATED: ESCALATED: ESCALATED: System Resource Alert: MEMORY: Alert escalated (level 31): Alert escalated (level 30): Alert escalated (level 29): Alert escalated (level 28): Alert escalated (level 27): Alert escalated (level 26): Alert escalated (level 25): Alert escalated (level 24): Alert escalated (level 23): Alert escalated (level 22): Alert escalated (level 21): Alert escalated (level 20): Alert escalated (level 19): Alert escalated (level 18): Alert escalated (level 17): Alert escalated (level 16): Alert escalated (level 15): Alert escalated (level 14): Alert escalated (level 13): Alert escalated (level 12): Alert escalated (level 11): Alert escalated (level 10): Alert escalated (level 9): Alert escalated (level 8): Alert escalated (level 7): Alert escalated (level 6): Alert escalated (level 5): Alert escalated (level 4): Alert escalated (level 3): Alert escalated (level 2): Alert escalated (level 1): MEMORY usage is 85.9%, exceeding threshold of 85.0% | Context: {"memory_used_mb": 6579.21875, "memory_available_mb": 2304.109375} | taskName=Task-97
2025-08-10T18:12:38.438118 [33m[WARNING][0m infrastructure.monitoring.alerts:511 _route_alert() - Channel not available: email | taskName=Task-97
2025-08-10T18:27:38.461598 [32m[INFO][0m infrastructure.monitoring.alerts:432 trigger_alert() - Triggering alert: ESCALATED: ESCALATED: ESCALATED: ESCALATED: ESCALATED: ESCALATED: ESCALATED: ESCALATED: ESCALATED: ESCALATED: ESCALATED: ESCALATED: ESCALATED: ESCALATED: ESCALATED: ESCALATED: ESCALATED: ESCALATED: ESCALATED: ESCALATED: ESCALATED: ESCALATED: ESCALATED: ESCALATED: ESCALATED: ESCALATED: ESCALATED: ESCALATED: ESCALATED: ESCALATED: ESCALATED: ESCALATED: System Resource Alert: MEMORY | taskName=Task-98
2025-08-10T18:27:38.466074 [31m[ERROR][0m alerts:116 send_alert() - ALERT [HIGH] ESCALATED: ESCALATED: ESCALATED: ESCALATED: ESCALATED: ESCALATED: ESCALATED: ESCALATED: ESCALATED: ESCALATED: ESCALATED: ESCALATED: ESCALATED: ESCALATED: ESCALATED: ESCALATED: ESCALATED: ESCALATED: ESCALATED: ESCALATED: ESCALATED: ESCALATED: ESCALATED: ESCALATED: ESCALATED: ESCALATED: ESCALATED: ESCALATED: ESCALATED: ESCALATED: ESCALATED: ESCALATED: System Resource Alert: MEMORY: Alert escalated (level 32): Alert escalated (level 31): Alert escalated (level 30): Alert escalated (level 29): Alert escalated (level 28): Alert escalated (level 27): Alert escalated (level 26): Alert escalated (level 25): Alert escalated (level 24): Alert escalated (level 23): Alert escalated (level 22): Alert escalated (level 21): Alert escalated (level 20): Alert escalated (level 19): Alert escalated (level 18): Alert escalated (level 17): Alert escalated (level 16): Alert escalated (level 15): Alert escalated (level 14): Alert escalated (level 13): Alert escalated (level 12): Alert escalated (level 11): Alert escalated (level 10): Alert escalated (level 9): Alert escalated (level 8): Alert escalated (level 7): Alert escalated (level 6): Alert escalated (level 5): Alert escalated (level 4): Alert escalated (level 3): Alert escalated (level 2): Alert escalated (level 1): MEMORY usage is 85.9%, exceeding threshold of 85.0% | Context: {"memory_used_mb": 6579.21875, "memory_available_mb": 2304.109375} | taskName=Task-98
2025-08-10T18:27:38.466383 [33m[WARNING][0m infrastructure.monitoring.alerts:511 _route_alert() - Channel not available: email | taskName=Task-98
2025-08-10T18:42:38.478093 [32m[INFO][0m infrastructure.monitoring.alerts:432 trigger_alert() - Triggering alert: ESCALATED: ESCALATED: ESCALATED: ESCALATED: ESCALATED: ESCALATED: ESCALATED: ESCALATED: ESCALATED: ESCALATED: ESCALATED: ESCALATED: ESCALATED: ESCALATED: ESCALATED: ESCALATED: ESCALATED: ESCALATED: ESCALATED: ESCALATED: ESCALATED: ESCALATED: ESCALATED: ESCALATED: ESCALATED: ESCALATED: ESCALATED: ESCALATED: ESCALATED: ESCALATED: ESCALATED: ESCALATED: ESCALATED: System Resource Alert: MEMORY | taskName=Task-99
2025-08-10T18:42:38.480933 [31m[ERROR][0m alerts:116 send_alert() - ALERT [HIGH] ESCALATED: ESCALATED: ESCALATED: ESCALATED: ESCALATED: ESCALATED: ESCALATED: ESCALATED: ESCALATED: ESCALATED: ESCALATED: ESCALATED: ESCALATED: ESCALATED: ESCALATED: ESCALATED: ESCALATED: ESCALATED: ESCALATED: ESCALATED: ESCALATED: ESCALATED: ESCALATED: ESCALATED: ESCALATED: ESCALATED: ESCALATED: ESCALATED: ESCALATED: ESCALATED: ESCALATED: ESCALATED: ESCALATED: System Resource Alert: MEMORY: Alert escalated (level 33): Alert escalated (level 32): Alert escalated (level 31): Alert escalated (level 30): Alert escalated (level 29): Alert escalated (level 28): Alert escalated (level 27): Alert escalated (level 26): Alert escalated (level 25): Alert escalated (level 24): Alert escalated (level 23): Alert escalated (level 22): Alert escalated (level 21): Alert escalated (level 20): Alert escalated (level 19): Alert escalated (level 18): Alert escalated (level 17): Alert escalated (level 16): Alert escalated (level 15): Alert escalated (level 14): Alert escalated (level 13): Alert escalated (level 12): Alert escalated (level 11): Alert escalated (level 10): Alert escalated (level 9): Alert escalated (level 8): Alert escalated (level 7): Alert escalated (level 6): Alert escalated (level 5): Alert escalated (level 4): Alert escalated (level 3): Alert escalated (level 2): Alert escalated (level 1): MEMORY usage is 85.9%, exceeding threshold of 85.0% | Context: {"memory_used_mb": 6579.21875, "memory_available_mb": 2304.109375} | taskName=Task-99
2025-08-10T18:42:38.481338 [33m[WARNING][0m infrastructure.monitoring.alerts:511 _route_alert() - Channel not available: email | taskName=Task-99
2025-08-10T18:57:38.513298 [32m[INFO][0m infrastructure.monitoring.alerts:432 trigger_alert() - Triggering alert: ESCALATED: ESCALATED: ESCALATED: ESCALATED: ESCALATED: ESCALATED: ESCALATED: ESCALATED: ESCALATED: ESCALATED: ESCALATED: ESCALATED: ESCALATED: ESCALATED: ESCALATED: ESCALATED: ESCALATED: ESCALATED: ESCALATED: ESCALATED: ESCALATED: ESCALATED: ESCALATED: ESCALATED: ESCALATED: ESCALATED: ESCALATED: ESCALATED: ESCALATED: ESCALATED: ESCALATED: ESCALATED: ESCALATED: ESCALATED: System Resource Alert: MEMORY | taskName=Task-100
2025-08-10T18:57:38.515724 [31m[ERROR][0m alerts:116 send_alert() - ALERT [HIGH] ESCALATED: ESCALATED: ESCALATED: ESCALATED: ESCALATED: ESCALATED: ESCALATED: ESCALATED: ESCALATED: ESCALATED: ESCALATED: ESCALATED: ESCALATED: ESCALATED: ESCALATED: ESCALATED: ESCALATED: ESCALATED: ESCALATED: ESCALATED: ESCALATED: ESCALATED: ESCALATED: ESCALATED: ESCALATED: ESCALATED: ESCALATED: ESCALATED: ESCALATED: ESCALATED: ESCALATED: ESCALATED: ESCALATED: ESCALATED: System Resource Alert: MEMORY: Alert escalated (level 34): Alert escalated (level 33): Alert escalated (level 32): Alert escalated (level 31): Alert escalated (level 30): Alert escalated (level 29): Alert escalated (level 28): Alert escalated (level 27): Alert escalated (level 26): Alert escalated (level 25): Alert escalated (level 24): Alert escalated (level 23): Alert escalated (level 22): Alert escalated (level 21): Alert escalated (level 20): Alert escalated (level 19): Alert escalated (level 18): Alert escalated (level 17): Alert escalated (level 16): Alert escalated (level 15): Alert escalated (level 14): Alert escalated (level 13): Alert escalated (level 12): Alert escalated (level 11): Alert escalated (level 10): Alert escalated (level 9): Alert escalated (level 8): Alert escalated (level 7): Alert escalated (level 6): Alert escalated (level 5): Alert escalated (level 4): Alert escalated (level 3): Alert escalated (level 2): Alert escalated (level 1): MEMORY usage is 85.9%, exceeding threshold of 85.0% | Context: {"memory_used_mb": 6579.21875, "memory_available_mb": 2304.109375} | taskName=Task-100
2025-08-10T18:57:38.515867 [33m[WARNING][0m infrastructure.monitoring.alerts:511 _route_alert() - Channel not available: email | taskName=Task-100
2025-08-10T19:12:38.529543 [32m[INFO][0m infrastructure.monitoring.alerts:432 trigger_alert() - Triggering alert: ESCALATED: ESCALATED: ESCALATED: ESCALATED: ESCALATED: ESCALATED: ESCALATED: ESCALATED: ESCALATED: ESCALATED: ESCALATED: ESCALATED: ESCALATED: ESCALATED: ESCALATED: ESCALATED: ESCALATED: ESCALATED: ESCALATED: ESCALATED: ESCALATED: ESCALATED: ESCALATED: ESCALATED: ESCALATED: ESCALATED: ESCALATED: ESCALATED: ESCALATED: ESCALATED: ESCALATED: ESCALATED: ESCALATED: ESCALATED: ESCALATED: System Resource Alert: MEMORY | taskName=Task-101
2025-08-10T19:12:38.531533 [31m[ERROR][0m alerts:116 send_alert() - ALERT [HIGH] ESCALATED: ESCALATED: ESCALATED: ESCALATED: ESCALATED: ESCALATED: ESCALATED: ESCALATED: ESCALATED: ESCALATED: ESCALATED: ESCALATED: ESCALATED: ESCALATED: ESCALATED: ESCALATED: ESCALATED: ESCALATED: ESCALATED: ESCALATED: ESCALATED: ESCALATED: ESCALATED: ESCALATED: ESCALATED: ESCALATED: ESCALATED: ESCALATED: ESCALATED: ESCALATED: ESCALATED: ESCALATED: ESCALATED: ESCALATED: ESCALATED: System Resource Alert: MEMORY: Alert escalated (level 35): Alert escalated (level 34): Alert escalated (level 33): Alert escalated (level 32): Alert escalated (level 31): Alert escalated (level 30): Alert escalated (level 29): Alert escalated (level 28): Alert escalated (level 27): Alert escalated (level 26): Alert escalated (level 25): Alert escalated (level 24): Alert escalated (level 23): Alert escalated (level 22): Alert escalated (level 21): Alert escalated (level 20): Alert escalated (level 19): Alert escalated (level 18): Alert escalated (level 17): Alert escalated (level 16): Alert escalated (level 15): Alert escalated (level 14): Alert escalated (level 13): Alert escalated (level 12): Alert escalated (level 11): Alert escalated (level 10): Alert escalated (level 9): Alert escalated (level 8): Alert escalated (level 7): Alert escalated (level 6): Alert escalated (level 5): Alert escalated (level 4): Alert escalated (level 3): Alert escalated (level 2): Alert escalated (level 1): MEMORY usage is 85.9%, exceeding threshold of 85.0% | Context: {"memory_used_mb": 6579.21875, "memory_available_mb": 2304.109375} | taskName=Task-101
2025-08-10T19:12:38.531836 [33m[WARNING][0m infrastructure.monitoring.alerts:511 _route_alert() - Channel not available: email | taskName=Task-101
2025-08-10T19:27:38.504869 [32m[INFO][0m infrastructure.monitoring.alerts:432 trigger_alert() - Triggering alert: ESCALATED: ESCALATED: ESCALATED: ESCALATED: ESCALATED: ESCALATED: ESCALATED: ESCALATED: ESCALATED: ESCALATED: ESCALATED: ESCALATED: ESCALATED: ESCALATED: ESCALATED: ESCALATED: ESCALATED: ESCALATED: ESCALATED: ESCALATED: ESCALATED: ESCALATED: ESCALATED: ESCALATED: ESCALATED: ESCALATED: ESCALATED: ESCALATED: ESCALATED: ESCALATED: ESCALATED: ESCALATED: ESCALATED: ESCALATED: ESCALATED: ESCALATED: System Resource Alert: MEMORY | taskName=Task-102
2025-08-10T19:27:38.508647 [31m[ERROR][0m alerts:116 send_alert() - ALERT [HIGH] ESCALATED: ESCALATED: ESCALATED: ESCALATED: ESCALATED: ESCALATED: ESCALATED: ESCALATED: ESCALATED: ESCALATED: ESCALATED: ESCALATED: ESCALATED: ESCALATED: ESCALATED: ESCALATED: ESCALATED: ESCALATED: ESCALATED: ESCALATED: ESCALATED: ESCALATED: ESCALATED: ESCALATED: ESCALATED: ESCALATED: ESCALATED: ESCALATED: ESCALATED: ESCALATED: ESCALATED: ESCALATED: ESCALATED: ESCALATED: ESCALATED: ESCALATED: System Resource Alert: MEMORY: Alert escalated (level 36): Alert escalated (level 35): Alert escalated (level 34): Alert escalated (level 33): Alert escalated (level 32): Alert escalated (level 31): Alert escalated (level 30): Alert escalated (level 29): Alert escalated (level 28): Alert escalated (level 27): Alert escalated (level 26): Alert escalated (level 25): Alert escalated (level 24): Alert escalated (level 23): Alert escalated (level 22): Alert escalated (level 21): Alert escalated (level 20): Alert escalated (level 19): Alert escalated (level 18): Alert escalated (level 17): Alert escalated (level 16): Alert escalated (level 15): Alert escalated (level 14): Alert escalated (level 13): Alert escalated (level 12): Alert escalated (level 11): Alert escalated (level 10): Alert escalated (level 9): Alert escalated (level 8): Alert escalated (level 7): Alert escalated (level 6): Alert escalated (level 5): Alert escalated (level 4): Alert escalated (level 3): Alert escalated (level 2): Alert escalated (level 1): MEMORY usage is 85.9%, exceeding threshold of 85.0% | Context: {"memory_used_mb": 6579.21875, "memory_available_mb": 2304.109375} | taskName=Task-102
2025-08-10T19:27:38.509122 [33m[WARNING][0m infrastructure.monitoring.alerts:511 _route_alert() - Channel not available: email | taskName=Task-102
2025-08-10T19:42:38.509056 [32m[INFO][0m infrastructure.monitoring.alerts:432 trigger_alert() - Triggering alert: ESCALATED: ESCALATED: ESCALATED: ESCALATED: ESCALATED: ESCALATED: ESCALATED: ESCALATED: ESCALATED: ESCALATED: ESCALATED: ESCALATED: ESCALATED: ESCALATED: ESCALATED: ESCALATED: ESCALATED: ESCALATED: ESCALATED: ESCALATED: ESCALATED: ESCALATED: ESCALATED: ESCALATED: ESCALATED: ESCALATED: ESCALATED: ESCALATED: ESCALATED: ESCALATED: ESCALATED: ESCALATED: ESCALATED: ESCALATED: ESCALATED: ESCALATED: ESCALATED: System Resource Alert: MEMORY | taskName=Task-103
2025-08-10T19:42:38.511748 [31m[ERROR][0m alerts:116 send_alert() - ALERT [HIGH] ESCALATED: ESCALATED: ESCALATED: ESCALATED: ESCALATED: ESCALATED: ESCALATED: ESCALATED: ESCALATED: ESCALATED: ESCALATED: ESCALATED: ESCALATED: ESCALATED: ESCALATED: ESCALATED: ESCALATED: ESCALATED: ESCALATED: ESCALATED: ESCALATED: ESCALATED: ESCALATED: ESCALATED: ESCALATED: ESCALATED: ESCALATED: ESCALATED: ESCALATED: ESCALATED: ESCALATED: ESCALATED: ESCALATED: ESCALATED: ESCALATED: ESCALATED: ESCALATED: System Resource Alert: MEMORY: Alert escalated (level 37): Alert escalated (level 36): Alert escalated (level 35): Alert escalated (level 34): Alert escalated (level 33): Alert escalated (level 32): Alert escalated (level 31): Alert escalated (level 30): Alert escalated (level 29): Alert escalated (level 28): Alert escalated (level 27): Alert escalated (level 26): Alert escalated (level 25): Alert escalated (level 24): Alert escalated (level 23): Alert escalated (level 22): Alert escalated (level 21): Alert escalated (level 20): Alert escalated (level 19): Alert escalated (level 18): Alert escalated (level 17): Alert escalated (level 16): Alert escalated (level 15): Alert escalated (level 14): Alert escalated (level 13): Alert escalated (level 12): Alert escalated (level 11): Alert escalated (level 10): Alert escalated (level 9): Alert escalated (level 8): Alert escalated (level 7): Alert escalated (level 6): Alert escalated (level 5): Alert escalated (level 4): Alert escalated (level 3): Alert escalated (level 2): Alert escalated (level 1): MEMORY usage is 85.9%, exceeding threshold of 85.0% | Context: {"memory_used_mb": 6579.21875, "memory_available_mb": 2304.109375} | taskName=Task-103
2025-08-10T19:42:38.512143 [33m[WARNING][0m infrastructure.monitoring.alerts:511 _route_alert() - Channel not available: email | taskName=Task-103
2025-08-10T19:57:38.534781 [32m[INFO][0m infrastructure.monitoring.alerts:432 trigger_alert() - Triggering alert: ESCALATED: ESCALATED: ESCALATED: ESCALATED: ESCALATED: ESCALATED: ESCALATED: ESCALATED: ESCALATED: ESCALATED: ESCALATED: ESCALATED: ESCALATED: ESCALATED: ESCALATED: ESCALATED: ESCALATED: ESCALATED: ESCALATED: ESCALATED: ESCALATED: ESCALATED: ESCALATED: ESCALATED: ESCALATED: ESCALATED: ESCALATED: ESCALATED: ESCALATED: ESCALATED: ESCALATED: ESCALATED: ESCALATED: ESCALATED: ESCALATED: ESCALATED: ESCALATED: ESCALATED: System Resource Alert: MEMORY | taskName=Task-104
2025-08-10T19:57:38.537661 [31m[ERROR][0m alerts:116 send_alert() - ALERT [HIGH] ESCALATED: ESCALATED: ESCALATED: ESCALATED: ESCALATED: ESCALATED: ESCALATED: ESCALATED: ESCALATED: ESCALATED: ESCALATED: ESCALATED: ESCALATED: ESCALATED: ESCALATED: ESCALATED: ESCALATED: ESCALATED: ESCALATED: ESCALATED: ESCALATED: ESCALATED: ESCALATED: ESCALATED: ESCALATED: ESCALATED: ESCALATED: ESCALATED: ESCALATED: ESCALATED: ESCALATED: ESCALATED: ESCALATED: ESCALATED: ESCALATED: ESCALATED: ESCALATED: ESCALATED: System Resource Alert: MEMORY: Alert escalated (level 38): Alert escalated (level 37): Alert escalated (level 36): Alert escalated (level 35): Alert escalated (level 34): Alert escalated (level 33): Alert escalated (level 32): Alert escalated (level 31): Alert escalated (level 30): Alert escalated (level 29): Alert escalated (level 28): Alert escalated (level 27): Alert escalated (level 26): Alert escalated (level 25): Alert escalated (level 24): Alert escalated (level 23): Alert escalated (level 22): Alert escalated (level 21): Alert escalated (level 20): Alert escalated (level 19): Alert escalated (level 18): Alert escalated (level 17): Alert escalated (level 16): Alert escalated (level 15): Alert escalated (level 14): Alert escalated (level 13): Alert escalated (level 12): Alert escalated (level 11): Alert escalated (level 10): Alert escalated (level 9): Alert escalated (level 8): Alert escalated (level 7): Alert escalated (level 6): Alert escalated (level 5): Alert escalated (level 4): Alert escalated (level 3): Alert escalated (level 2): Alert escalated (level 1): MEMORY usage is 85.9%, exceeding threshold of 85.0% | Context: {"memory_used_mb": 6579.21875, "memory_available_mb": 2304.109375} | taskName=Task-104
2025-08-10T19:57:38.538080 [33m[WARNING][0m infrastructure.monitoring.alerts:511 _route_alert() - Channel not available: email | taskName=Task-104
2025-08-10T20:12:38.544989 [32m[INFO][0m infrastructure.monitoring.alerts:432 trigger_alert() - Triggering alert: ESCALATED: ESCALATED: ESCALATED: ESCALATED: ESCALATED: ESCALATED: ESCALATED: ESCALATED: ESCALATED: ESCALATED: ESCALATED: ESCALATED: ESCALATED: ESCALATED: ESCALATED: ESCALATED: ESCALATED: ESCALATED: ESCALATED: ESCALATED: ESCALATED: ESCALATED: ESCALATED: ESCALATED: ESCALATED: ESCALATED: ESCALATED: ESCALATED: ESCALATED: ESCALATED: ESCALATED: ESCALATED: ESCALATED: ESCALATED: ESCALATED: ESCALATED: ESCALATED: ESCALATED: ESCALATED: System Resource Alert: MEMORY | taskName=Task-105
2025-08-10T20:12:38.546778 [31m[ERROR][0m alerts:116 send_alert() - ALERT [HIGH] ESCALATED: ESCALATED: ESCALATED: ESCALATED: ESCALATED: ESCALATED: ESCALATED: ESCALATED: ESCALATED: ESCALATED: ESCALATED: ESCALATED: ESCALATED: ESCALATED: ESCALATED: ESCALATED: ESCALATED: ESCALATED: ESCALATED: ESCALATED: ESCALATED: ESCALATED: ESCALATED: ESCALATED: ESCALATED: ESCALATED: ESCALATED: ESCALATED: ESCALATED: ESCALATED: ESCALATED: ESCALATED: ESCALATED: ESCALATED: ESCALATED: ESCALATED: ESCALATED: ESCALATED: ESCALATED: System Resource Alert: MEMORY: Alert escalated (level 39): Alert escalated (level 38): Alert escalated (level 37): Alert escalated (level 36): Alert escalated (level 35): Alert escalated (level 34): Alert escalated (level 33): Alert escalated (level 32): Alert escalated (level 31): Alert escalated (level 30): Alert escalated (level 29): Alert escalated (level 28): Alert escalated (level 27): Alert escalated (level 26): Alert escalated (level 25): Alert escalated (level 24): Alert escalated (level 23): Alert escalated (level 22): Alert escalated (level 21): Alert escalated (level 20): Alert escalated (level 19): Alert escalated (level 18): Alert escalated (level 17): Alert escalated (level 16): Alert escalated (level 15): Alert escalated (level 14): Alert escalated (level 13): Alert escalated (level 12): Alert escalated (level 11): Alert escalated (level 10): Alert escalated (level 9): Alert escalated (level 8): Alert escalated (level 7): Alert escalated (level 6): Alert escalated (level 5): Alert escalated (level 4): Alert escalated (level 3): Alert escalated (level 2): Alert escalated (level 1): MEMORY usage is 85.9%, exceeding threshold of 85.0% | Context: {"memory_used_mb": 6579.21875, "memory_available_mb": 2304.109375} | taskName=Task-105
2025-08-10T20:12:38.547222 [33m[WARNING][0m infrastructure.monitoring.alerts:511 _route_alert() - Channel not available: email | taskName=Task-105
2025-08-10T20:27:38.558506 [32m[INFO][0m infrastructure.monitoring.alerts:432 trigger_alert() - Triggering alert: ESCALATED: ESCALATED: ESCALATED: ESCALATED: ESCALATED: ESCALATED: ESCALATED: ESCALATED: ESCALATED: ESCALATED: ESCALATED: ESCALATED: ESCALATED: ESCALATED: ESCALATED: ESCALATED: ESCALATED: ESCALATED: ESCALATED: ESCALATED: ESCALATED: ESCALATED: ESCALATED: ESCALATED: ESCALATED: ESCALATED: ESCALATED: ESCALATED: ESCALATED: ESCALATED: ESCALATED: ESCALATED: ESCALATED: ESCALATED: ESCALATED: ESCALATED: ESCALATED: ESCALATED: ESCALATED: ESCALATED: System Resource Alert: MEMORY | taskName=Task-106
2025-08-10T20:27:38.563717 [31m[ERROR][0m alerts:116 send_alert() - ALERT [HIGH] ESCALATED: ESCALATED: ESCALATED: ESCALATED: ESCALATED: ESCALATED: ESCALATED: ESCALATED: ESCALATED: ESCALATED: ESCALATED: ESCALATED: ESCALATED: ESCALATED: ESCALATED: ESCALATED: ESCALATED: ESCALATED: ESCALATED: ESCALATED: ESCALATED: ESCALATED: ESCALATED: ESCALATED: ESCALATED: ESCALATED: ESCALATED: ESCALATED: ESCALATED: ESCALATED: ESCALATED: ESCALATED: ESCALATED: ESCALATED: ESCALATED: ESCALATED: ESCALATED: ESCALATED: ESCALATED: ESCALATED: System Resource Alert: MEMORY: Alert escalated (level 40): Alert escalated (level 39): Alert escalated (level 38): Alert escalated (level 37): Alert escalated (level 36): Alert escalated (level 35): Alert escalated (level 34): Alert escalated (level 33): Alert escalated (level 32): Alert escalated (level 31): Alert escalated (level 30): Alert escalated (level 29): Alert escalated (level 28): Alert escalated (level 27): Alert escalated (level 26): Alert escalated (level 25): Alert escalated (level 24): Alert escalated (level 23): Alert escalated (level 22): Alert escalated (level 21): Alert escalated (level 20): Alert escalated (level 19): Alert escalated (level 18): Alert escalated (level 17): Alert escalated (level 16): Alert escalated (level 15): Alert escalated (level 14): Alert escalated (level 13): Alert escalated (level 12): Alert escalated (level 11): Alert escalated (level 10): Alert escalated (level 9): Alert escalated (level 8): Alert escalated (level 7): Alert escalated (level 6): Alert escalated (level 5): Alert escalated (level 4): Alert escalated (level 3): Alert escalated (level 2): Alert escalated (level 1): MEMORY usage is 85.9%, exceeding threshold of 85.0% | Context: {"memory_used_mb": 6579.21875, "memory_available_mb": 2304.109375} | taskName=Task-106
2025-08-10T20:27:38.564035 [33m[WARNING][0m infrastructure.monitoring.alerts:511 _route_alert() - Channel not available: email | taskName=Task-106
2025-08-10T20:42:38.572758 [32m[INFO][0m infrastructure.monitoring.alerts:432 trigger_alert() - Triggering alert: ESCALATED: ESCALATED: ESCALATED: ESCALATED: ESCALATED: ESCALATED: ESCALATED: ESCALATED: ESCALATED: ESCALATED: ESCALATED: ESCALATED: ESCALATED: ESCALATED: ESCALATED: ESCALATED: ESCALATED: ESCALATED: ESCALATED: ESCALATED: ESCALATED: ESCALATED: ESCALATED: ESCALATED: ESCALATED: ESCALATED: ESCALATED: ESCALATED: ESCALATED: ESCALATED: ESCALATED: ESCALATED: ESCALATED: ESCALATED: ESCALATED: ESCALATED: ESCALATED: ESCALATED: ESCALATED: ESCALATED: ESCALATED: System Resource Alert: MEMORY | taskName=Task-107
2025-08-10T20:42:38.574964 [31m[ERROR][0m alerts:116 send_alert() - ALERT [HIGH] ESCALATED: ESCALATED: ESCALATED: ESCALATED: ESCALATED: ESCALATED: ESCALATED: ESCALATED: ESCALATED: ESCALATED: ESCALATED: ESCALATED: ESCALATED: ESCALATED: ESCALATED: ESCALATED: ESCALATED: ESCALATED: ESCALATED: ESCALATED: ESCALATED: ESCALATED: ESCALATED: ESCALATED: ESCALATED: ESCALATED: ESCALATED: ESCALATED: ESCALATED: ESCALATED: ESCALATED: ESCALATED: ESCALATED: ESCALATED: ESCALATED: ESCALATED: ESCALATED: ESCALATED: ESCALATED: ESCALATED: ESCALATED: System Resource Alert: MEMORY: Alert escalated (level 41): Alert escalated (level 40): Alert escalated (level 39): Alert escalated (level 38): Alert escalated (level 37): Alert escalated (level 36): Alert escalated (level 35): Alert escalated (level 34): Alert escalated (level 33): Alert escalated (level 32): Alert escalated (level 31): Alert escalated (level 30): Alert escalated (level 29): Alert escalated (level 28): Alert escalated (level 27): Alert escalated (level 26): Alert escalated (level 25): Alert escalated (level 24): Alert escalated (level 23): Alert escalated (level 22): Alert escalated (level 21): Alert escalated (level 20): Alert escalated (level 19): Alert escalated (level 18): Alert escalated (level 17): Alert escalated (level 16): Alert escalated (level 15): Alert escalated (level 14): Alert escalated (level 13): Alert escalated (level 12): Alert escalated (level 11): Alert escalated (level 10): Alert escalated (level 9): Alert escalated (level 8): Alert escalated (level 7): Alert escalated (level 6): Alert escalated (level 5): Alert escalated (level 4): Alert escalated (level 3): Alert escalated (level 2): Alert escalated (level 1): MEMORY usage is 85.9%, exceeding threshold of 85.0% | Context: {"memory_used_mb": 6579.21875, "memory_available_mb": 2304.109375} | taskName=Task-107
2025-08-10T20:42:38.575143 [33m[WARNING][0m infrastructure.monitoring.alerts:511 _route_alert() - Channel not available: email | taskName=Task-107
2025-08-10T20:57:38.575311 [32m[INFO][0m infrastructure.monitoring.alerts:432 trigger_alert() - Triggering alert: ESCALATED: ESCALATED: ESCALATED: ESCALATED: ESCALATED: ESCALATED: ESCALATED: ESCALATED: ESCALATED: ESCALATED: ESCALATED: ESCALATED: ESCALATED: ESCALATED: ESCALATED: ESCALATED: ESCALATED: ESCALATED: ESCALATED: ESCALATED: ESCALATED: ESCALATED: ESCALATED: ESCALATED: ESCALATED: ESCALATED: ESCALATED: ESCALATED: ESCALATED: ESCALATED: ESCALATED: ESCALATED: ESCALATED: ESCALATED: ESCALATED: ESCALATED: ESCALATED: ESCALATED: ESCALATED: ESCALATED: ESCALATED: ESCALATED: System Resource Alert: MEMORY | taskName=Task-108
2025-08-10T20:57:38.578418 [31m[ERROR][0m alerts:116 send_alert() - ALERT [HIGH] ESCALATED: ESCALATED: ESCALATED: ESCALATED: ESCALATED: ESCALATED: ESCALATED: ESCALATED: ESCALATED: ESCALATED: ESCALATED: ESCALATED: ESCALATED: ESCALATED: ESCALATED: ESCALATED: ESCALATED: ESCALATED: ESCALATED: ESCALATED: ESCALATED: ESCALATED: ESCALATED: ESCALATED: ESCALATED: ESCALATED: ESCALATED: ESCALATED: ESCALATED: ESCALATED: ESCALATED: ESCALATED: ESCALATED: ESCALATED: ESCALATED: ESCALATED: ESCALATED: ESCALATED: ESCALATED: ESCALATED: ESCALATED: ESCALATED: System Resource Alert: MEMORY: Alert escalated (level 42): Alert escalated (level 41): Alert escalated (level 40): Alert escalated (level 39): Alert escalated (level 38): Alert escalated (level 37): Alert escalated (level 36): Alert escalated (level 35): Alert escalated (level 34): Alert escalated (level 33): Alert escalated (level 32): Alert escalated (level 31): Alert escalated (level 30): Alert escalated (level 29): Alert escalated (level 28): Alert escalated (level 27): Alert escalated (level 26): Alert escalated (level 25): Alert escalated (level 24): Alert escalated (level 23): Alert escalated (level 22): Alert escalated (level 21): Alert escalated (level 20): Alert escalated (level 19): Alert escalated (level 18): Alert escalated (level 17): Alert escalated (level 16): Alert escalated (level 15): Alert escalated (level 14): Alert escalated (level 13): Alert escalated (level 12): Alert escalated (level 11): Alert escalated (level 10): Alert escalated (level 9): Alert escalated (level 8): Alert escalated (level 7): Alert escalated (level 6): Alert escalated (level 5): Alert escalated (level 4): Alert escalated (level 3): Alert escalated (level 2): Alert escalated (level 1): MEMORY usage is 85.9%, exceeding threshold of 85.0% | Context: {"memory_used_mb": 6579.21875, "memory_available_mb": 2304.109375} | taskName=Task-108
2025-08-10T20:57:38.578734 [33m[WARNING][0m infrastructure.monitoring.alerts:511 _route_alert() - Channel not available: email | taskName=Task-108
2025-08-10T21:12:38.586415 [32m[INFO][0m infrastructure.monitoring.alerts:432 trigger_alert() - Triggering alert: ESCALATED: ESCALATED: ESCALATED: ESCALATED: ESCALATED: ESCALATED: ESCALATED: ESCALATED: ESCALATED: ESCALATED: ESCALATED: ESCALATED: ESCALATED: ESCALATED: ESCALATED: ESCALATED: ESCALATED: ESCALATED: ESCALATED: ESCALATED: ESCALATED: ESCALATED: ESCALATED: ESCALATED: ESCALATED: ESCALATED: ESCALATED: ESCALATED: ESCALATED: ESCALATED: ESCALATED: ESCALATED: ESCALATED: ESCALATED: ESCALATED: ESCALATED: ESCALATED: ESCALATED: ESCALATED: ESCALATED: ESCALATED: ESCALATED: ESCALATED: System Resource Alert: MEMORY | taskName=Task-109
2025-08-10T21:12:38.590558 [31m[ERROR][0m alerts:116 send_alert() - ALERT [HIGH] ESCALATED: ESCALATED: ESCALATED: ESCALATED: ESCALATED: ESCALATED: ESCALATED: ESCALATED: ESCALATED: ESCALATED: ESCALATED: ESCALATED: ESCALATED: ESCALATED: ESCALATED: ESCALATED: ESCALATED: ESCALATED: ESCALATED: ESCALATED: ESCALATED: ESCALATED: ESCALATED: ESCALATED: ESCALATED: ESCALATED: ESCALATED: ESCALATED: ESCALATED: ESCALATED: ESCALATED: ESCALATED: ESCALATED: ESCALATED: ESCALATED: ESCALATED: ESCALATED: ESCALATED: ESCALATED: ESCALATED: ESCALATED: ESCALATED: ESCALATED: System Resource Alert: MEMORY: Alert escalated (level 43): Alert escalated (level 42): Alert escalated (level 41): Alert escalated (level 40): Alert escalated (level 39): Alert escalated (level 38): Alert escalated (level 37): Alert escalated (level 36): Alert escalated (level 35): Alert escalated (level 34): Alert escalated (level 33): Alert escalated (level 32): Alert escalated (level 31): Alert escalated (level 30): Alert escalated (level 29): Alert escalated (level 28): Alert escalated (level 27): Alert escalated (level 26): Alert escalated (level 25): Alert escalated (level 24): Alert escalated (level 23): Alert escalated (level 22): Alert escalated (level 21): Alert escalated (level 20): Alert escalated (level 19): Alert escalated (level 18): Alert escalated (level 17): Alert escalated (level 16): Alert escalated (level 15): Alert escalated (level 14): Alert escalated (level 13): Alert escalated (level 12): Alert escalated (level 11): Alert escalated (level 10): Alert escalated (level 9): Alert escalated (level 8): Alert escalated (level 7): Alert escalated (level 6): Alert escalated (level 5): Alert escalated (level 4): Alert escalated (level 3): Alert escalated (level 2): Alert escalated (level 1): MEMORY usage is 85.9%, exceeding threshold of 85.0% | Context: {"memory_used_mb": 6579.21875, "memory_available_mb": 2304.109375} | taskName=Task-109
2025-08-10T21:12:38.591393 [33m[WARNING][0m infrastructure.monitoring.alerts:511 _route_alert() - Channel not available: email | taskName=Task-109
