2025-08-11T00:23:15.853795 [32m[INFO][0m api.middleware.security_headers:312 create_security_middleware_stack() - Security middleware stack configured successfully | taskName=None
2025-08-11T00:23:15.866755 [32m[INFO][0m api.middleware.security_headers:312 create_security_middleware_stack() - Security middleware stack configured successfully | taskName=None
2025-08-17T22:29:29.671498 [32m[INFO][0m api.middleware.security_headers:312 create_security_middleware_stack() - Security middleware stack configured successfully | taskName=None
2025-08-17T22:30:52.652514 [32m[INFO][0m api.middleware.security_headers:312 create_security_middleware_stack() - Security middleware stack configured successfully | taskName=None
2025-08-17T22:30:52.713358 [32m[INFO][0m api.middleware.security_headers:312 create_security_middleware_stack() - Security middleware stack configured successfully | taskName=Task-1
2025-08-17T22:30:52.725777 [32m[INFO][0m app:52 lifespan() - 🚀 Starting 4ex.ninja Trading Platform API | taskName=Task-2
2025-08-17T22:30:52.725888 [32m[INFO][0m app:53 lifespan() - Environment: development | taskName=Task-2
2025-08-17T22:30:52.725921 [32m[INFO][0m app:54 lifespan() - Log Level: 20 | taskName=Task-2
2025-08-17T22:30:52.725947 [32m[INFO][0m app:67 lifespan() - ℹ️ Sentry DSN not configured - error tracking disabled | taskName=Task-2
2025-08-17T22:30:52.725977 [32m[INFO][0m app:71 lifespan() - ✅ Dependency container initialized | taskName=Task-2
2025-08-17T22:30:52.729238 [31m[ERROR][0m infrastructure.caching.redis_cache:90 _get_redis() - Failed to connect to Redis: Error Multiple exceptions: [Errno 61] Connect call failed ('::1', 6379, 0, 0), [Errno 61] Connect call failed ('127.0.0.1', 6379) connecting to localhost:6379. | taskName=Task-2
2025-08-17T22:30:52.729392 [33m[WARNING][0m services.cache_service:308 create_cache_manager() - Failed to initialize Redis backend: Error Multiple exceptions: [Errno 61] Connect call failed ('::1', 6379, 0, 0), [Errno 61] Connect call failed ('127.0.0.1', 6379) connecting to localhost:6379. | taskName=Task-2
2025-08-17T22:30:52.729435 [32m[INFO][0m services.cache_service:315 create_cache_manager() - Using memory cache backend | taskName=Task-2
2025-08-17T22:30:52.729486 [32m[INFO][0m services.cache_service:238 warm_cache() - Starting cache warming for 5 filter combinations | taskName=Task-2
2025-08-17T22:30:52.729546 [32m[INFO][0m services.cache_service:257 warm_cache() - Cache warming completed. Warmed 0 entries | taskName=Task-2
2025-08-17T22:30:52.729573 [32m[INFO][0m app:77 lifespan() - ✅ Cache warming completed. Warmed 0 entries | taskName=Task-2
2025-08-17T22:30:52.729608 [32m[INFO][0m infrastructure.monitoring.system_metrics:53 start_monitoring() - Started system monitoring with 30s interval | taskName=Task-2
2025-08-17T22:30:52.729632 [32m[INFO][0m app:86 lifespan() - ✅ System metrics monitoring started | taskName=Task-2
2025-08-17T22:30:52.729654 [32m[INFO][0m app:91 lifespan() - 🎯 4ex.ninja Trading Platform API startup completed successfully | taskName=Task-2
2025-08-17T22:33:20.670068 [32m[INFO][0m app:96 lifespan() - 🛑 Shutting down 4ex.ninja Trading Platform API | taskName=Task-2
2025-08-17T22:33:20.671258 [32m[INFO][0m infrastructure.monitoring.system_metrics:64 stop_monitoring() - Stopped system monitoring | taskName=Task-2
2025-08-17T22:33:20.671552 [32m[INFO][0m app:103 lifespan() - ✅ System metrics monitoring stopped | taskName=Task-2
2025-08-17T22:33:20.671661 [32m[INFO][0m app:107 lifespan() - ✅ Shutdown completed successfully | taskName=Task-2
2025-08-17T22:33:21.837869 [32m[INFO][0m api.middleware.security_headers:312 create_security_middleware_stack() - Security middleware stack configured successfully | taskName=None
2025-08-17T22:49:33.033540 [32m[INFO][0m api.middleware.security_headers:312 create_security_middleware_stack() - Security middleware stack configured successfully | taskName=Task-1
2025-08-17T22:49:33.049704 [32m[INFO][0m app:53 lifespan() - 🚀 Starting 4ex.ninja Trading Platform API | taskName=Task-2
2025-08-17T22:49:33.049794 [32m[INFO][0m app:54 lifespan() - Environment: development | taskName=Task-2
2025-08-17T22:49:33.049822 [32m[INFO][0m app:55 lifespan() - Log Level: 20 | taskName=Task-2
2025-08-17T22:49:33.049847 [32m[INFO][0m app:68 lifespan() - ℹ️ Sentry DSN not configured - error tracking disabled | taskName=Task-2
2025-08-17T22:49:33.049872 [32m[INFO][0m app:72 lifespan() - ✅ Dependency container initialized | taskName=Task-2
2025-08-17T22:49:33.059064 [31m[ERROR][0m infrastructure.caching.redis_cache:90 _get_redis() - Failed to connect to Redis: Error Multiple exceptions: [Errno 61] Connect call failed ('::1', 6379, 0, 0), [Errno 61] Connect call failed ('127.0.0.1', 6379) connecting to localhost:6379. | taskName=Task-2
2025-08-17T22:49:33.059376 [33m[WARNING][0m services.cache_service:308 create_cache_manager() - Failed to initialize Redis backend: Error Multiple exceptions: [Errno 61] Connect call failed ('::1', 6379, 0, 0), [Errno 61] Connect call failed ('127.0.0.1', 6379) connecting to localhost:6379. | taskName=Task-2
2025-08-17T22:49:33.059519 [32m[INFO][0m services.cache_service:315 create_cache_manager() - Using memory cache backend | taskName=Task-2
2025-08-17T22:49:33.059687 [32m[INFO][0m services.cache_service:238 warm_cache() - Starting cache warming for 5 filter combinations | taskName=Task-2
2025-08-17T22:49:33.059802 [32m[INFO][0m services.cache_service:257 warm_cache() - Cache warming completed. Warmed 0 entries | taskName=Task-2
2025-08-17T22:49:33.059844 [32m[INFO][0m app:78 lifespan() - ✅ Cache warming completed. Warmed 0 entries | taskName=Task-2
2025-08-17T22:49:33.059888 [32m[INFO][0m infrastructure.monitoring.system_metrics:53 start_monitoring() - Started system monitoring with 30s interval | taskName=Task-2
2025-08-17T22:49:33.059917 [32m[INFO][0m app:87 lifespan() - ✅ System metrics monitoring started | taskName=Task-2
2025-08-17T22:49:33.059941 [32m[INFO][0m app:92 lifespan() - 🎯 4ex.ninja Trading Platform API startup completed successfully | taskName=Task-2
2025-08-17T22:49:46.445683 [32m[INFO][0m app:97 lifespan() - 🛑 Shutting down 4ex.ninja Trading Platform API | taskName=Task-2
2025-08-17T22:49:46.446151 [32m[INFO][0m infrastructure.monitoring.system_metrics:64 stop_monitoring() - Stopped system monitoring | taskName=Task-2
2025-08-17T22:49:46.446222 [32m[INFO][0m app:104 lifespan() - ✅ System metrics monitoring stopped | taskName=Task-2
2025-08-17T22:49:46.446261 [32m[INFO][0m app:108 lifespan() - ✅ Shutdown completed successfully | taskName=Task-2
2025-08-17T22:51:03.442729 [32m[INFO][0m api.middleware.security_headers:312 create_security_middleware_stack() - Security middleware stack configured successfully | taskName=None
2025-08-17T22:51:08.150226 [32m[INFO][0m api.middleware.security_headers:312 create_security_middleware_stack() - Security middleware stack configured successfully | taskName=None
2025-08-17T22:51:43.088170 [32m[INFO][0m api.middleware.security_headers:312 create_security_middleware_stack() - Security middleware stack configured successfully | taskName=Task-1
2025-08-17T22:51:43.105165 [32m[INFO][0m app:53 lifespan() - 🚀 Starting 4ex.ninja Trading Platform API | taskName=Task-2
2025-08-17T22:51:43.105273 [32m[INFO][0m app:54 lifespan() - Environment: development | taskName=Task-2
2025-08-17T22:51:43.105309 [32m[INFO][0m app:55 lifespan() - Log Level: 20 | taskName=Task-2
2025-08-17T22:51:43.105339 [32m[INFO][0m app:68 lifespan() - ℹ️ Sentry DSN not configured - error tracking disabled | taskName=Task-2
2025-08-17T22:51:43.105371 [32m[INFO][0m app:72 lifespan() - ✅ Dependency container initialized | taskName=Task-2
2025-08-17T22:51:43.109272 [31m[ERROR][0m infrastructure.caching.redis_cache:90 _get_redis() - Failed to connect to Redis: Error Multiple exceptions: [Errno 61] Connect call failed ('::1', 6379, 0, 0), [Errno 61] Connect call failed ('127.0.0.1', 6379) connecting to localhost:6379. | taskName=Task-2
2025-08-17T22:51:43.109556 [33m[WARNING][0m services.cache_service:308 create_cache_manager() - Failed to initialize Redis backend: Error Multiple exceptions: [Errno 61] Connect call failed ('::1', 6379, 0, 0), [Errno 61] Connect call failed ('127.0.0.1', 6379) connecting to localhost:6379. | taskName=Task-2
2025-08-17T22:51:43.109635 [32m[INFO][0m services.cache_service:315 create_cache_manager() - Using memory cache backend | taskName=Task-2
2025-08-17T22:51:43.109694 [32m[INFO][0m services.cache_service:238 warm_cache() - Starting cache warming for 5 filter combinations | taskName=Task-2
2025-08-17T22:51:43.109761 [32m[INFO][0m services.cache_service:257 warm_cache() - Cache warming completed. Warmed 0 entries | taskName=Task-2
2025-08-17T22:51:43.109792 [32m[INFO][0m app:78 lifespan() - ✅ Cache warming completed. Warmed 0 entries | taskName=Task-2
2025-08-17T22:51:43.109828 [32m[INFO][0m infrastructure.monitoring.system_metrics:53 start_monitoring() - Started system monitoring with 30s interval | taskName=Task-2
2025-08-17T22:51:43.109855 [32m[INFO][0m app:87 lifespan() - ✅ System metrics monitoring started | taskName=Task-2
2025-08-17T22:51:43.109877 [32m[INFO][0m app:92 lifespan() - 🎯 4ex.ninja Trading Platform API startup completed successfully | taskName=Task-2
2025-08-17T22:51:58.713516 [32m[INFO][0m app:97 lifespan() - 🛑 Shutting down 4ex.ninja Trading Platform API | taskName=Task-2
2025-08-17T22:51:58.713967 [32m[INFO][0m infrastructure.monitoring.system_metrics:64 stop_monitoring() - Stopped system monitoring | taskName=Task-2
2025-08-17T22:51:58.714062 [32m[INFO][0m app:104 lifespan() - ✅ System metrics monitoring stopped | taskName=Task-2
2025-08-17T22:51:58.714097 [32m[INFO][0m app:108 lifespan() - ✅ Shutdown completed successfully | taskName=Task-2
2025-08-17T22:52:07.108136 [32m[INFO][0m api.middleware.security_headers:312 create_security_middleware_stack() - Security middleware stack configured successfully | taskName=Task-1
2025-08-17T22:52:07.126353 [32m[INFO][0m app:53 lifespan() - 🚀 Starting 4ex.ninja Trading Platform API | taskName=Task-2
2025-08-17T22:52:07.126424 [32m[INFO][0m app:54 lifespan() - Environment: development | taskName=Task-2
2025-08-17T22:52:07.126453 [32m[INFO][0m app:55 lifespan() - Log Level: 20 | taskName=Task-2
2025-08-17T22:52:07.126479 [32m[INFO][0m app:68 lifespan() - ℹ️ Sentry DSN not configured - error tracking disabled | taskName=Task-2
2025-08-17T22:52:07.126507 [32m[INFO][0m app:72 lifespan() - ✅ Dependency container initialized | taskName=Task-2
2025-08-17T22:52:07.131081 [31m[ERROR][0m infrastructure.caching.redis_cache:90 _get_redis() - Failed to connect to Redis: Error Multiple exceptions: [Errno 61] Connect call failed ('::1', 6379, 0, 0), [Errno 61] Connect call failed ('127.0.0.1', 6379) connecting to localhost:6379. | taskName=Task-2
2025-08-17T22:52:07.131223 [33m[WARNING][0m services.cache_service:308 create_cache_manager() - Failed to initialize Redis backend: Error Multiple exceptions: [Errno 61] Connect call failed ('::1', 6379, 0, 0), [Errno 61] Connect call failed ('127.0.0.1', 6379) connecting to localhost:6379. | taskName=Task-2
2025-08-17T22:52:07.131271 [32m[INFO][0m services.cache_service:315 create_cache_manager() - Using memory cache backend | taskName=Task-2
2025-08-17T22:52:07.131328 [32m[INFO][0m services.cache_service:238 warm_cache() - Starting cache warming for 5 filter combinations | taskName=Task-2
2025-08-17T22:52:07.131397 [32m[INFO][0m services.cache_service:257 warm_cache() - Cache warming completed. Warmed 0 entries | taskName=Task-2
2025-08-17T22:52:07.131429 [32m[INFO][0m app:78 lifespan() - ✅ Cache warming completed. Warmed 0 entries | taskName=Task-2
2025-08-17T22:52:07.131500 [32m[INFO][0m infrastructure.monitoring.system_metrics:53 start_monitoring() - Started system monitoring with 30s interval | taskName=Task-2
2025-08-17T22:52:07.131528 [32m[INFO][0m app:87 lifespan() - ✅ System metrics monitoring started | taskName=Task-2
2025-08-17T22:52:07.131553 [32m[INFO][0m app:92 lifespan() - 🎯 4ex.ninja Trading Platform API startup completed successfully | taskName=Task-2
2025-08-17T22:52:14.744975 [32m[INFO][0m api.middleware.logging_middleware:77 dispatch() - Incoming request: GET /api/risk/var-summary | taskName=starlette.middleware.base.BaseHTTPMiddleware.__call__.<locals>.call_next.<locals>.coro
2025-08-17T22:52:14.747239 [32m[INFO][0m api.routes.risk:143 get_var_summary() - Fetching VaR summary | taskName=starlette.middleware.base.BaseHTTPMiddleware.__call__.<locals>.call_next.<locals>.coro
2025-08-17T22:52:14.747351 [32m[INFO][0m risk.var_monitor:267 __init__() - VaRMonitor initialized with 95.0% confidence level | taskName=starlette.middleware.base.BaseHTTPMiddleware.__call__.<locals>.call_next.<locals>.coro
2025-08-17T22:52:14.747392 [32m[INFO][0m api.routes.risk:43 get_var_monitor() - VaRMonitor initialized successfully | taskName=starlette.middleware.base.BaseHTTPMiddleware.__call__.<locals>.call_next.<locals>.coro
2025-08-17T22:52:14.747431 [33m[WARNING][0m risk.var_monitor:482 _get_price_history() - Using mock data for EUR_USD VaR calculation | taskName=starlette.middleware.base.BaseHTTPMiddleware.__call__.<locals>.call_next.<locals>.coro
2025-08-17T22:52:14.756295 [33m[WARNING][0m risk.var_monitor:482 _get_price_history() - Using mock data for GBP_USD VaR calculation | taskName=starlette.middleware.base.BaseHTTPMiddleware.__call__.<locals>.call_next.<locals>.coro
2025-08-17T22:52:14.757474 [33m[WARNING][0m risk.var_monitor:482 _get_price_history() - Using mock data for AUD_USD VaR calculation | taskName=starlette.middleware.base.BaseHTTPMiddleware.__call__.<locals>.call_next.<locals>.coro
2025-08-17T22:52:14.758706 [33m[WARNING][0m risk.var_monitor:482 _get_price_history() - Using mock data for USD_JPY VaR calculation | taskName=starlette.middleware.base.BaseHTTPMiddleware.__call__.<locals>.call_next.<locals>.coro
2025-08-17T22:52:14.759835 [32m[INFO][0m risk.var_monitor:330 calculate_portfolio_var() - Portfolio VaR calculated for 4 positions | taskName=starlette.middleware.base.BaseHTTPMiddleware.__call__.<locals>.call_next.<locals>.coro
2025-08-17T22:52:14.759909 [32m[INFO][0m api.routes.risk:196 get_var_summary() - VaR summary calculated successfully | taskName=starlette.middleware.base.BaseHTTPMiddleware.__call__.<locals>.call_next.<locals>.coro
2025-08-17T22:52:14.760768 [32m[INFO][0m api.middleware.logging_middleware:96 dispatch() - Response: GET /api/risk/var-summary -> 200 in 0.016s | taskName=starlette.middleware.base.BaseHTTPMiddleware.__call__.<locals>.call_next.<locals>.coro
2025-08-17T22:52:14.760917 [32m[INFO][0m api.middleware.error_handler:53 dispatch() - GET /api/risk/var-summary completed in 0.016s with status 200 | taskName=starlette.middleware.base.BaseHTTPMiddleware.__call__.<locals>.call_next.<locals>.coro
2025-08-17T22:52:19.660338 [32m[INFO][0m api.middleware.logging_middleware:77 dispatch() - Incoming request: GET /api/risk/correlation-matrix | taskName=starlette.middleware.base.BaseHTTPMiddleware.__call__.<locals>.call_next.<locals>.coro
2025-08-17T22:52:19.660797 [32m[INFO][0m api.routes.risk:208 get_correlation_matrix() - Fetching correlation matrix | taskName=starlette.middleware.base.BaseHTTPMiddleware.__call__.<locals>.call_next.<locals>.coro
2025-08-17T22:52:19.661463 [32m[INFO][0m risk.correlation_manager:119 __init__() - CorrelationManager initialized with 0.4 threshold | taskName=starlette.middleware.base.BaseHTTPMiddleware.__call__.<locals>.call_next.<locals>.coro
2025-08-17T22:52:19.661594 [32m[INFO][0m api.routes.risk:56 get_correlation_manager() - CorrelationManager initialized successfully | taskName=starlette.middleware.base.BaseHTTPMiddleware.__call__.<locals>.call_next.<locals>.coro
2025-08-17T22:52:19.676258 [32m[INFO][0m risk.correlation_manager:230 calculate_correlation_matrix() - Correlation matrix calculated for 4 pairs | taskName=starlette.middleware.base.BaseHTTPMiddleware.__call__.<locals>.call_next.<locals>.coro
2025-08-17T22:52:19.677171 [32m[INFO][0m api.routes.risk:276 get_correlation_matrix() - Correlation matrix calculated successfully | taskName=starlette.middleware.base.BaseHTTPMiddleware.__call__.<locals>.call_next.<locals>.coro
2025-08-17T22:52:19.677630 [32m[INFO][0m api.middleware.logging_middleware:96 dispatch() - Response: GET /api/risk/correlation-matrix -> 200 in 0.017s | taskName=starlette.middleware.base.BaseHTTPMiddleware.__call__.<locals>.call_next.<locals>.coro
2025-08-17T22:52:19.677830 [32m[INFO][0m api.middleware.error_handler:53 dispatch() - GET /api/risk/correlation-matrix completed in 0.018s with status 200 | taskName=starlette.middleware.base.BaseHTTPMiddleware.__call__.<locals>.call_next.<locals>.coro
2025-08-17T22:56:47.218122 [32m[INFO][0m infrastructure.monitoring.alerts:432 trigger_alert() - Triggering alert: System Resource Alert: CPU | taskName=Task-4
2025-08-17T22:56:47.219388 [33m[WARNING][0m infrastructure.monitoring.alerts:511 _route_alert() - Channel not available: email | taskName=Task-4
2025-08-17T22:56:47.219604 [31m[ERROR][0m alerts:116 send_alert() - ALERT [HIGH] System Resource Alert: CPU: CPU usage is 95.4%, exceeding threshold of 90.0% | Context: {"process_count": 399, "timestamp": 1755496607.2175791} | taskName=Task-4
2025-08-17T23:02:53.235291 [32m[INFO][0m api.middleware.logging_middleware:77 dispatch() - Incoming request: GET /api/risk/var-summary | taskName=starlette.middleware.base.BaseHTTPMiddleware.__call__.<locals>.call_next.<locals>.coro
2025-08-17T23:02:53.237429 [32m[INFO][0m api.routes.risk:143 get_var_summary() - Fetching VaR summary | taskName=starlette.middleware.base.BaseHTTPMiddleware.__call__.<locals>.call_next.<locals>.coro
2025-08-17T23:02:53.237631 [33m[WARNING][0m risk.var_monitor:482 _get_price_history() - Using mock data for EUR_USD VaR calculation | taskName=starlette.middleware.base.BaseHTTPMiddleware.__call__.<locals>.call_next.<locals>.coro
2025-08-17T23:02:53.242077 [33m[WARNING][0m risk.var_monitor:482 _get_price_history() - Using mock data for GBP_USD VaR calculation | taskName=starlette.middleware.base.BaseHTTPMiddleware.__call__.<locals>.call_next.<locals>.coro
2025-08-17T23:02:53.243058 [33m[WARNING][0m risk.var_monitor:482 _get_price_history() - Using mock data for AUD_USD VaR calculation | taskName=starlette.middleware.base.BaseHTTPMiddleware.__call__.<locals>.call_next.<locals>.coro
2025-08-17T23:02:53.243881 [33m[WARNING][0m risk.var_monitor:482 _get_price_history() - Using mock data for USD_JPY VaR calculation | taskName=starlette.middleware.base.BaseHTTPMiddleware.__call__.<locals>.call_next.<locals>.coro
2025-08-17T23:02:53.244686 [32m[INFO][0m risk.var_monitor:330 calculate_portfolio_var() - Portfolio VaR calculated for 4 positions | taskName=starlette.middleware.base.BaseHTTPMiddleware.__call__.<locals>.call_next.<locals>.coro
2025-08-17T23:02:53.245021 [32m[INFO][0m api.routes.risk:196 get_var_summary() - VaR summary calculated successfully | taskName=starlette.middleware.base.BaseHTTPMiddleware.__call__.<locals>.call_next.<locals>.coro
2025-08-17T23:02:53.245914 [32m[INFO][0m api.middleware.logging_middleware:96 dispatch() - Response: GET /api/risk/var-summary -> 200 in 0.011s | taskName=starlette.middleware.base.BaseHTTPMiddleware.__call__.<locals>.call_next.<locals>.coro
2025-08-17T23:02:53.246160 [32m[INFO][0m api.middleware.error_handler:53 dispatch() - GET /api/risk/var-summary completed in 0.011s with status 200 | taskName=starlette.middleware.base.BaseHTTPMiddleware.__call__.<locals>.call_next.<locals>.coro
2025-08-17T23:03:08.795937 [32m[INFO][0m api.middleware.logging_middleware:77 dispatch() - Incoming request: GET /api/risk/var-summary | taskName=starlette.middleware.base.BaseHTTPMiddleware.__call__.<locals>.call_next.<locals>.coro
2025-08-17T23:03:08.796869 [32m[INFO][0m api.routes.risk:143 get_var_summary() - Fetching VaR summary | taskName=starlette.middleware.base.BaseHTTPMiddleware.__call__.<locals>.call_next.<locals>.coro
2025-08-17T23:03:08.796961 [33m[WARNING][0m risk.var_monitor:482 _get_price_history() - Using mock data for EUR_USD VaR calculation | taskName=starlette.middleware.base.BaseHTTPMiddleware.__call__.<locals>.call_next.<locals>.coro
2025-08-17T23:03:08.798619 [33m[WARNING][0m risk.var_monitor:482 _get_price_history() - Using mock data for GBP_USD VaR calculation | taskName=starlette.middleware.base.BaseHTTPMiddleware.__call__.<locals>.call_next.<locals>.coro
2025-08-17T23:03:08.799677 [33m[WARNING][0m risk.var_monitor:482 _get_price_history() - Using mock data for AUD_USD VaR calculation | taskName=starlette.middleware.base.BaseHTTPMiddleware.__call__.<locals>.call_next.<locals>.coro
2025-08-17T23:03:08.800564 [33m[WARNING][0m risk.var_monitor:482 _get_price_history() - Using mock data for USD_JPY VaR calculation | taskName=starlette.middleware.base.BaseHTTPMiddleware.__call__.<locals>.call_next.<locals>.coro
2025-08-17T23:03:08.801410 [32m[INFO][0m risk.var_monitor:330 calculate_portfolio_var() - Portfolio VaR calculated for 4 positions | taskName=starlette.middleware.base.BaseHTTPMiddleware.__call__.<locals>.call_next.<locals>.coro
2025-08-17T23:03:08.801461 [32m[INFO][0m api.routes.risk:196 get_var_summary() - VaR summary calculated successfully | taskName=starlette.middleware.base.BaseHTTPMiddleware.__call__.<locals>.call_next.<locals>.coro
2025-08-17T23:03:08.801893 [32m[INFO][0m api.middleware.logging_middleware:96 dispatch() - Response: GET /api/risk/var-summary -> 200 in 0.006s | taskName=starlette.middleware.base.BaseHTTPMiddleware.__call__.<locals>.call_next.<locals>.coro
2025-08-17T23:03:08.802132 [32m[INFO][0m api.middleware.error_handler:53 dispatch() - GET /api/risk/var-summary completed in 0.006s with status 200 | taskName=starlette.middleware.base.BaseHTTPMiddleware.__call__.<locals>.call_next.<locals>.coro
2025-08-17T23:05:02.120225 [32m[INFO][0m api.middleware.logging_middleware:77 dispatch() - Incoming request: GET /api/risk/var-summary | taskName=starlette.middleware.base.BaseHTTPMiddleware.__call__.<locals>.call_next.<locals>.coro
2025-08-17T23:05:02.122164 [32m[INFO][0m api.routes.risk:143 get_var_summary() - Fetching VaR summary | taskName=starlette.middleware.base.BaseHTTPMiddleware.__call__.<locals>.call_next.<locals>.coro
2025-08-17T23:05:02.122302 [33m[WARNING][0m risk.var_monitor:482 _get_price_history() - Using mock data for EUR_USD VaR calculation | taskName=starlette.middleware.base.BaseHTTPMiddleware.__call__.<locals>.call_next.<locals>.coro
2025-08-17T23:05:02.127733 [33m[WARNING][0m risk.var_monitor:482 _get_price_history() - Using mock data for GBP_USD VaR calculation | taskName=starlette.middleware.base.BaseHTTPMiddleware.__call__.<locals>.call_next.<locals>.coro
2025-08-17T23:05:02.129571 [33m[WARNING][0m risk.var_monitor:482 _get_price_history() - Using mock data for AUD_USD VaR calculation | taskName=starlette.middleware.base.BaseHTTPMiddleware.__call__.<locals>.call_next.<locals>.coro
2025-08-17T23:05:02.130862 [33m[WARNING][0m risk.var_monitor:482 _get_price_history() - Using mock data for USD_JPY VaR calculation | taskName=starlette.middleware.base.BaseHTTPMiddleware.__call__.<locals>.call_next.<locals>.coro
2025-08-17T23:05:02.131760 [32m[INFO][0m risk.var_monitor:330 calculate_portfolio_var() - Portfolio VaR calculated for 4 positions | taskName=starlette.middleware.base.BaseHTTPMiddleware.__call__.<locals>.call_next.<locals>.coro
2025-08-17T23:05:02.131816 [32m[INFO][0m api.routes.risk:196 get_var_summary() - VaR summary calculated successfully | taskName=starlette.middleware.base.BaseHTTPMiddleware.__call__.<locals>.call_next.<locals>.coro
2025-08-17T23:05:02.132487 [32m[INFO][0m api.middleware.logging_middleware:96 dispatch() - Response: GET /api/risk/var-summary -> 200 in 0.012s | taskName=starlette.middleware.base.BaseHTTPMiddleware.__call__.<locals>.call_next.<locals>.coro
2025-08-17T23:05:02.132653 [32m[INFO][0m api.middleware.error_handler:53 dispatch() - GET /api/risk/var-summary completed in 0.013s with status 200 | taskName=starlette.middleware.base.BaseHTTPMiddleware.__call__.<locals>.call_next.<locals>.coro
2025-08-17T23:05:24.586535 [32m[INFO][0m api.middleware.logging_middleware:77 dispatch() - Incoming request: GET /api/risk/var-summary | taskName=starlette.middleware.base.BaseHTTPMiddleware.__call__.<locals>.call_next.<locals>.coro
2025-08-17T23:05:24.590402 [32m[INFO][0m api.routes.risk:143 get_var_summary() - Fetching VaR summary | taskName=starlette.middleware.base.BaseHTTPMiddleware.__call__.<locals>.call_next.<locals>.coro
2025-08-17T23:05:24.590573 [33m[WARNING][0m risk.var_monitor:482 _get_price_history() - Using mock data for EUR_USD VaR calculation | taskName=starlette.middleware.base.BaseHTTPMiddleware.__call__.<locals>.call_next.<locals>.coro
2025-08-17T23:05:24.593273 [33m[WARNING][0m risk.var_monitor:482 _get_price_history() - Using mock data for GBP_USD VaR calculation | taskName=starlette.middleware.base.BaseHTTPMiddleware.__call__.<locals>.call_next.<locals>.coro
2025-08-17T23:05:24.595024 [33m[WARNING][0m risk.var_monitor:482 _get_price_history() - Using mock data for AUD_USD VaR calculation | taskName=starlette.middleware.base.BaseHTTPMiddleware.__call__.<locals>.call_next.<locals>.coro
2025-08-17T23:05:24.596407 [33m[WARNING][0m risk.var_monitor:482 _get_price_history() - Using mock data for USD_JPY VaR calculation | taskName=starlette.middleware.base.BaseHTTPMiddleware.__call__.<locals>.call_next.<locals>.coro
2025-08-17T23:05:24.598367 [32m[INFO][0m risk.var_monitor:330 calculate_portfolio_var() - Portfolio VaR calculated for 4 positions | taskName=starlette.middleware.base.BaseHTTPMiddleware.__call__.<locals>.call_next.<locals>.coro
2025-08-17T23:05:24.598475 [32m[INFO][0m api.routes.risk:196 get_var_summary() - VaR summary calculated successfully | taskName=starlette.middleware.base.BaseHTTPMiddleware.__call__.<locals>.call_next.<locals>.coro
2025-08-17T23:05:24.599285 [32m[INFO][0m api.middleware.logging_middleware:96 dispatch() - Response: GET /api/risk/var-summary -> 200 in 0.013s | taskName=starlette.middleware.base.BaseHTTPMiddleware.__call__.<locals>.call_next.<locals>.coro
2025-08-17T23:05:24.599779 [32m[INFO][0m api.middleware.error_handler:53 dispatch() - GET /api/risk/var-summary completed in 0.013s with status 200 | taskName=starlette.middleware.base.BaseHTTPMiddleware.__call__.<locals>.call_next.<locals>.coro
2025-08-17T23:05:53.959134 [32m[INFO][0m api.middleware.logging_middleware:77 dispatch() - Incoming request: GET /api/risk/var-summary | taskName=starlette.middleware.base.BaseHTTPMiddleware.__call__.<locals>.call_next.<locals>.coro
2025-08-17T23:05:53.959935 [32m[INFO][0m api.routes.risk:143 get_var_summary() - Fetching VaR summary | taskName=starlette.middleware.base.BaseHTTPMiddleware.__call__.<locals>.call_next.<locals>.coro
2025-08-17T23:05:53.960035 [33m[WARNING][0m risk.var_monitor:482 _get_price_history() - Using mock data for EUR_USD VaR calculation | taskName=starlette.middleware.base.BaseHTTPMiddleware.__call__.<locals>.call_next.<locals>.coro
2025-08-17T23:05:53.961818 [33m[WARNING][0m risk.var_monitor:482 _get_price_history() - Using mock data for GBP_USD VaR calculation | taskName=starlette.middleware.base.BaseHTTPMiddleware.__call__.<locals>.call_next.<locals>.coro
2025-08-17T23:05:53.963144 [33m[WARNING][0m risk.var_monitor:482 _get_price_history() - Using mock data for AUD_USD VaR calculation | taskName=starlette.middleware.base.BaseHTTPMiddleware.__call__.<locals>.call_next.<locals>.coro
2025-08-17T23:05:53.965111 [33m[WARNING][0m risk.var_monitor:482 _get_price_history() - Using mock data for USD_JPY VaR calculation | taskName=starlette.middleware.base.BaseHTTPMiddleware.__call__.<locals>.call_next.<locals>.coro
2025-08-17T23:05:53.966421 [32m[INFO][0m risk.var_monitor:330 calculate_portfolio_var() - Portfolio VaR calculated for 4 positions | taskName=starlette.middleware.base.BaseHTTPMiddleware.__call__.<locals>.call_next.<locals>.coro
2025-08-17T23:05:53.966497 [32m[INFO][0m api.routes.risk:196 get_var_summary() - VaR summary calculated successfully | taskName=starlette.middleware.base.BaseHTTPMiddleware.__call__.<locals>.call_next.<locals>.coro
2025-08-17T23:05:53.966927 [32m[INFO][0m api.middleware.logging_middleware:96 dispatch() - Response: GET /api/risk/var-summary -> 200 in 0.008s | taskName=starlette.middleware.base.BaseHTTPMiddleware.__call__.<locals>.call_next.<locals>.coro
2025-08-17T23:05:53.967158 [32m[INFO][0m api.middleware.error_handler:53 dispatch() - GET /api/risk/var-summary completed in 0.008s with status 200 | taskName=starlette.middleware.base.BaseHTTPMiddleware.__call__.<locals>.call_next.<locals>.coro
2025-08-17T23:06:23.949131 [32m[INFO][0m api.middleware.logging_middleware:77 dispatch() - Incoming request: GET /api/risk/var-summary | taskName=starlette.middleware.base.BaseHTTPMiddleware.__call__.<locals>.call_next.<locals>.coro
2025-08-17T23:06:23.950399 [32m[INFO][0m api.routes.risk:143 get_var_summary() - Fetching VaR summary | taskName=starlette.middleware.base.BaseHTTPMiddleware.__call__.<locals>.call_next.<locals>.coro
2025-08-17T23:06:23.950473 [33m[WARNING][0m risk.var_monitor:482 _get_price_history() - Using mock data for EUR_USD VaR calculation | taskName=starlette.middleware.base.BaseHTTPMiddleware.__call__.<locals>.call_next.<locals>.coro
2025-08-17T23:06:23.952076 [33m[WARNING][0m risk.var_monitor:482 _get_price_history() - Using mock data for GBP_USD VaR calculation | taskName=starlette.middleware.base.BaseHTTPMiddleware.__call__.<locals>.call_next.<locals>.coro
2025-08-17T23:06:23.953136 [33m[WARNING][0m risk.var_monitor:482 _get_price_history() - Using mock data for AUD_USD VaR calculation | taskName=starlette.middleware.base.BaseHTTPMiddleware.__call__.<locals>.call_next.<locals>.coro
2025-08-17T23:06:23.954063 [33m[WARNING][0m risk.var_monitor:482 _get_price_history() - Using mock data for USD_JPY VaR calculation | taskName=starlette.middleware.base.BaseHTTPMiddleware.__call__.<locals>.call_next.<locals>.coro
2025-08-17T23:06:23.954938 [32m[INFO][0m risk.var_monitor:330 calculate_portfolio_var() - Portfolio VaR calculated for 4 positions | taskName=starlette.middleware.base.BaseHTTPMiddleware.__call__.<locals>.call_next.<locals>.coro
2025-08-17T23:06:23.954994 [32m[INFO][0m api.routes.risk:196 get_var_summary() - VaR summary calculated successfully | taskName=starlette.middleware.base.BaseHTTPMiddleware.__call__.<locals>.call_next.<locals>.coro
2025-08-17T23:06:23.955423 [32m[INFO][0m api.middleware.logging_middleware:96 dispatch() - Response: GET /api/risk/var-summary -> 200 in 0.006s | taskName=starlette.middleware.base.BaseHTTPMiddleware.__call__.<locals>.call_next.<locals>.coro
2025-08-17T23:06:23.955631 [32m[INFO][0m api.middleware.error_handler:53 dispatch() - GET /api/risk/var-summary completed in 0.007s with status 200 | taskName=starlette.middleware.base.BaseHTTPMiddleware.__call__.<locals>.call_next.<locals>.coro
2025-08-17T23:06:53.961751 [32m[INFO][0m api.middleware.logging_middleware:77 dispatch() - Incoming request: GET /api/risk/var-summary | taskName=starlette.middleware.base.BaseHTTPMiddleware.__call__.<locals>.call_next.<locals>.coro
2025-08-17T23:06:53.963017 [32m[INFO][0m api.routes.risk:143 get_var_summary() - Fetching VaR summary | taskName=starlette.middleware.base.BaseHTTPMiddleware.__call__.<locals>.call_next.<locals>.coro
2025-08-17T23:06:53.963210 [33m[WARNING][0m risk.var_monitor:482 _get_price_history() - Using mock data for EUR_USD VaR calculation | taskName=starlette.middleware.base.BaseHTTPMiddleware.__call__.<locals>.call_next.<locals>.coro
2025-08-17T23:06:53.968988 [33m[WARNING][0m risk.var_monitor:482 _get_price_history() - Using mock data for GBP_USD VaR calculation | taskName=starlette.middleware.base.BaseHTTPMiddleware.__call__.<locals>.call_next.<locals>.coro
2025-08-17T23:06:53.970929 [33m[WARNING][0m risk.var_monitor:482 _get_price_history() - Using mock data for AUD_USD VaR calculation | taskName=starlette.middleware.base.BaseHTTPMiddleware.__call__.<locals>.call_next.<locals>.coro
2025-08-17T23:06:53.972431 [33m[WARNING][0m risk.var_monitor:482 _get_price_history() - Using mock data for USD_JPY VaR calculation | taskName=starlette.middleware.base.BaseHTTPMiddleware.__call__.<locals>.call_next.<locals>.coro
2025-08-17T23:06:53.973685 [32m[INFO][0m risk.var_monitor:330 calculate_portfolio_var() - Portfolio VaR calculated for 4 positions | taskName=starlette.middleware.base.BaseHTTPMiddleware.__call__.<locals>.call_next.<locals>.coro
2025-08-17T23:06:53.973753 [32m[INFO][0m api.routes.risk:196 get_var_summary() - VaR summary calculated successfully | taskName=starlette.middleware.base.BaseHTTPMiddleware.__call__.<locals>.call_next.<locals>.coro
2025-08-17T23:06:53.974539 [32m[INFO][0m api.middleware.logging_middleware:96 dispatch() - Response: GET /api/risk/var-summary -> 200 in 0.013s | taskName=starlette.middleware.base.BaseHTTPMiddleware.__call__.<locals>.call_next.<locals>.coro
2025-08-17T23:06:53.974762 [32m[INFO][0m api.middleware.error_handler:53 dispatch() - GET /api/risk/var-summary completed in 0.013s with status 200 | taskName=starlette.middleware.base.BaseHTTPMiddleware.__call__.<locals>.call_next.<locals>.coro
2025-08-17T23:07:23.975014 [32m[INFO][0m api.middleware.logging_middleware:77 dispatch() - Incoming request: GET /api/risk/var-summary | taskName=starlette.middleware.base.BaseHTTPMiddleware.__call__.<locals>.call_next.<locals>.coro
2025-08-17T23:07:23.975680 [32m[INFO][0m api.routes.risk:143 get_var_summary() - Fetching VaR summary | taskName=starlette.middleware.base.BaseHTTPMiddleware.__call__.<locals>.call_next.<locals>.coro
2025-08-17T23:07:23.975768 [33m[WARNING][0m risk.var_monitor:482 _get_price_history() - Using mock data for EUR_USD VaR calculation | taskName=starlette.middleware.base.BaseHTTPMiddleware.__call__.<locals>.call_next.<locals>.coro
2025-08-17T23:07:23.977493 [33m[WARNING][0m risk.var_monitor:482 _get_price_history() - Using mock data for GBP_USD VaR calculation | taskName=starlette.middleware.base.BaseHTTPMiddleware.__call__.<locals>.call_next.<locals>.coro
2025-08-17T23:07:23.979057 [33m[WARNING][0m risk.var_monitor:482 _get_price_history() - Using mock data for AUD_USD VaR calculation | taskName=starlette.middleware.base.BaseHTTPMiddleware.__call__.<locals>.call_next.<locals>.coro
2025-08-17T23:07:23.980346 [33m[WARNING][0m risk.var_monitor:482 _get_price_history() - Using mock data for USD_JPY VaR calculation | taskName=starlette.middleware.base.BaseHTTPMiddleware.__call__.<locals>.call_next.<locals>.coro
2025-08-17T23:07:23.981428 [32m[INFO][0m risk.var_monitor:330 calculate_portfolio_var() - Portfolio VaR calculated for 4 positions | taskName=starlette.middleware.base.BaseHTTPMiddleware.__call__.<locals>.call_next.<locals>.coro
2025-08-17T23:07:23.981496 [32m[INFO][0m api.routes.risk:196 get_var_summary() - VaR summary calculated successfully | taskName=starlette.middleware.base.BaseHTTPMiddleware.__call__.<locals>.call_next.<locals>.coro
2025-08-17T23:07:23.981878 [32m[INFO][0m api.middleware.logging_middleware:96 dispatch() - Response: GET /api/risk/var-summary -> 200 in 0.007s | taskName=starlette.middleware.base.BaseHTTPMiddleware.__call__.<locals>.call_next.<locals>.coro
2025-08-17T23:07:23.982113 [32m[INFO][0m api.middleware.error_handler:53 dispatch() - GET /api/risk/var-summary completed in 0.007s with status 200 | taskName=starlette.middleware.base.BaseHTTPMiddleware.__call__.<locals>.call_next.<locals>.coro
2025-08-17T23:07:53.954559 [32m[INFO][0m api.middleware.logging_middleware:77 dispatch() - Incoming request: GET /api/risk/var-summary | taskName=starlette.middleware.base.BaseHTTPMiddleware.__call__.<locals>.call_next.<locals>.coro
2025-08-17T23:07:53.955308 [32m[INFO][0m api.routes.risk:143 get_var_summary() - Fetching VaR summary | taskName=starlette.middleware.base.BaseHTTPMiddleware.__call__.<locals>.call_next.<locals>.coro
2025-08-17T23:07:53.955424 [33m[WARNING][0m risk.var_monitor:482 _get_price_history() - Using mock data for EUR_USD VaR calculation | taskName=starlette.middleware.base.BaseHTTPMiddleware.__call__.<locals>.call_next.<locals>.coro
2025-08-17T23:07:53.957433 [33m[WARNING][0m risk.var_monitor:482 _get_price_history() - Using mock data for GBP_USD VaR calculation | taskName=starlette.middleware.base.BaseHTTPMiddleware.__call__.<locals>.call_next.<locals>.coro
2025-08-17T23:07:53.958977 [33m[WARNING][0m risk.var_monitor:482 _get_price_history() - Using mock data for AUD_USD VaR calculation | taskName=starlette.middleware.base.BaseHTTPMiddleware.__call__.<locals>.call_next.<locals>.coro
2025-08-17T23:07:53.960750 [33m[WARNING][0m risk.var_monitor:482 _get_price_history() - Using mock data for USD_JPY VaR calculation | taskName=starlette.middleware.base.BaseHTTPMiddleware.__call__.<locals>.call_next.<locals>.coro
2025-08-17T23:07:53.962174 [32m[INFO][0m risk.var_monitor:330 calculate_portfolio_var() - Portfolio VaR calculated for 4 positions | taskName=starlette.middleware.base.BaseHTTPMiddleware.__call__.<locals>.call_next.<locals>.coro
2025-08-17T23:07:53.962248 [32m[INFO][0m api.routes.risk:196 get_var_summary() - VaR summary calculated successfully | taskName=starlette.middleware.base.BaseHTTPMiddleware.__call__.<locals>.call_next.<locals>.coro
2025-08-17T23:07:53.962639 [32m[INFO][0m api.middleware.logging_middleware:96 dispatch() - Response: GET /api/risk/var-summary -> 200 in 0.008s | taskName=starlette.middleware.base.BaseHTTPMiddleware.__call__.<locals>.call_next.<locals>.coro
2025-08-17T23:07:53.962836 [32m[INFO][0m api.middleware.error_handler:53 dispatch() - GET /api/risk/var-summary completed in 0.008s with status 200 | taskName=starlette.middleware.base.BaseHTTPMiddleware.__call__.<locals>.call_next.<locals>.coro
2025-08-17T23:08:23.968285 [32m[INFO][0m api.middleware.logging_middleware:77 dispatch() - Incoming request: GET /api/risk/var-summary | taskName=starlette.middleware.base.BaseHTTPMiddleware.__call__.<locals>.call_next.<locals>.coro
2025-08-17T23:08:23.969024 [32m[INFO][0m api.routes.risk:143 get_var_summary() - Fetching VaR summary | taskName=starlette.middleware.base.BaseHTTPMiddleware.__call__.<locals>.call_next.<locals>.coro
2025-08-17T23:08:23.969119 [33m[WARNING][0m risk.var_monitor:482 _get_price_history() - Using mock data for EUR_USD VaR calculation | taskName=starlette.middleware.base.BaseHTTPMiddleware.__call__.<locals>.call_next.<locals>.coro
2025-08-17T23:08:23.971722 [33m[WARNING][0m risk.var_monitor:482 _get_price_history() - Using mock data for GBP_USD VaR calculation | taskName=starlette.middleware.base.BaseHTTPMiddleware.__call__.<locals>.call_next.<locals>.coro
2025-08-17T23:08:23.973222 [33m[WARNING][0m risk.var_monitor:482 _get_price_history() - Using mock data for AUD_USD VaR calculation | taskName=starlette.middleware.base.BaseHTTPMiddleware.__call__.<locals>.call_next.<locals>.coro
2025-08-17T23:08:23.974562 [33m[WARNING][0m risk.var_monitor:482 _get_price_history() - Using mock data for USD_JPY VaR calculation | taskName=starlette.middleware.base.BaseHTTPMiddleware.__call__.<locals>.call_next.<locals>.coro
2025-08-17T23:08:23.975714 [32m[INFO][0m risk.var_monitor:330 calculate_portfolio_var() - Portfolio VaR calculated for 4 positions | taskName=starlette.middleware.base.BaseHTTPMiddleware.__call__.<locals>.call_next.<locals>.coro
2025-08-17T23:08:23.975777 [32m[INFO][0m api.routes.risk:196 get_var_summary() - VaR summary calculated successfully | taskName=starlette.middleware.base.BaseHTTPMiddleware.__call__.<locals>.call_next.<locals>.coro
2025-08-17T23:08:23.976223 [32m[INFO][0m api.middleware.logging_middleware:96 dispatch() - Response: GET /api/risk/var-summary -> 200 in 0.008s | taskName=starlette.middleware.base.BaseHTTPMiddleware.__call__.<locals>.call_next.<locals>.coro
2025-08-17T23:08:23.976538 [32m[INFO][0m api.middleware.error_handler:53 dispatch() - GET /api/risk/var-summary completed in 0.008s with status 200 | taskName=starlette.middleware.base.BaseHTTPMiddleware.__call__.<locals>.call_next.<locals>.coro
2025-08-17T23:08:58.678714 [32m[INFO][0m api.middleware.logging_middleware:77 dispatch() - Incoming request: GET /api/risk/var-summary | taskName=starlette.middleware.base.BaseHTTPMiddleware.__call__.<locals>.call_next.<locals>.coro
2025-08-17T23:08:58.679330 [32m[INFO][0m api.routes.risk:143 get_var_summary() - Fetching VaR summary | taskName=starlette.middleware.base.BaseHTTPMiddleware.__call__.<locals>.call_next.<locals>.coro
2025-08-17T23:08:58.679396 [33m[WARNING][0m risk.var_monitor:482 _get_price_history() - Using mock data for EUR_USD VaR calculation | taskName=starlette.middleware.base.BaseHTTPMiddleware.__call__.<locals>.call_next.<locals>.coro
2025-08-17T23:08:58.680814 [33m[WARNING][0m risk.var_monitor:482 _get_price_history() - Using mock data for GBP_USD VaR calculation | taskName=starlette.middleware.base.BaseHTTPMiddleware.__call__.<locals>.call_next.<locals>.coro
2025-08-17T23:08:58.682048 [33m[WARNING][0m risk.var_monitor:482 _get_price_history() - Using mock data for AUD_USD VaR calculation | taskName=starlette.middleware.base.BaseHTTPMiddleware.__call__.<locals>.call_next.<locals>.coro
2025-08-17T23:08:58.683148 [33m[WARNING][0m risk.var_monitor:482 _get_price_history() - Using mock data for USD_JPY VaR calculation | taskName=starlette.middleware.base.BaseHTTPMiddleware.__call__.<locals>.call_next.<locals>.coro
2025-08-17T23:08:58.684034 [32m[INFO][0m risk.var_monitor:330 calculate_portfolio_var() - Portfolio VaR calculated for 4 positions | taskName=starlette.middleware.base.BaseHTTPMiddleware.__call__.<locals>.call_next.<locals>.coro
2025-08-17T23:08:58.684082 [32m[INFO][0m api.routes.risk:196 get_var_summary() - VaR summary calculated successfully | taskName=starlette.middleware.base.BaseHTTPMiddleware.__call__.<locals>.call_next.<locals>.coro
2025-08-17T23:08:58.684446 [32m[INFO][0m api.middleware.logging_middleware:96 dispatch() - Response: GET /api/risk/var-summary -> 200 in 0.006s | taskName=starlette.middleware.base.BaseHTTPMiddleware.__call__.<locals>.call_next.<locals>.coro
2025-08-17T23:08:58.684613 [32m[INFO][0m api.middleware.error_handler:53 dispatch() - GET /api/risk/var-summary completed in 0.006s with status 200 | taskName=starlette.middleware.base.BaseHTTPMiddleware.__call__.<locals>.call_next.<locals>.coro
2025-08-17T23:09:23.946119 [32m[INFO][0m api.middleware.logging_middleware:77 dispatch() - Incoming request: GET /api/risk/var-summary | taskName=starlette.middleware.base.BaseHTTPMiddleware.__call__.<locals>.call_next.<locals>.coro
2025-08-17T23:09:23.947128 [32m[INFO][0m api.routes.risk:143 get_var_summary() - Fetching VaR summary | taskName=starlette.middleware.base.BaseHTTPMiddleware.__call__.<locals>.call_next.<locals>.coro
2025-08-17T23:09:23.947193 [33m[WARNING][0m risk.var_monitor:482 _get_price_history() - Using mock data for EUR_USD VaR calculation | taskName=starlette.middleware.base.BaseHTTPMiddleware.__call__.<locals>.call_next.<locals>.coro
2025-08-17T23:09:23.948693 [33m[WARNING][0m risk.var_monitor:482 _get_price_history() - Using mock data for GBP_USD VaR calculation | taskName=starlette.middleware.base.BaseHTTPMiddleware.__call__.<locals>.call_next.<locals>.coro
2025-08-17T23:09:23.949803 [33m[WARNING][0m risk.var_monitor:482 _get_price_history() - Using mock data for AUD_USD VaR calculation | taskName=starlette.middleware.base.BaseHTTPMiddleware.__call__.<locals>.call_next.<locals>.coro
2025-08-17T23:09:23.951121 [33m[WARNING][0m risk.var_monitor:482 _get_price_history() - Using mock data for USD_JPY VaR calculation | taskName=starlette.middleware.base.BaseHTTPMiddleware.__call__.<locals>.call_next.<locals>.coro
2025-08-17T23:09:23.952630 [32m[INFO][0m risk.var_monitor:330 calculate_portfolio_var() - Portfolio VaR calculated for 4 positions | taskName=starlette.middleware.base.BaseHTTPMiddleware.__call__.<locals>.call_next.<locals>.coro
2025-08-17T23:09:23.952704 [32m[INFO][0m api.routes.risk:196 get_var_summary() - VaR summary calculated successfully | taskName=starlette.middleware.base.BaseHTTPMiddleware.__call__.<locals>.call_next.<locals>.coro
2025-08-17T23:09:23.953129 [32m[INFO][0m api.middleware.logging_middleware:96 dispatch() - Response: GET /api/risk/var-summary -> 200 in 0.007s | taskName=starlette.middleware.base.BaseHTTPMiddleware.__call__.<locals>.call_next.<locals>.coro
2025-08-17T23:09:23.953378 [32m[INFO][0m api.middleware.error_handler:53 dispatch() - GET /api/risk/var-summary completed in 0.007s with status 200 | taskName=starlette.middleware.base.BaseHTTPMiddleware.__call__.<locals>.call_next.<locals>.coro
2025-08-17T23:09:53.948499 [32m[INFO][0m api.middleware.logging_middleware:77 dispatch() - Incoming request: GET /api/risk/var-summary | taskName=starlette.middleware.base.BaseHTTPMiddleware.__call__.<locals>.call_next.<locals>.coro
2025-08-17T23:09:53.949119 [32m[INFO][0m api.routes.risk:143 get_var_summary() - Fetching VaR summary | taskName=starlette.middleware.base.BaseHTTPMiddleware.__call__.<locals>.call_next.<locals>.coro
2025-08-17T23:09:53.949174 [33m[WARNING][0m risk.var_monitor:482 _get_price_history() - Using mock data for EUR_USD VaR calculation | taskName=starlette.middleware.base.BaseHTTPMiddleware.__call__.<locals>.call_next.<locals>.coro
2025-08-17T23:09:53.950912 [33m[WARNING][0m risk.var_monitor:482 _get_price_history() - Using mock data for GBP_USD VaR calculation | taskName=starlette.middleware.base.BaseHTTPMiddleware.__call__.<locals>.call_next.<locals>.coro
2025-08-17T23:09:53.952247 [33m[WARNING][0m risk.var_monitor:482 _get_price_history() - Using mock data for AUD_USD VaR calculation | taskName=starlette.middleware.base.BaseHTTPMiddleware.__call__.<locals>.call_next.<locals>.coro
2025-08-17T23:09:53.953434 [33m[WARNING][0m risk.var_monitor:482 _get_price_history() - Using mock data for USD_JPY VaR calculation | taskName=starlette.middleware.base.BaseHTTPMiddleware.__call__.<locals>.call_next.<locals>.coro
2025-08-17T23:09:53.955390 [32m[INFO][0m risk.var_monitor:330 calculate_portfolio_var() - Portfolio VaR calculated for 4 positions | taskName=starlette.middleware.base.BaseHTTPMiddleware.__call__.<locals>.call_next.<locals>.coro
2025-08-17T23:09:53.955510 [32m[INFO][0m api.routes.risk:196 get_var_summary() - VaR summary calculated successfully | taskName=starlette.middleware.base.BaseHTTPMiddleware.__call__.<locals>.call_next.<locals>.coro
2025-08-17T23:09:53.955920 [32m[INFO][0m api.middleware.logging_middleware:96 dispatch() - Response: GET /api/risk/var-summary -> 200 in 0.007s | taskName=starlette.middleware.base.BaseHTTPMiddleware.__call__.<locals>.call_next.<locals>.coro
2025-08-17T23:09:53.956163 [32m[INFO][0m api.middleware.error_handler:53 dispatch() - GET /api/risk/var-summary completed in 0.008s with status 200 | taskName=starlette.middleware.base.BaseHTTPMiddleware.__call__.<locals>.call_next.<locals>.coro
2025-08-17T23:10:40.061485 [32m[INFO][0m api.middleware.logging_middleware:77 dispatch() - Incoming request: GET /api/risk/var-summary | taskName=starlette.middleware.base.BaseHTTPMiddleware.__call__.<locals>.call_next.<locals>.coro
2025-08-17T23:10:40.062639 [32m[INFO][0m api.routes.risk:143 get_var_summary() - Fetching VaR summary | taskName=starlette.middleware.base.BaseHTTPMiddleware.__call__.<locals>.call_next.<locals>.coro
2025-08-17T23:10:40.062754 [33m[WARNING][0m risk.var_monitor:482 _get_price_history() - Using mock data for EUR_USD VaR calculation | taskName=starlette.middleware.base.BaseHTTPMiddleware.__call__.<locals>.call_next.<locals>.coro
2025-08-17T23:10:40.065035 [33m[WARNING][0m risk.var_monitor:482 _get_price_history() - Using mock data for GBP_USD VaR calculation | taskName=starlette.middleware.base.BaseHTTPMiddleware.__call__.<locals>.call_next.<locals>.coro
2025-08-17T23:10:40.066977 [33m[WARNING][0m risk.var_monitor:482 _get_price_history() - Using mock data for AUD_USD VaR calculation | taskName=starlette.middleware.base.BaseHTTPMiddleware.__call__.<locals>.call_next.<locals>.coro
2025-08-17T23:10:40.068076 [33m[WARNING][0m risk.var_monitor:482 _get_price_history() - Using mock data for USD_JPY VaR calculation | taskName=starlette.middleware.base.BaseHTTPMiddleware.__call__.<locals>.call_next.<locals>.coro
2025-08-17T23:10:40.068953 [32m[INFO][0m risk.var_monitor:330 calculate_portfolio_var() - Portfolio VaR calculated for 4 positions | taskName=starlette.middleware.base.BaseHTTPMiddleware.__call__.<locals>.call_next.<locals>.coro
2025-08-17T23:10:40.069000 [32m[INFO][0m api.routes.risk:196 get_var_summary() - VaR summary calculated successfully | taskName=starlette.middleware.base.BaseHTTPMiddleware.__call__.<locals>.call_next.<locals>.coro
2025-08-17T23:10:40.069472 [32m[INFO][0m api.middleware.logging_middleware:96 dispatch() - Response: GET /api/risk/var-summary -> 200 in 0.008s | taskName=starlette.middleware.base.BaseHTTPMiddleware.__call__.<locals>.call_next.<locals>.coro
2025-08-17T23:10:40.069697 [32m[INFO][0m api.middleware.error_handler:53 dispatch() - GET /api/risk/var-summary completed in 0.008s with status 200 | taskName=starlette.middleware.base.BaseHTTPMiddleware.__call__.<locals>.call_next.<locals>.coro
2025-08-17T23:11:39.970973 [32m[INFO][0m api.middleware.logging_middleware:77 dispatch() - Incoming request: GET /api/risk/var-summary | taskName=starlette.middleware.base.BaseHTTPMiddleware.__call__.<locals>.call_next.<locals>.coro
2025-08-17T23:11:39.971730 [32m[INFO][0m api.routes.risk:143 get_var_summary() - Fetching VaR summary | taskName=starlette.middleware.base.BaseHTTPMiddleware.__call__.<locals>.call_next.<locals>.coro
2025-08-17T23:11:39.971854 [33m[WARNING][0m risk.var_monitor:482 _get_price_history() - Using mock data for EUR_USD VaR calculation | taskName=starlette.middleware.base.BaseHTTPMiddleware.__call__.<locals>.call_next.<locals>.coro
2025-08-17T23:11:39.973582 [33m[WARNING][0m risk.var_monitor:482 _get_price_history() - Using mock data for GBP_USD VaR calculation | taskName=starlette.middleware.base.BaseHTTPMiddleware.__call__.<locals>.call_next.<locals>.coro
2025-08-17T23:11:39.974898 [33m[WARNING][0m risk.var_monitor:482 _get_price_history() - Using mock data for AUD_USD VaR calculation | taskName=starlette.middleware.base.BaseHTTPMiddleware.__call__.<locals>.call_next.<locals>.coro
2025-08-17T23:11:39.976169 [33m[WARNING][0m risk.var_monitor:482 _get_price_history() - Using mock data for USD_JPY VaR calculation | taskName=starlette.middleware.base.BaseHTTPMiddleware.__call__.<locals>.call_next.<locals>.coro
2025-08-17T23:11:39.977414 [32m[INFO][0m risk.var_monitor:330 calculate_portfolio_var() - Portfolio VaR calculated for 4 positions | taskName=starlette.middleware.base.BaseHTTPMiddleware.__call__.<locals>.call_next.<locals>.coro
2025-08-17T23:11:39.977521 [32m[INFO][0m api.routes.risk:196 get_var_summary() - VaR summary calculated successfully | taskName=starlette.middleware.base.BaseHTTPMiddleware.__call__.<locals>.call_next.<locals>.coro
2025-08-17T23:11:39.977990 [32m[INFO][0m api.middleware.logging_middleware:96 dispatch() - Response: GET /api/risk/var-summary -> 200 in 0.007s | taskName=starlette.middleware.base.BaseHTTPMiddleware.__call__.<locals>.call_next.<locals>.coro
2025-08-17T23:11:39.978196 [32m[INFO][0m api.middleware.error_handler:53 dispatch() - GET /api/risk/var-summary completed in 0.007s with status 200 | taskName=starlette.middleware.base.BaseHTTPMiddleware.__call__.<locals>.call_next.<locals>.coro
2025-08-17T23:11:47.216287 [32m[INFO][0m infrastructure.monitoring.alerts:432 trigger_alert() - Triggering alert: ESCALATED: System Resource Alert: CPU | taskName=Task-10
2025-08-17T23:11:47.218726 [33m[WARNING][0m infrastructure.monitoring.alerts:511 _route_alert() - Channel not available: email | taskName=Task-10
2025-08-17T23:11:47.219199 [31m[ERROR][0m alerts:116 send_alert() - ALERT [HIGH] ESCALATED: System Resource Alert: CPU: Alert escalated (level 1): CPU usage is 95.4%, exceeding threshold of 90.0% | Context: {"process_count": 399, "timestamp": 1755496607.2175791} | taskName=Task-10
2025-08-17T23:12:39.966463 [32m[INFO][0m api.middleware.logging_middleware:77 dispatch() - Incoming request: GET /api/risk/var-summary | taskName=starlette.middleware.base.BaseHTTPMiddleware.__call__.<locals>.call_next.<locals>.coro
2025-08-17T23:12:39.966988 [32m[INFO][0m api.routes.risk:143 get_var_summary() - Fetching VaR summary | taskName=starlette.middleware.base.BaseHTTPMiddleware.__call__.<locals>.call_next.<locals>.coro
2025-08-17T23:12:39.967053 [33m[WARNING][0m risk.var_monitor:482 _get_price_history() - Using mock data for EUR_USD VaR calculation | taskName=starlette.middleware.base.BaseHTTPMiddleware.__call__.<locals>.call_next.<locals>.coro
2025-08-17T23:12:39.968768 [33m[WARNING][0m risk.var_monitor:482 _get_price_history() - Using mock data for GBP_USD VaR calculation | taskName=starlette.middleware.base.BaseHTTPMiddleware.__call__.<locals>.call_next.<locals>.coro
2025-08-17T23:12:39.970560 [33m[WARNING][0m risk.var_monitor:482 _get_price_history() - Using mock data for AUD_USD VaR calculation | taskName=starlette.middleware.base.BaseHTTPMiddleware.__call__.<locals>.call_next.<locals>.coro
2025-08-17T23:12:39.971862 [33m[WARNING][0m risk.var_monitor:482 _get_price_history() - Using mock data for USD_JPY VaR calculation | taskName=starlette.middleware.base.BaseHTTPMiddleware.__call__.<locals>.call_next.<locals>.coro
2025-08-17T23:12:39.973051 [32m[INFO][0m risk.var_monitor:330 calculate_portfolio_var() - Portfolio VaR calculated for 4 positions | taskName=starlette.middleware.base.BaseHTTPMiddleware.__call__.<locals>.call_next.<locals>.coro
2025-08-17T23:12:39.973114 [32m[INFO][0m api.routes.risk:196 get_var_summary() - VaR summary calculated successfully | taskName=starlette.middleware.base.BaseHTTPMiddleware.__call__.<locals>.call_next.<locals>.coro
2025-08-17T23:12:39.973538 [32m[INFO][0m api.middleware.logging_middleware:96 dispatch() - Response: GET /api/risk/var-summary -> 200 in 0.007s | taskName=starlette.middleware.base.BaseHTTPMiddleware.__call__.<locals>.call_next.<locals>.coro
2025-08-17T23:12:39.973714 [32m[INFO][0m api.middleware.error_handler:53 dispatch() - GET /api/risk/var-summary completed in 0.007s with status 200 | taskName=starlette.middleware.base.BaseHTTPMiddleware.__call__.<locals>.call_next.<locals>.coro
2025-08-17T23:13:39.976687 [32m[INFO][0m api.middleware.logging_middleware:77 dispatch() - Incoming request: GET /api/risk/var-summary | taskName=starlette.middleware.base.BaseHTTPMiddleware.__call__.<locals>.call_next.<locals>.coro
2025-08-17T23:13:39.978450 [32m[INFO][0m api.routes.risk:143 get_var_summary() - Fetching VaR summary | taskName=starlette.middleware.base.BaseHTTPMiddleware.__call__.<locals>.call_next.<locals>.coro
2025-08-17T23:13:39.978640 [33m[WARNING][0m risk.var_monitor:482 _get_price_history() - Using mock data for EUR_USD VaR calculation | taskName=starlette.middleware.base.BaseHTTPMiddleware.__call__.<locals>.call_next.<locals>.coro
2025-08-17T23:13:39.987778 [33m[WARNING][0m risk.var_monitor:482 _get_price_history() - Using mock data for GBP_USD VaR calculation | taskName=starlette.middleware.base.BaseHTTPMiddleware.__call__.<locals>.call_next.<locals>.coro
2025-08-17T23:13:39.989154 [33m[WARNING][0m risk.var_monitor:482 _get_price_history() - Using mock data for AUD_USD VaR calculation | taskName=starlette.middleware.base.BaseHTTPMiddleware.__call__.<locals>.call_next.<locals>.coro
2025-08-17T23:13:39.990203 [33m[WARNING][0m risk.var_monitor:482 _get_price_history() - Using mock data for USD_JPY VaR calculation | taskName=starlette.middleware.base.BaseHTTPMiddleware.__call__.<locals>.call_next.<locals>.coro
2025-08-17T23:13:39.991191 [32m[INFO][0m risk.var_monitor:330 calculate_portfolio_var() - Portfolio VaR calculated for 4 positions | taskName=starlette.middleware.base.BaseHTTPMiddleware.__call__.<locals>.call_next.<locals>.coro
2025-08-17T23:13:39.991259 [32m[INFO][0m api.routes.risk:196 get_var_summary() - VaR summary calculated successfully | taskName=starlette.middleware.base.BaseHTTPMiddleware.__call__.<locals>.call_next.<locals>.coro
2025-08-17T23:13:39.993137 [32m[INFO][0m api.middleware.logging_middleware:96 dispatch() - Response: GET /api/risk/var-summary -> 200 in 0.017s | taskName=starlette.middleware.base.BaseHTTPMiddleware.__call__.<locals>.call_next.<locals>.coro
2025-08-17T23:13:39.993432 [32m[INFO][0m api.middleware.error_handler:53 dispatch() - GET /api/risk/var-summary completed in 0.017s with status 200 | taskName=starlette.middleware.base.BaseHTTPMiddleware.__call__.<locals>.call_next.<locals>.coro
2025-08-17T23:19:36.174370 [32m[INFO][0m api.middleware.logging_middleware:77 dispatch() - Incoming request: GET /docs | taskName=starlette.middleware.base.BaseHTTPMiddleware.__call__.<locals>.call_next.<locals>.coro
2025-08-17T23:19:36.175062 [32m[INFO][0m api.middleware.logging_middleware:96 dispatch() - Response: GET /docs -> 200 in 0.001s | taskName=starlette.middleware.base.BaseHTTPMiddleware.__call__.<locals>.call_next.<locals>.coro
2025-08-17T23:19:36.175189 [32m[INFO][0m api.middleware.error_handler:53 dispatch() - GET /docs completed in 0.001s with status 200 | taskName=starlette.middleware.base.BaseHTTPMiddleware.__call__.<locals>.call_next.<locals>.coro
2025-08-17T23:19:42.868724 [32m[INFO][0m api.middleware.logging_middleware:77 dispatch() - Incoming request: GET /openapi.json | taskName=starlette.middleware.base.BaseHTTPMiddleware.__call__.<locals>.call_next.<locals>.coro
2025-08-17T23:19:42.885451 [32m[INFO][0m api.middleware.logging_middleware:96 dispatch() - Response: GET /openapi.json -> 200 in 0.017s | taskName=starlette.middleware.base.BaseHTTPMiddleware.__call__.<locals>.call_next.<locals>.coro
2025-08-17T23:19:42.885776 [32m[INFO][0m api.middleware.error_handler:53 dispatch() - GET /openapi.json completed in 0.017s with status 200 | taskName=starlette.middleware.base.BaseHTTPMiddleware.__call__.<locals>.call_next.<locals>.coro
2025-08-17T23:19:51.243364 [32m[INFO][0m api.middleware.logging_middleware:77 dispatch() - Incoming request: GET /api/risk/var-summary | taskName=starlette.middleware.base.BaseHTTPMiddleware.__call__.<locals>.call_next.<locals>.coro
2025-08-17T23:19:51.243853 [32m[INFO][0m api.routes.risk:143 get_var_summary() - Fetching VaR summary | taskName=starlette.middleware.base.BaseHTTPMiddleware.__call__.<locals>.call_next.<locals>.coro
2025-08-17T23:19:51.243960 [33m[WARNING][0m risk.var_monitor:482 _get_price_history() - Using mock data for EUR_USD VaR calculation | taskName=starlette.middleware.base.BaseHTTPMiddleware.__call__.<locals>.call_next.<locals>.coro
2025-08-17T23:19:51.245418 [33m[WARNING][0m risk.var_monitor:482 _get_price_history() - Using mock data for GBP_USD VaR calculation | taskName=starlette.middleware.base.BaseHTTPMiddleware.__call__.<locals>.call_next.<locals>.coro
2025-08-17T23:19:51.246465 [33m[WARNING][0m risk.var_monitor:482 _get_price_history() - Using mock data for AUD_USD VaR calculation | taskName=starlette.middleware.base.BaseHTTPMiddleware.__call__.<locals>.call_next.<locals>.coro
2025-08-17T23:19:51.247408 [33m[WARNING][0m risk.var_monitor:482 _get_price_history() - Using mock data for USD_JPY VaR calculation | taskName=starlette.middleware.base.BaseHTTPMiddleware.__call__.<locals>.call_next.<locals>.coro
2025-08-17T23:19:51.248352 [32m[INFO][0m risk.var_monitor:330 calculate_portfolio_var() - Portfolio VaR calculated for 4 positions | taskName=starlette.middleware.base.BaseHTTPMiddleware.__call__.<locals>.call_next.<locals>.coro
2025-08-17T23:19:51.248400 [32m[INFO][0m api.routes.risk:196 get_var_summary() - VaR summary calculated successfully | taskName=starlette.middleware.base.BaseHTTPMiddleware.__call__.<locals>.call_next.<locals>.coro
2025-08-17T23:19:51.248791 [32m[INFO][0m api.middleware.logging_middleware:96 dispatch() - Response: GET /api/risk/var-summary -> 200 in 0.005s | taskName=starlette.middleware.base.BaseHTTPMiddleware.__call__.<locals>.call_next.<locals>.coro
2025-08-17T23:19:51.249012 [32m[INFO][0m api.middleware.error_handler:53 dispatch() - GET /api/risk/var-summary completed in 0.006s with status 200 | taskName=starlette.middleware.base.BaseHTTPMiddleware.__call__.<locals>.call_next.<locals>.coro
2025-08-17T23:19:56.125814 [32m[INFO][0m api.middleware.logging_middleware:77 dispatch() - Incoming request: GET /api/risk/correlation-matrix | taskName=starlette.middleware.base.BaseHTTPMiddleware.__call__.<locals>.call_next.<locals>.coro
2025-08-17T23:19:56.126210 [32m[INFO][0m api.routes.risk:208 get_correlation_matrix() - Fetching correlation matrix | taskName=starlette.middleware.base.BaseHTTPMiddleware.__call__.<locals>.call_next.<locals>.coro
2025-08-17T23:19:56.131507 [32m[INFO][0m risk.correlation_manager:230 calculate_correlation_matrix() - Correlation matrix calculated for 4 pairs | taskName=starlette.middleware.base.BaseHTTPMiddleware.__call__.<locals>.call_next.<locals>.coro
2025-08-17T23:19:56.132368 [32m[INFO][0m api.routes.risk:276 get_correlation_matrix() - Correlation matrix calculated successfully | taskName=starlette.middleware.base.BaseHTTPMiddleware.__call__.<locals>.call_next.<locals>.coro
2025-08-17T23:19:56.133320 [32m[INFO][0m api.middleware.logging_middleware:96 dispatch() - Response: GET /api/risk/correlation-matrix -> 200 in 0.007s | taskName=starlette.middleware.base.BaseHTTPMiddleware.__call__.<locals>.call_next.<locals>.coro
2025-08-17T23:19:56.133823 [32m[INFO][0m api.middleware.error_handler:53 dispatch() - GET /api/risk/correlation-matrix completed in 0.008s with status 200 | taskName=starlette.middleware.base.BaseHTTPMiddleware.__call__.<locals>.call_next.<locals>.coro
