2025-07-31T20:35:14.552051 [32m[INFO][0m src.infrastructure.monitoring.alerts:258 add_channel() - Alert channel 'logs' added | taskName=None
2025-07-31T20:35:14.553604 [32m[INFO][0m src.infrastructure.monitoring.alerts:258 add_channel() - Alert channel 'email' added | taskName=None
2025-07-31T20:35:14.553678 [32m[INFO][0m src.infrastructure.monitoring.alerts:258 add_channel() - Alert channel 'webhook' added | taskName=None
2025-07-31T20:35:25.204440 [32m[INFO][0m src.infrastructure.monitoring.alerts:258 add_channel() - Alert channel 'logs' added | taskName=None
2025-07-31T20:35:25.204635 [32m[INFO][0m src.infrastructure.monitoring.alerts:258 add_channel() - Alert channel 'email' added | taskName=None
2025-07-31T20:35:25.204676 [32m[INFO][0m src.infrastructure.monitoring.alerts:258 add_channel() - Alert channel 'webhook' added | taskName=None
2025-07-31T20:35:33.093571 [32m[INFO][0m src.infrastructure.monitoring.alerts:258 add_channel() - Alert channel 'logs' added | taskName=None
2025-07-31T20:35:33.093770 [32m[INFO][0m src.infrastructure.monitoring.alerts:258 add_channel() - Alert channel 'email' added | taskName=None
2025-07-31T20:35:33.093820 [32m[INFO][0m src.infrastructure.monitoring.alerts:258 add_channel() - Alert channel 'webhook' added | taskName=None
2025-07-31T20:35:42.715178 [32m[INFO][0m src.infrastructure.monitoring.alerts:258 add_channel() - Alert channel 'logs' added | taskName=None
2025-07-31T20:35:42.715372 [32m[INFO][0m src.infrastructure.monitoring.alerts:258 add_channel() - Alert channel 'email' added | taskName=None
2025-07-31T20:35:42.715413 [32m[INFO][0m src.infrastructure.monitoring.alerts:258 add_channel() - Alert channel 'webhook' added | taskName=None
2025-07-31T20:35:49.682944 [32m[INFO][0m src.infrastructure.monitoring.alerts:258 add_channel() - Alert channel 'logs' added | taskName=None
2025-07-31T20:35:49.683599 [32m[INFO][0m src.infrastructure.monitoring.alerts:258 add_channel() - Alert channel 'email' added | taskName=None
2025-07-31T20:35:49.683683 [32m[INFO][0m src.infrastructure.monitoring.alerts:258 add_channel() - Alert channel 'webhook' added | taskName=None
2025-07-31T20:37:33.359677 [32m[INFO][0m src.infrastructure.monitoring.alerts:258 add_channel() - Alert channel 'logs' added | taskName=None
2025-07-31T20:37:33.360622 [32m[INFO][0m src.infrastructure.monitoring.alerts:258 add_channel() - Alert channel 'email' added | taskName=None
2025-07-31T20:37:33.360692 [32m[INFO][0m src.infrastructure.monitoring.alerts:258 add_channel() - Alert channel 'webhook' added | taskName=None
2025-07-31T20:37:40.822672 [32m[INFO][0m src.infrastructure.monitoring.alerts:258 add_channel() - Alert channel 'logs' added | taskName=None
2025-07-31T20:37:40.822901 [32m[INFO][0m src.infrastructure.monitoring.alerts:258 add_channel() - Alert channel 'email' added | taskName=None
2025-07-31T20:37:40.822945 [32m[INFO][0m src.infrastructure.monitoring.alerts:258 add_channel() - Alert channel 'webhook' added | taskName=None
2025-07-31T20:39:32.832246 [32m[INFO][0m src.infrastructure.monitoring.alerts:258 add_channel() - Alert channel 'logs' added | taskName=None
2025-07-31T20:39:32.833318 [32m[INFO][0m src.infrastructure.monitoring.alerts:258 add_channel() - Alert channel 'email' added | taskName=None
2025-07-31T20:39:32.833377 [32m[INFO][0m src.infrastructure.monitoring.alerts:258 add_channel() - Alert channel 'webhook' added | taskName=None
2025-07-31T20:39:45.319175 [32m[INFO][0m src.infrastructure.monitoring.alerts:258 add_channel() - Alert channel 'logs' added | taskName=None
2025-07-31T20:39:45.319407 [32m[INFO][0m src.infrastructure.monitoring.alerts:258 add_channel() - Alert channel 'email' added | taskName=None
2025-07-31T20:39:45.319463 [32m[INFO][0m src.infrastructure.monitoring.alerts:258 add_channel() - Alert channel 'webhook' added | taskName=None
2025-07-31T20:39:50.846999 [32m[INFO][0m src.infrastructure.monitoring.alerts:258 add_channel() - Alert channel 'logs' added | taskName=None
2025-07-31T20:39:50.847208 [32m[INFO][0m src.infrastructure.monitoring.alerts:258 add_channel() - Alert channel 'email' added | taskName=None
2025-07-31T20:39:50.847260 [32m[INFO][0m src.infrastructure.monitoring.alerts:258 add_channel() - Alert channel 'webhook' added | taskName=None
2025-07-31T20:39:56.247967 [32m[INFO][0m src.infrastructure.monitoring.alerts:258 add_channel() - Alert channel 'logs' added | taskName=None
2025-07-31T20:39:56.249722 [32m[INFO][0m src.infrastructure.monitoring.alerts:258 add_channel() - Alert channel 'email' added | taskName=None
2025-07-31T20:39:56.249813 [32m[INFO][0m src.infrastructure.monitoring.alerts:258 add_channel() - Alert channel 'webhook' added | taskName=None
2025-07-31T20:40:26.950612 [32m[INFO][0m src.infrastructure.monitoring.alerts:258 add_channel() - Alert channel 'logs' added | taskName=None
2025-07-31T20:40:26.951036 [32m[INFO][0m src.infrastructure.monitoring.alerts:258 add_channel() - Alert channel 'email' added | taskName=None
2025-07-31T20:40:26.951096 [32m[INFO][0m src.infrastructure.monitoring.alerts:258 add_channel() - Alert channel 'webhook' added | taskName=None
2025-07-31T20:41:16.853162 [32m[INFO][0m src.infrastructure.monitoring.alerts:258 add_channel() - Alert channel 'logs' added | taskName=None
2025-07-31T20:41:16.854357 [32m[INFO][0m src.infrastructure.monitoring.alerts:258 add_channel() - Alert channel 'email' added | taskName=None
2025-07-31T20:41:16.854441 [32m[INFO][0m src.infrastructure.monitoring.alerts:258 add_channel() - Alert channel 'webhook' added | taskName=None
2025-07-31T20:42:43.897239 [32m[INFO][0m src.infrastructure.monitoring.alerts:258 add_channel() - Alert channel 'logs' added | taskName=None
2025-07-31T20:42:43.898414 [32m[INFO][0m src.infrastructure.monitoring.alerts:258 add_channel() - Alert channel 'email' added | taskName=None
2025-07-31T20:42:43.898493 [32m[INFO][0m src.infrastructure.monitoring.alerts:258 add_channel() - Alert channel 'webhook' added | taskName=None
2025-07-31T20:43:49.650109 [32m[INFO][0m src.infrastructure.monitoring.alerts:258 add_channel() - Alert channel 'logs' added | taskName=None
2025-07-31T20:43:49.650847 [32m[INFO][0m src.infrastructure.monitoring.alerts:258 add_channel() - Alert channel 'email' added | taskName=None
2025-07-31T20:43:49.650937 [32m[INFO][0m src.infrastructure.monitoring.alerts:258 add_channel() - Alert channel 'webhook' added | taskName=None
2025-07-31T20:44:26.209398 [32m[INFO][0m src.infrastructure.monitoring.alerts:258 add_channel() - Alert channel 'logs' added | taskName=None
2025-07-31T20:44:26.209828 [32m[INFO][0m src.infrastructure.monitoring.alerts:258 add_channel() - Alert channel 'email' added | taskName=None
2025-07-31T20:44:26.209922 [32m[INFO][0m src.infrastructure.monitoring.alerts:258 add_channel() - Alert channel 'webhook' added | taskName=None
2025-07-31T20:45:00.793231 [32m[INFO][0m src.infrastructure.monitoring.alerts:258 add_channel() - Alert channel 'logs' added | taskName=None
2025-07-31T20:45:00.794420 [32m[INFO][0m src.infrastructure.monitoring.alerts:258 add_channel() - Alert channel 'email' added | taskName=None
2025-07-31T20:45:00.794515 [32m[INFO][0m src.infrastructure.monitoring.alerts:258 add_channel() - Alert channel 'webhook' added | taskName=None
2025-07-31T20:45:39.041283 [32m[INFO][0m src.infrastructure.monitoring.alerts:258 add_channel() - Alert channel 'logs' added | taskName=None
2025-07-31T20:45:39.042102 [32m[INFO][0m src.infrastructure.monitoring.alerts:258 add_channel() - Alert channel 'email' added | taskName=None
2025-07-31T20:45:39.042199 [32m[INFO][0m src.infrastructure.monitoring.alerts:258 add_channel() - Alert channel 'webhook' added | taskName=None
2025-07-31T20:46:14.681476 [32m[INFO][0m src.infrastructure.monitoring.alerts:258 add_channel() - Alert channel 'logs' added | taskName=None
2025-07-31T20:46:14.682046 [32m[INFO][0m src.infrastructure.monitoring.alerts:258 add_channel() - Alert channel 'email' added | taskName=None
2025-07-31T20:46:14.682155 [32m[INFO][0m src.infrastructure.monitoring.alerts:258 add_channel() - Alert channel 'webhook' added | taskName=None
2025-07-31T20:48:23.397279 [32m[INFO][0m src.infrastructure.monitoring.alerts:258 add_channel() - Alert channel 'logs' added | taskName=None
2025-07-31T20:48:23.398049 [32m[INFO][0m src.infrastructure.monitoring.alerts:258 add_channel() - Alert channel 'email' added | taskName=None
2025-07-31T20:48:23.398133 [32m[INFO][0m src.infrastructure.monitoring.alerts:258 add_channel() - Alert channel 'webhook' added | taskName=None
2025-07-31T20:48:24.298054 [32m[INFO][0m src.infrastructure.monitoring.alerts:277 add_channel() - Alert channel 'logs' added | taskName=None
2025-07-31T20:48:24.298500 [32m[INFO][0m src.infrastructure.monitoring.alerts:277 add_channel() - Alert channel 'email' added | taskName=None
2025-07-31T20:48:24.298559 [32m[INFO][0m src.infrastructure.monitoring.alerts:277 add_channel() - Alert channel 'webhook' added | taskName=None
2025-07-31T20:48:25.881637 [32m[INFO][0m src.infrastructure.monitoring.alerts:277 add_channel() - Alert channel 'logs' added | taskName=None
2025-07-31T20:48:25.881853 [32m[INFO][0m src.infrastructure.monitoring.alerts:277 add_channel() - Alert channel 'email' added | taskName=None
2025-07-31T20:48:25.881899 [32m[INFO][0m src.infrastructure.monitoring.alerts:277 add_channel() - Alert channel 'webhook' added | taskName=None
2025-07-31T20:48:26.827168 [32m[INFO][0m src.infrastructure.monitoring.alerts:277 add_channel() - Alert channel 'logs' added | taskName=None
2025-07-31T20:48:26.827416 [32m[INFO][0m src.infrastructure.monitoring.alerts:277 add_channel() - Alert channel 'email' added | taskName=None
2025-07-31T20:48:26.827465 [32m[INFO][0m src.infrastructure.monitoring.alerts:277 add_channel() - Alert channel 'webhook' added | taskName=None
2025-07-31T20:51:18.692498 [32m[INFO][0m src.infrastructure.monitoring.alerts:277 add_channel() - Alert channel 'logs' added | taskName=None
2025-07-31T20:51:18.693270 [32m[INFO][0m src.infrastructure.monitoring.alerts:277 add_channel() - Alert channel 'email' added | taskName=None
2025-07-31T20:51:18.693352 [32m[INFO][0m src.infrastructure.monitoring.alerts:277 add_channel() - Alert channel 'webhook' added | taskName=None
2025-07-31T20:52:37.313724 [32m[INFO][0m src.infrastructure.monitoring.alerts:277 add_channel() - Alert channel 'logs' added | taskName=None
2025-07-31T20:52:37.314188 [32m[INFO][0m src.infrastructure.monitoring.alerts:277 add_channel() - Alert channel 'email' added | taskName=None
2025-07-31T20:52:37.314235 [32m[INFO][0m src.infrastructure.monitoring.alerts:277 add_channel() - Alert channel 'webhook' added | taskName=None
2025-07-31T20:52:54.701953 [32m[INFO][0m src.infrastructure.monitoring.alerts:277 add_channel() - Alert channel 'logs' added | taskName=None
2025-07-31T20:52:54.702713 [32m[INFO][0m src.infrastructure.monitoring.alerts:277 add_channel() - Alert channel 'email' added | taskName=None
2025-07-31T20:52:54.702773 [32m[INFO][0m src.infrastructure.monitoring.alerts:277 add_channel() - Alert channel 'webhook' added | taskName=None
2025-07-31T20:53:13.625090 [32m[INFO][0m src.infrastructure.monitoring.alerts:277 add_channel() - Alert channel 'logs' added | taskName=None
2025-07-31T20:53:13.625478 [32m[INFO][0m src.infrastructure.monitoring.alerts:277 add_channel() - Alert channel 'email' added | taskName=None
2025-07-31T20:53:13.625538 [32m[INFO][0m src.infrastructure.monitoring.alerts:277 add_channel() - Alert channel 'webhook' added | taskName=None
2025-07-31T20:53:19.924530 [32m[INFO][0m src.infrastructure.monitoring.alerts:277 add_channel() - Alert channel 'logs' added | taskName=None
2025-07-31T20:53:19.924948 [32m[INFO][0m src.infrastructure.monitoring.alerts:277 add_channel() - Alert channel 'email' added | taskName=None
2025-07-31T20:53:19.924991 [32m[INFO][0m src.infrastructure.monitoring.alerts:277 add_channel() - Alert channel 'webhook' added | taskName=None
2025-07-31T20:53:46.760410 [32m[INFO][0m src.infrastructure.monitoring.alerts:277 add_channel() - Alert channel 'logs' added | taskName=None
2025-07-31T20:53:46.760687 [32m[INFO][0m src.infrastructure.monitoring.alerts:277 add_channel() - Alert channel 'email' added | taskName=None
2025-07-31T20:53:46.760738 [32m[INFO][0m src.infrastructure.monitoring.alerts:277 add_channel() - Alert channel 'webhook' added | taskName=None
2025-07-31T20:53:58.202323 [32m[INFO][0m src.infrastructure.monitoring.alerts:277 add_channel() - Alert channel 'logs' added | taskName=None
2025-07-31T20:53:58.202656 [32m[INFO][0m src.infrastructure.monitoring.alerts:277 add_channel() - Alert channel 'email' added | taskName=None
2025-07-31T20:53:58.202709 [32m[INFO][0m src.infrastructure.monitoring.alerts:277 add_channel() - Alert channel 'webhook' added | taskName=None
2025-07-31T20:54:19.265203 [32m[INFO][0m src.infrastructure.monitoring.alerts:277 add_channel() - Alert channel 'logs' added | taskName=None
2025-07-31T20:54:19.265916 [32m[INFO][0m src.infrastructure.monitoring.alerts:277 add_channel() - Alert channel 'email' added | taskName=None
2025-07-31T20:54:19.265973 [32m[INFO][0m src.infrastructure.monitoring.alerts:277 add_channel() - Alert channel 'webhook' added | taskName=None
2025-07-31T20:54:33.318255 [32m[INFO][0m src.infrastructure.monitoring.alerts:277 add_channel() - Alert channel 'logs' added | taskName=None
2025-07-31T20:54:33.318727 [32m[INFO][0m src.infrastructure.monitoring.alerts:277 add_channel() - Alert channel 'email' added | taskName=None
2025-07-31T20:54:33.318828 [32m[INFO][0m src.infrastructure.monitoring.alerts:277 add_channel() - Alert channel 'webhook' added | taskName=None
2025-07-31T20:54:42.890602 [32m[INFO][0m src.infrastructure.monitoring.alerts:277 add_channel() - Alert channel 'logs' added | taskName=None
2025-07-31T20:54:42.891090 [32m[INFO][0m src.infrastructure.monitoring.alerts:277 add_channel() - Alert channel 'email' added | taskName=None
2025-07-31T20:54:42.891152 [32m[INFO][0m src.infrastructure.monitoring.alerts:277 add_channel() - Alert channel 'webhook' added | taskName=None
2025-07-31T20:55:33.431717 [32m[INFO][0m src.infrastructure.monitoring.alerts:277 add_channel() - Alert channel 'logs' added | taskName=None
2025-07-31T20:55:33.432127 [32m[INFO][0m src.infrastructure.monitoring.alerts:277 add_channel() - Alert channel 'email' added | taskName=None
2025-07-31T20:55:33.432184 [32m[INFO][0m src.infrastructure.monitoring.alerts:277 add_channel() - Alert channel 'webhook' added | taskName=None
2025-07-31T21:11:15.318344 [32m[INFO][0m src.infrastructure.monitoring.alerts:277 add_channel() - Alert channel 'logs' added | taskName=None
2025-07-31T21:11:15.319027 [32m[INFO][0m src.infrastructure.monitoring.alerts:277 add_channel() - Alert channel 'email' added | taskName=None
2025-07-31T21:11:15.319091 [32m[INFO][0m src.infrastructure.monitoring.alerts:277 add_channel() - Alert channel 'webhook' added | taskName=None
2025-07-31T23:56:42.250909 [32m[INFO][0m src.infrastructure.monitoring.alerts:277 add_channel() - Alert channel 'logs' added | taskName=None
2025-07-31T23:56:42.252996 [32m[INFO][0m src.infrastructure.monitoring.alerts:277 add_channel() - Alert channel 'email' added | taskName=None
2025-07-31T23:56:42.253058 [32m[INFO][0m src.infrastructure.monitoring.alerts:277 add_channel() - Alert channel 'webhook' added | taskName=None
2025-07-31T23:56:53.687353 [32m[INFO][0m src.infrastructure.monitoring.alerts:277 add_channel() - Alert channel 'logs' added | taskName=None
2025-07-31T23:56:53.688277 [32m[INFO][0m src.infrastructure.monitoring.alerts:277 add_channel() - Alert channel 'email' added | taskName=None
2025-07-31T23:56:53.688322 [32m[INFO][0m src.infrastructure.monitoring.alerts:277 add_channel() - Alert channel 'webhook' added | taskName=None
2025-07-31T23:57:03.982441 [32m[INFO][0m src.infrastructure.monitoring.alerts:277 add_channel() - Alert channel 'logs' added | taskName=None
2025-07-31T23:57:03.982629 [32m[INFO][0m src.infrastructure.monitoring.alerts:277 add_channel() - Alert channel 'email' added | taskName=None
2025-07-31T23:57:03.982670 [32m[INFO][0m src.infrastructure.monitoring.alerts:277 add_channel() - Alert channel 'webhook' added | taskName=None
2025-07-31T23:57:13.228004 [32m[INFO][0m src.infrastructure.monitoring.alerts:277 add_channel() - Alert channel 'logs' added | taskName=None
2025-07-31T23:57:13.228201 [32m[INFO][0m src.infrastructure.monitoring.alerts:277 add_channel() - Alert channel 'email' added | taskName=None
2025-07-31T23:57:13.228243 [32m[INFO][0m src.infrastructure.monitoring.alerts:277 add_channel() - Alert channel 'webhook' added | taskName=None
2025-07-31T23:57:20.159748 [32m[INFO][0m src.infrastructure.monitoring.alerts:277 add_channel() - Alert channel 'logs' added | taskName=None
2025-07-31T23:57:20.160030 [32m[INFO][0m src.infrastructure.monitoring.alerts:277 add_channel() - Alert channel 'email' added | taskName=None
2025-07-31T23:57:20.160071 [32m[INFO][0m src.infrastructure.monitoring.alerts:277 add_channel() - Alert channel 'webhook' added | taskName=None
2025-07-31T23:58:54.120653 [32m[INFO][0m src.infrastructure.monitoring.alerts:277 add_channel() - Alert channel 'logs' added | taskName=None
2025-07-31T23:58:54.121534 [32m[INFO][0m src.infrastructure.monitoring.alerts:277 add_channel() - Alert channel 'email' added | taskName=None
2025-07-31T23:58:54.121583 [32m[INFO][0m src.infrastructure.monitoring.alerts:277 add_channel() - Alert channel 'webhook' added | taskName=None
2025-07-31T23:59:07.679702 [32m[INFO][0m src.infrastructure.monitoring.alerts:277 add_channel() - Alert channel 'logs' added | taskName=None
2025-07-31T23:59:07.680073 [32m[INFO][0m src.infrastructure.monitoring.alerts:277 add_channel() - Alert channel 'email' added | taskName=None
2025-07-31T23:59:07.680115 [32m[INFO][0m src.infrastructure.monitoring.alerts:277 add_channel() - Alert channel 'webhook' added | taskName=None
2025-07-31T23:59:17.722336 [32m[INFO][0m src.infrastructure.monitoring.alerts:277 add_channel() - Alert channel 'logs' added | taskName=None
2025-07-31T23:59:17.722611 [32m[INFO][0m src.infrastructure.monitoring.alerts:277 add_channel() - Alert channel 'email' added | taskName=None
2025-07-31T23:59:17.722652 [32m[INFO][0m src.infrastructure.monitoring.alerts:277 add_channel() - Alert channel 'webhook' added | taskName=None
2025-08-01T00:00:01.459249 [32m[INFO][0m src.infrastructure.monitoring.alerts:277 add_channel() - Alert channel 'logs' added | taskName=None
2025-08-01T00:00:01.460055 [32m[INFO][0m src.infrastructure.monitoring.alerts:277 add_channel() - Alert channel 'email' added | taskName=None
2025-08-01T00:00:01.460099 [32m[INFO][0m src.infrastructure.monitoring.alerts:277 add_channel() - Alert channel 'webhook' added | taskName=None
2025-08-01T00:00:10.196845 [32m[INFO][0m src.infrastructure.monitoring.alerts:277 add_channel() - Alert channel 'logs' added | taskName=None
2025-08-01T00:00:10.197064 [32m[INFO][0m src.infrastructure.monitoring.alerts:277 add_channel() - Alert channel 'email' added | taskName=None
2025-08-01T00:00:10.197104 [32m[INFO][0m src.infrastructure.monitoring.alerts:277 add_channel() - Alert channel 'webhook' added | taskName=None
2025-08-01T00:00:17.766709 [32m[INFO][0m src.infrastructure.monitoring.alerts:277 add_channel() - Alert channel 'logs' added | taskName=None
2025-08-01T00:00:17.767397 [32m[INFO][0m src.infrastructure.monitoring.alerts:277 add_channel() - Alert channel 'email' added | taskName=None
2025-08-01T00:00:17.767452 [32m[INFO][0m src.infrastructure.monitoring.alerts:277 add_channel() - Alert channel 'webhook' added | taskName=None
2025-08-01T00:01:02.819388 [32m[INFO][0m src.infrastructure.monitoring.alerts:277 add_channel() - Alert channel 'logs' added | taskName=None
2025-08-01T00:01:02.820018 [32m[INFO][0m src.infrastructure.monitoring.alerts:277 add_channel() - Alert channel 'email' added | taskName=None
2025-08-01T00:01:02.820061 [32m[INFO][0m src.infrastructure.monitoring.alerts:277 add_channel() - Alert channel 'webhook' added | taskName=None
2025-08-01T00:02:09.213470 [32m[INFO][0m src.infrastructure.monitoring.alerts:277 add_channel() - Alert channel 'logs' added | taskName=None
2025-08-01T00:02:09.213944 [32m[INFO][0m src.infrastructure.monitoring.alerts:277 add_channel() - Alert channel 'email' added | taskName=None
2025-08-01T00:02:09.213993 [32m[INFO][0m src.infrastructure.monitoring.alerts:277 add_channel() - Alert channel 'webhook' added | taskName=None
2025-08-01T00:02:17.847335 [32m[INFO][0m src.infrastructure.monitoring.alerts:277 add_channel() - Alert channel 'logs' added | taskName=None
2025-08-01T00:02:17.847558 [32m[INFO][0m src.infrastructure.monitoring.alerts:277 add_channel() - Alert channel 'email' added | taskName=None
2025-08-01T00:02:17.847599 [32m[INFO][0m src.infrastructure.monitoring.alerts:277 add_channel() - Alert channel 'webhook' added | taskName=None
2025-08-01T00:02:28.261699 [32m[INFO][0m src.infrastructure.monitoring.alerts:277 add_channel() - Alert channel 'logs' added | taskName=None
2025-08-01T00:02:28.262902 [32m[INFO][0m src.infrastructure.monitoring.alerts:277 add_channel() - Alert channel 'email' added | taskName=None
2025-08-01T00:02:28.262953 [32m[INFO][0m src.infrastructure.monitoring.alerts:277 add_channel() - Alert channel 'webhook' added | taskName=None
2025-08-01T00:02:46.820163 [32m[INFO][0m src.infrastructure.database.config:87 _detect_environment() - Detected environment: development | taskName=None
2025-08-01T00:02:47.005486 [32m[INFO][0m src.infrastructure.monitoring.alerts:277 add_channel() - Alert channel 'logs' added | taskName=None
2025-08-01T00:02:47.005627 [32m[INFO][0m src.infrastructure.monitoring.alerts:277 add_channel() - Alert channel 'email' added | taskName=None
2025-08-01T00:02:47.005664 [32m[INFO][0m src.infrastructure.monitoring.alerts:277 add_channel() - Alert channel 'webhook' added | taskName=None
2025-08-01T00:03:36.396076 [32m[INFO][0m src.infrastructure.database.config:87 _detect_environment() - Detected environment: development | taskName=None
2025-08-01T00:03:36.576368 [32m[INFO][0m src.infrastructure.monitoring.alerts:277 add_channel() - Alert channel 'logs' added | taskName=None
2025-08-01T00:03:36.576490 [32m[INFO][0m src.infrastructure.monitoring.alerts:277 add_channel() - Alert channel 'email' added | taskName=None
2025-08-01T00:03:36.576528 [32m[INFO][0m src.infrastructure.monitoring.alerts:277 add_channel() - Alert channel 'webhook' added | taskName=None
2025-08-01T00:05:34.480943 [32m[INFO][0m src.infrastructure.database.config:87 _detect_environment() - Detected environment: development | taskName=None
2025-08-01T00:05:34.650584 [32m[INFO][0m src.infrastructure.monitoring.alerts:277 add_channel() - Alert channel 'logs' added | taskName=None
2025-08-01T00:05:34.650719 [32m[INFO][0m src.infrastructure.monitoring.alerts:277 add_channel() - Alert channel 'email' added | taskName=None
2025-08-01T00:05:34.650751 [32m[INFO][0m src.infrastructure.monitoring.alerts:277 add_channel() - Alert channel 'webhook' added | taskName=None
2025-08-01T00:05:48.704697 [32m[INFO][0m src.infrastructure.database.config:87 _detect_environment() - Detected environment: development | taskName=None
2025-08-01T00:05:48.974782 [32m[INFO][0m src.infrastructure.monitoring.alerts:277 add_channel() - Alert channel 'logs' added | taskName=None
2025-08-01T00:05:48.974919 [32m[INFO][0m src.infrastructure.monitoring.alerts:277 add_channel() - Alert channel 'email' added | taskName=None
2025-08-01T00:05:48.974954 [32m[INFO][0m src.infrastructure.monitoring.alerts:277 add_channel() - Alert channel 'webhook' added | taskName=None
2025-08-01T00:05:57.366636 [32m[INFO][0m src.infrastructure.database.config:87 _detect_environment() - Detected environment: development | taskName=None
2025-08-01T00:05:57.530519 [32m[INFO][0m src.infrastructure.monitoring.alerts:277 add_channel() - Alert channel 'logs' added | taskName=None
2025-08-01T00:05:57.530636 [32m[INFO][0m src.infrastructure.monitoring.alerts:277 add_channel() - Alert channel 'email' added | taskName=None
2025-08-01T00:05:57.530671 [32m[INFO][0m src.infrastructure.monitoring.alerts:277 add_channel() - Alert channel 'webhook' added | taskName=None
2025-08-01T00:06:08.541670 [32m[INFO][0m src.infrastructure.database.config:87 _detect_environment() - Detected environment: development | taskName=None
2025-08-01T00:06:08.711540 [32m[INFO][0m src.infrastructure.monitoring.alerts:277 add_channel() - Alert channel 'logs' added | taskName=None
2025-08-01T00:06:08.711952 [32m[INFO][0m src.infrastructure.monitoring.alerts:277 add_channel() - Alert channel 'email' added | taskName=None
2025-08-01T00:06:08.712014 [32m[INFO][0m src.infrastructure.monitoring.alerts:277 add_channel() - Alert channel 'webhook' added | taskName=None
2025-08-01T00:06:46.412228 [32m[INFO][0m src.infrastructure.database.config:88 _detect_environment() - Detected environment: development | taskName=None
2025-08-01T00:06:46.599208 [32m[INFO][0m src.infrastructure.monitoring.alerts:277 add_channel() - Alert channel 'logs' added | taskName=None
2025-08-01T00:06:46.599344 [32m[INFO][0m src.infrastructure.monitoring.alerts:277 add_channel() - Alert channel 'email' added | taskName=None
2025-08-01T00:06:46.599381 [32m[INFO][0m src.infrastructure.monitoring.alerts:277 add_channel() - Alert channel 'webhook' added | taskName=None
2025-08-01T00:09:18.655942 [32m[INFO][0m src.infrastructure.database.config:88 _detect_environment() - Detected environment: development | taskName=None
2025-08-01T00:09:18.847845 [32m[INFO][0m src.infrastructure.monitoring.alerts:277 add_channel() - Alert channel 'logs' added | taskName=None
2025-08-01T00:09:18.847964 [32m[INFO][0m src.infrastructure.monitoring.alerts:277 add_channel() - Alert channel 'email' added | taskName=None
2025-08-01T00:09:18.847999 [32m[INFO][0m src.infrastructure.monitoring.alerts:277 add_channel() - Alert channel 'webhook' added | taskName=None
2025-08-01T00:09:32.219928 [32m[INFO][0m src.infrastructure.database.config:88 _detect_environment() - Detected environment: development | taskName=None
2025-08-01T00:09:32.422032 [32m[INFO][0m src.infrastructure.monitoring.alerts:277 add_channel() - Alert channel 'logs' added | taskName=None
2025-08-01T00:09:32.422179 [32m[INFO][0m src.infrastructure.monitoring.alerts:277 add_channel() - Alert channel 'email' added | taskName=None
2025-08-01T00:09:32.422217 [32m[INFO][0m src.infrastructure.monitoring.alerts:277 add_channel() - Alert channel 'webhook' added | taskName=None
2025-08-01T00:09:59.902135 [32m[INFO][0m src.infrastructure.database.config:88 _detect_environment() - Detected environment: development | taskName=None
2025-08-01T00:10:00.089128 [32m[INFO][0m src.infrastructure.monitoring.alerts:277 add_channel() - Alert channel 'logs' added | taskName=None
2025-08-01T00:10:00.089262 [32m[INFO][0m src.infrastructure.monitoring.alerts:277 add_channel() - Alert channel 'email' added | taskName=None
2025-08-01T00:10:00.089300 [32m[INFO][0m src.infrastructure.monitoring.alerts:277 add_channel() - Alert channel 'webhook' added | taskName=None
2025-08-01T00:10:14.982015 [32m[INFO][0m src.infrastructure.database.config:88 _detect_environment() - Detected environment: development | taskName=None
2025-08-01T00:10:15.173210 [32m[INFO][0m src.infrastructure.monitoring.alerts:277 add_channel() - Alert channel 'logs' added | taskName=None
2025-08-01T00:10:15.173363 [32m[INFO][0m src.infrastructure.monitoring.alerts:277 add_channel() - Alert channel 'email' added | taskName=None
2025-08-01T00:10:15.173402 [32m[INFO][0m src.infrastructure.monitoring.alerts:277 add_channel() - Alert channel 'webhook' added | taskName=None
2025-08-01T00:11:33.398088 [32m[INFO][0m src.infrastructure.database.config:88 _detect_environment() - Detected environment: development | taskName=None
2025-08-01T00:11:33.612759 [32m[INFO][0m src.infrastructure.monitoring.alerts:277 add_channel() - Alert channel 'logs' added | taskName=None
2025-08-01T00:11:33.612926 [32m[INFO][0m src.infrastructure.monitoring.alerts:277 add_channel() - Alert channel 'email' added | taskName=None
2025-08-01T00:11:33.612961 [32m[INFO][0m src.infrastructure.monitoring.alerts:277 add_channel() - Alert channel 'webhook' added | taskName=None
2025-08-01T00:11:54.338758 [32m[INFO][0m src.infrastructure.database.config:88 _detect_environment() - Detected environment: development | taskName=None
2025-08-01T00:11:54.525566 [32m[INFO][0m src.infrastructure.monitoring.alerts:277 add_channel() - Alert channel 'logs' added | taskName=None
2025-08-01T00:11:54.525694 [32m[INFO][0m src.infrastructure.monitoring.alerts:277 add_channel() - Alert channel 'email' added | taskName=None
2025-08-01T00:11:54.525727 [32m[INFO][0m src.infrastructure.monitoring.alerts:277 add_channel() - Alert channel 'webhook' added | taskName=None
2025-08-01T00:12:29.614621 [32m[INFO][0m src.infrastructure.database.config:88 _detect_environment() - Detected environment: development | taskName=None
2025-08-01T00:12:29.810517 [32m[INFO][0m src.infrastructure.monitoring.alerts:277 add_channel() - Alert channel 'logs' added | taskName=None
2025-08-01T00:12:29.810678 [32m[INFO][0m src.infrastructure.monitoring.alerts:277 add_channel() - Alert channel 'email' added | taskName=None
2025-08-01T00:12:29.810711 [32m[INFO][0m src.infrastructure.monitoring.alerts:277 add_channel() - Alert channel 'webhook' added | taskName=None
2025-08-01T00:12:36.466889 [32m[INFO][0m src.infrastructure.database.config:88 _detect_environment() - Detected environment: development | taskName=None
2025-08-01T00:12:36.645212 [32m[INFO][0m src.infrastructure.monitoring.alerts:277 add_channel() - Alert channel 'logs' added | taskName=None
2025-08-01T00:12:36.645337 [32m[INFO][0m src.infrastructure.monitoring.alerts:277 add_channel() - Alert channel 'email' added | taskName=None
2025-08-01T00:12:36.645370 [32m[INFO][0m src.infrastructure.monitoring.alerts:277 add_channel() - Alert channel 'webhook' added | taskName=None
2025-08-01T00:13:01.085365 [32m[INFO][0m src.infrastructure.database.config:88 _detect_environment() - Detected environment: development | taskName=None
2025-08-01T00:13:01.289043 [32m[INFO][0m src.infrastructure.monitoring.alerts:277 add_channel() - Alert channel 'logs' added | taskName=None
2025-08-01T00:13:01.289184 [32m[INFO][0m src.infrastructure.monitoring.alerts:277 add_channel() - Alert channel 'email' added | taskName=None
2025-08-01T00:13:01.289220 [32m[INFO][0m src.infrastructure.monitoring.alerts:277 add_channel() - Alert channel 'webhook' added | taskName=None
2025-08-01T00:13:11.551946 [32m[INFO][0m src.infrastructure.database.config:88 _detect_environment() - Detected environment: development | taskName=None
2025-08-01T00:13:11.766275 [32m[INFO][0m src.infrastructure.monitoring.alerts:277 add_channel() - Alert channel 'logs' added | taskName=None
2025-08-01T00:13:11.766469 [32m[INFO][0m src.infrastructure.monitoring.alerts:277 add_channel() - Alert channel 'email' added | taskName=None
2025-08-01T00:13:11.766539 [32m[INFO][0m src.infrastructure.monitoring.alerts:277 add_channel() - Alert channel 'webhook' added | taskName=None
2025-08-01T00:13:29.750989 [32m[INFO][0m src.infrastructure.database.config:88 _detect_environment() - Detected environment: development | taskName=None
2025-08-01T00:13:29.963924 [32m[INFO][0m src.infrastructure.monitoring.alerts:277 add_channel() - Alert channel 'logs' added | taskName=None
2025-08-01T00:13:29.964066 [32m[INFO][0m src.infrastructure.monitoring.alerts:277 add_channel() - Alert channel 'email' added | taskName=None
2025-08-01T00:13:29.964102 [32m[INFO][0m src.infrastructure.monitoring.alerts:277 add_channel() - Alert channel 'webhook' added | taskName=None
2025-08-01T00:13:38.725224 [32m[INFO][0m src.infrastructure.database.config:88 _detect_environment() - Detected environment: development | taskName=None
2025-08-01T00:13:38.905958 [32m[INFO][0m src.infrastructure.monitoring.alerts:277 add_channel() - Alert channel 'logs' added | taskName=None
2025-08-01T00:13:38.906139 [32m[INFO][0m src.infrastructure.monitoring.alerts:277 add_channel() - Alert channel 'email' added | taskName=None
2025-08-01T00:13:38.906181 [32m[INFO][0m src.infrastructure.monitoring.alerts:277 add_channel() - Alert channel 'webhook' added | taskName=None
2025-08-01T00:13:51.769464 [32m[INFO][0m src.infrastructure.database.config:88 _detect_environment() - Detected environment: development | taskName=None
2025-08-01T00:13:51.951272 [32m[INFO][0m src.infrastructure.monitoring.alerts:277 add_channel() - Alert channel 'logs' added | taskName=None
2025-08-01T00:13:51.951407 [32m[INFO][0m src.infrastructure.monitoring.alerts:277 add_channel() - Alert channel 'email' added | taskName=None
2025-08-01T00:13:51.951440 [32m[INFO][0m src.infrastructure.monitoring.alerts:277 add_channel() - Alert channel 'webhook' added | taskName=None
2025-08-01T00:14:05.234581 [32m[INFO][0m src.infrastructure.database.config:88 _detect_environment() - Detected environment: development | taskName=None
2025-08-01T00:14:05.419915 [32m[INFO][0m src.infrastructure.monitoring.alerts:277 add_channel() - Alert channel 'logs' added | taskName=None
2025-08-01T00:14:05.420043 [32m[INFO][0m src.infrastructure.monitoring.alerts:277 add_channel() - Alert channel 'email' added | taskName=None
2025-08-01T00:14:05.420081 [32m[INFO][0m src.infrastructure.monitoring.alerts:277 add_channel() - Alert channel 'webhook' added | taskName=None
2025-08-01T00:14:15.860250 [32m[INFO][0m src.infrastructure.database.config:88 _detect_environment() - Detected environment: development | taskName=None
2025-08-01T00:14:16.042365 [32m[INFO][0m src.infrastructure.monitoring.alerts:277 add_channel() - Alert channel 'logs' added | taskName=None
2025-08-01T00:14:16.042497 [32m[INFO][0m src.infrastructure.monitoring.alerts:277 add_channel() - Alert channel 'email' added | taskName=None
2025-08-01T00:14:16.042533 [32m[INFO][0m src.infrastructure.monitoring.alerts:277 add_channel() - Alert channel 'webhook' added | taskName=None
2025-08-01T00:14:25.602263 [32m[INFO][0m src.infrastructure.database.config:88 _detect_environment() - Detected environment: development | taskName=None
2025-08-01T00:14:25.782152 [32m[INFO][0m src.infrastructure.monitoring.alerts:277 add_channel() - Alert channel 'logs' added | taskName=None
2025-08-01T00:14:25.782290 [32m[INFO][0m src.infrastructure.monitoring.alerts:277 add_channel() - Alert channel 'email' added | taskName=None
2025-08-01T00:14:25.782327 [32m[INFO][0m src.infrastructure.monitoring.alerts:277 add_channel() - Alert channel 'webhook' added | taskName=None
2025-08-01T00:14:35.700785 [32m[INFO][0m src.infrastructure.database.config:88 _detect_environment() - Detected environment: development | taskName=None
2025-08-01T00:14:35.883674 [32m[INFO][0m src.infrastructure.monitoring.alerts:277 add_channel() - Alert channel 'logs' added | taskName=None
2025-08-01T00:14:35.883822 [32m[INFO][0m src.infrastructure.monitoring.alerts:277 add_channel() - Alert channel 'email' added | taskName=None
2025-08-01T00:14:35.883863 [32m[INFO][0m src.infrastructure.monitoring.alerts:277 add_channel() - Alert channel 'webhook' added | taskName=None
2025-08-01T00:14:49.073711 [32m[INFO][0m src.infrastructure.database.config:88 _detect_environment() - Detected environment: development | taskName=None
2025-08-01T00:14:49.256755 [32m[INFO][0m src.infrastructure.monitoring.alerts:277 add_channel() - Alert channel 'logs' added | taskName=None
2025-08-01T00:14:49.256888 [32m[INFO][0m src.infrastructure.monitoring.alerts:277 add_channel() - Alert channel 'email' added | taskName=None
2025-08-01T00:14:49.256924 [32m[INFO][0m src.infrastructure.monitoring.alerts:277 add_channel() - Alert channel 'webhook' added | taskName=None
2025-08-01T00:15:06.882925 [32m[INFO][0m src.infrastructure.database.config:88 _detect_environment() - Detected environment: development | taskName=None
2025-08-01T00:15:07.057639 [32m[INFO][0m src.infrastructure.monitoring.alerts:277 add_channel() - Alert channel 'logs' added | taskName=None
2025-08-01T00:15:07.057772 [32m[INFO][0m src.infrastructure.monitoring.alerts:277 add_channel() - Alert channel 'email' added | taskName=None
2025-08-01T00:15:07.057805 [32m[INFO][0m src.infrastructure.monitoring.alerts:277 add_channel() - Alert channel 'webhook' added | taskName=None
2025-08-01T00:15:16.250068 [32m[INFO][0m src.infrastructure.database.config:88 _detect_environment() - Detected environment: development | taskName=None
2025-08-01T00:15:16.435416 [32m[INFO][0m src.infrastructure.monitoring.alerts:277 add_channel() - Alert channel 'logs' added | taskName=None
2025-08-01T00:15:16.435571 [32m[INFO][0m src.infrastructure.monitoring.alerts:277 add_channel() - Alert channel 'email' added | taskName=None
2025-08-01T00:15:16.435608 [32m[INFO][0m src.infrastructure.monitoring.alerts:277 add_channel() - Alert channel 'webhook' added | taskName=None
2025-08-01T00:16:36.788757 [32m[INFO][0m src.infrastructure.database.config:88 _detect_environment() - Detected environment: development | taskName=None
2025-08-01T00:16:36.992603 [32m[INFO][0m src.infrastructure.monitoring.alerts:277 add_channel() - Alert channel 'logs' added | taskName=None
2025-08-01T00:16:36.992736 [32m[INFO][0m src.infrastructure.monitoring.alerts:277 add_channel() - Alert channel 'email' added | taskName=None
2025-08-01T00:16:36.992773 [32m[INFO][0m src.infrastructure.monitoring.alerts:277 add_channel() - Alert channel 'webhook' added | taskName=None
2025-08-01T00:16:50.644087 [32m[INFO][0m src.infrastructure.database.config:88 _detect_environment() - Detected environment: development | taskName=None
2025-08-01T00:16:50.821399 [32m[INFO][0m src.infrastructure.monitoring.alerts:277 add_channel() - Alert channel 'logs' added | taskName=None
2025-08-01T00:16:50.821533 [32m[INFO][0m src.infrastructure.monitoring.alerts:277 add_channel() - Alert channel 'email' added | taskName=None
2025-08-01T00:16:50.821566 [32m[INFO][0m src.infrastructure.monitoring.alerts:277 add_channel() - Alert channel 'webhook' added | taskName=None
2025-08-01T00:17:31.055764 [32m[INFO][0m src.infrastructure.database.config:88 _detect_environment() - Detected environment: development | taskName=None
2025-08-01T00:17:31.232643 [32m[INFO][0m src.infrastructure.monitoring.alerts:277 add_channel() - Alert channel 'logs' added | taskName=None
2025-08-01T00:17:31.232788 [32m[INFO][0m src.infrastructure.monitoring.alerts:277 add_channel() - Alert channel 'email' added | taskName=None
2025-08-01T00:17:31.232826 [32m[INFO][0m src.infrastructure.monitoring.alerts:277 add_channel() - Alert channel 'webhook' added | taskName=None
2025-08-01T00:17:39.349307 [32m[INFO][0m src.infrastructure.database.config:88 _detect_environment() - Detected environment: development | taskName=None
2025-08-01T00:17:39.533888 [32m[INFO][0m src.infrastructure.monitoring.alerts:277 add_channel() - Alert channel 'logs' added | taskName=None
2025-08-01T00:17:39.534000 [32m[INFO][0m src.infrastructure.monitoring.alerts:277 add_channel() - Alert channel 'email' added | taskName=None
2025-08-01T00:17:39.534033 [32m[INFO][0m src.infrastructure.monitoring.alerts:277 add_channel() - Alert channel 'webhook' added | taskName=None
2025-08-01T00:18:34.475091 [32m[INFO][0m src.infrastructure.database.config:88 _detect_environment() - Detected environment: development | taskName=None
2025-08-01T00:18:34.646358 [32m[INFO][0m src.infrastructure.monitoring.alerts:277 add_channel() - Alert channel 'logs' added | taskName=None
2025-08-01T00:18:34.646476 [32m[INFO][0m src.infrastructure.monitoring.alerts:277 add_channel() - Alert channel 'email' added | taskName=None
2025-08-01T00:18:34.646509 [32m[INFO][0m src.infrastructure.monitoring.alerts:277 add_channel() - Alert channel 'webhook' added | taskName=None
2025-08-01T00:19:25.190041 [32m[INFO][0m src.infrastructure.database.config:88 _detect_environment() - Detected environment: development | taskName=None
2025-08-01T00:19:27.342488 [32m[INFO][0m src.infrastructure.monitoring.alerts:277 add_channel() - Alert channel 'logs' added | taskName=None
2025-08-01T00:19:27.342607 [32m[INFO][0m src.infrastructure.monitoring.alerts:277 add_channel() - Alert channel 'email' added | taskName=None
2025-08-01T00:19:27.342641 [32m[INFO][0m src.infrastructure.monitoring.alerts:277 add_channel() - Alert channel 'webhook' added | taskName=None
2025-08-01T00:19:34.135828 [32m[INFO][0m src.infrastructure.database.config:88 _detect_environment() - Detected environment: development | taskName=None
2025-08-01T00:19:34.314707 [32m[INFO][0m src.infrastructure.monitoring.alerts:277 add_channel() - Alert channel 'logs' added | taskName=None
2025-08-01T00:19:34.314843 [32m[INFO][0m src.infrastructure.monitoring.alerts:277 add_channel() - Alert channel 'email' added | taskName=None
2025-08-01T00:19:34.314887 [32m[INFO][0m src.infrastructure.monitoring.alerts:277 add_channel() - Alert channel 'webhook' added | taskName=None
2025-08-01T00:20:31.273885 [32m[INFO][0m src.infrastructure.database.config:88 _detect_environment() - Detected environment: development | taskName=None
2025-08-01T00:20:31.468559 [32m[INFO][0m src.infrastructure.monitoring.alerts:277 add_channel() - Alert channel 'logs' added | taskName=None
2025-08-01T00:20:31.468720 [32m[INFO][0m src.infrastructure.monitoring.alerts:277 add_channel() - Alert channel 'email' added | taskName=None
2025-08-01T00:20:31.468755 [32m[INFO][0m src.infrastructure.monitoring.alerts:277 add_channel() - Alert channel 'webhook' added | taskName=None
2025-08-01T00:24:02.005294 [32m[INFO][0m src.infrastructure.database.config:88 _detect_environment() - Detected environment: development | taskName=None
2025-08-01T00:24:02.204243 [32m[INFO][0m src.infrastructure.monitoring.alerts:277 add_channel() - Alert channel 'logs' added | taskName=None
2025-08-01T00:24:02.204368 [32m[INFO][0m src.infrastructure.monitoring.alerts:277 add_channel() - Alert channel 'email' added | taskName=None
2025-08-01T00:24:02.204405 [32m[INFO][0m src.infrastructure.monitoring.alerts:277 add_channel() - Alert channel 'webhook' added | taskName=None
