2025-07-31T00:39:29.641492 [32m[INFO][0m test.basic:36 test_basic_logging() - Basic logging test successful | taskName=None
2025-07-31T00:39:29.641607 [33m[WARNING][0m test.basic:37 test_basic_logging() - This is a warning message | taskName=None
2025-07-31T00:39:29.641649 [31m[ERROR][0m test.basic:38 test_basic_logging() - This is an error message | taskName=None
2025-07-31T00:39:29.641736 [32m[INFO][0m test.context:219 log_with_context() - Context logging test | taskName=None | correlation_id=c0821f20-623d-4590-a440-fbf7d2e09c8e | user_id=test_user_123 | operation=test_operation | additional_data=some_value
2025-07-31T00:39:29.746924 [33m[WARNING][0m performance:172 log_performance() - Slow operation: slow_operation took 0.105s | taskName=None | operation=slow_operation | duration=0.105 | correlation_id=c0821f20-623d-4590-a440-fbf7d2e09c8e | operation_type=simulation | data_processed=100
2025-07-31T00:39:29.747113 [31m[ERROR][0m test.errors:146 log_error() - Error in failing_operation: This is a test error | taskName=None | operation=failing_operation | error=This is a test error | error_type=ValueError | correlation_id=c0821f20-623d-4590-a440-fbf7d2e09c8e | user_id=test_user_123 | operation_id=test_123 | input_data=invalid_input
Traceback (most recent call last):
  File "/Users/tyrelle/Desktop/4ex.ninja/4ex.ninja/test_logging.py", line 108, in failing_operation
    raise ValueError("This is a test error")
ValueError: This is a test error
2025-07-31T00:40:58.778977 [32m[INFO][0m test.basic:36 test_basic_logging() - Basic logging test successful | taskName=None
2025-07-31T00:40:58.779657 [33m[WARNING][0m test.basic:37 test_basic_logging() - This is a warning message | taskName=None
2025-07-31T00:40:58.779713 [31m[ERROR][0m test.basic:38 test_basic_logging() - This is an error message | taskName=None
2025-07-31T00:40:58.780254 [32m[INFO][0m test.context:219 log_with_context() - Context logging test | taskName=None | correlation_id=2ef994a7-d2c5-40f3-b40e-1e6438d244bd | user_id=test_user_123 | operation=test_operation | additional_data=some_value
2025-07-31T00:40:58.885390 [33m[WARNING][0m performance:172 log_performance() - Slow operation: slow_operation took 0.105s | taskName=None | operation=slow_operation | duration=0.105 | correlation_id=2ef994a7-d2c5-40f3-b40e-1e6438d244bd | operation_type=simulation | data_processed=100
2025-07-31T00:40:58.885613 [31m[ERROR][0m test.errors:146 log_error() - Error in failing_operation: This is a test error | taskName=None | operation=failing_operation | error=This is a test error | error_type=ValueError | correlation_id=2ef994a7-d2c5-40f3-b40e-1e6438d244bd | user_id=test_user_123 | operation_id=test_123 | input_data=invalid_input
Traceback (most recent call last):
  File "/Users/tyrelle/Desktop/4ex.ninja/4ex.ninja/test_logging.py", line 108, in failing_operation
    raise ValueError("This is a test error")
ValueError: This is a test error
2025-07-31T00:46:30.153430 [32m[INFO][0m test.basic:36 test_basic_logging() - Basic logging test successful | taskName=None
2025-07-31T00:46:30.153919 [33m[WARNING][0m test.basic:37 test_basic_logging() - This is a warning message | taskName=None
2025-07-31T00:46:30.153963 [31m[ERROR][0m test.basic:38 test_basic_logging() - This is an error message | taskName=None
2025-07-31T00:46:30.154229 [32m[INFO][0m test.context:171 log_with_context() - Context logging test | taskName=None | correlation_id=0cc15beb-74ef-4af3-ae2b-d364f99c3f91 | user_id=test_user_123 | operation=test_operation | additional_data=some_value
2025-07-31T00:46:30.258740 [33m[WARNING][0m performance:124 log_performance() - Slow operation: slow_operation took 0.104s | taskName=None | operation=slow_operation | duration=0.104 | correlation_id=0cc15beb-74ef-4af3-ae2b-d364f99c3f91 | operation_type=simulation | data_processed=100
2025-07-31T00:46:30.258959 [31m[ERROR][0m test.errors:98 log_error() - Error in failing_operation: This is a test error | taskName=None | operation=failing_operation | error=This is a test error | error_type=ValueError | correlation_id=0cc15beb-74ef-4af3-ae2b-d364f99c3f91 | user_id=test_user_123 | operation_id=test_123 | input_data=invalid_input
Traceback (most recent call last):
  File "/Users/tyrelle/Desktop/4ex.ninja/4ex.ninja/test_logging.py", line 108, in failing_operation
    raise ValueError("This is a test error")
ValueError: This is a test error
2025-07-31T00:56:24.630430 [32m[INFO][0m api.middleware:331 _log_request() - Request: GET / | taskName=Task-3 | correlation_id=590df8b5-e1fe-4d32-a6b9-27afbd53816a | method=GET | path=/ | query_params={} | headers={'host': '127.0.0.1:8000', 'user-agent': 'curl/8.7.1', 'accept': '*/*'} | client_ip=127.0.0.1 | user_agent=curl/8.7.1 | content_type=None | body_size=0 | user_id=None
2025-07-31T00:56:24.631281 [32m[INFO][0m api.test:171 log_with_context() - Root endpoint accessed | taskName=starlette.middleware.base.BaseHTTPMiddleware.__call__.<locals>.call_next.<locals>.coro | correlation_id=590df8b5-e1fe-4d32-a6b9-27afbd53816a | endpoint=/ | user_action=browse
2025-07-31T00:56:24.631638 [32m[INFO][0m api.middleware:364 _log_response() - Response: 200 for GET / | taskName=Task-3 | correlation_id=590df8b5-e1fe-4d32-a6b9-27afbd53816a | method=GET | path=/ | status_code=200 | duration=0.001 | response_size=119 | content_type=application/json | user_id=None
2025-07-31T00:56:24.631709 [32m[INFO][0m performance:408 _log_performance() - Request performance: GET / | taskName=Task-3 | correlation_id=590df8b5-e1fe-4d32-a6b9-27afbd53816a | method=GET | path=/ | status_code=200 | duration=0.001 | cpu_time=0.001 | memory_delta=0.22 | user_id=None
2025-07-31T01:01:28.906061 [32m[INFO][0m api.middleware:331 _log_request() - Request: GET /test/context | taskName=Task-5 | correlation_id=c98cabbd-9125-404a-83c4-516cc0abc813 | method=GET | path=/test/context | query_params={} | headers={'host': '127.0.0.1:8000', 'user-agent': 'curl/8.7.1', 'accept': '*/*'} | client_ip=127.0.0.1 | user_agent=curl/8.7.1 | content_type=None | body_size=0 | user_id=None
2025-07-31T01:01:28.907471 [32m[INFO][0m api.test:171 log_with_context() - Context test endpoint | taskName=starlette.middleware.base.BaseHTTPMiddleware.__call__.<locals>.call_next.<locals>.coro | correlation_id=c98cabbd-9125-404a-83c4-516cc0abc813 | context_test=True | correlation_verified=True
2025-07-31T01:01:28.908073 [32m[INFO][0m api.middleware:364 _log_response() - Response: 200 for GET /test/context | taskName=Task-5 | correlation_id=c98cabbd-9125-404a-83c4-516cc0abc813 | method=GET | path=/test/context | status_code=200 | duration=0.002 | response_size=131 | content_type=application/json | user_id=None
2025-07-31T01:01:28.908177 [32m[INFO][0m performance:408 _log_performance() - Request performance: GET /test/context | taskName=Task-5 | correlation_id=c98cabbd-9125-404a-83c4-516cc0abc813 | method=GET | path=/test/context | status_code=200 | duration=0.002 | cpu_time=0.002 | memory_delta=3.59 | user_id=None
2025-07-31T01:15:36.487262 [32m[INFO][0m test:1 <module>() - ✅ Consolidated logging infrastructure working! | taskName=None
2025-07-31T01:15:44.411049 [32m[INFO][0m test:1 <module>() - ✅ Infrastructure imports working! | taskName=None
2025-07-31T01:16:15.492606 [32m[INFO][0m test.basic:36 test_basic_logging() - Basic logging test successful | taskName=None
2025-07-31T01:16:15.495216 [33m[WARNING][0m test.basic:37 test_basic_logging() - This is a warning message | taskName=None
2025-07-31T01:16:15.495271 [31m[ERROR][0m test.basic:38 test_basic_logging() - This is an error message | taskName=None
2025-07-31T01:16:15.495932 [32m[INFO][0m test.context:173 log_with_context() - Context logging test | taskName=None | correlation_id=4ed51c8f-7063-4241-817e-4466cad96217 | user_id=test_user_123 | operation=test_operation | additional_data=some_value
2025-07-31T01:16:15.601086 [33m[WARNING][0m performance:128 log_performance() - Slow operation: slow_operation took 0.105s | taskName=None | operation=slow_operation | duration=0.105 | correlation_id=4ed51c8f-7063-4241-817e-4466cad96217 | operation_type=simulation | data_processed=100
2025-07-31T01:16:15.601322 [31m[ERROR][0m test.errors:104 log_error() - Error in failing_operation: This is a test error | taskName=None | operation=failing_operation | error=This is a test error | error_type=ValueError | correlation_id=4ed51c8f-7063-4241-817e-4466cad96217 | user_id=test_user_123 | operation_id=test_123 | input_data=invalid_input
Traceback (most recent call last):
  File "/Users/tyrelle/Desktop/4ex.ninja/4ex.ninja-backend/test_logging_day6.py", line 109, in failing_operation
    raise ValueError("This is a test error")
ValueError: This is a test error
2025-07-31T01:17:09.658252 [32m[INFO][0m consolidation.test:10 <module>() - Consolidation completed successfully! | taskName=None
2025-07-31T21:22:37.202902 [32m[INFO][0m test.basic:42 test_basic_logging() - Basic logging test successful | taskName=None
2025-07-31T21:22:37.203574 [33m[WARNING][0m test.basic:43 test_basic_logging() - This is a warning message | taskName=None
2025-07-31T21:22:37.203634 [31m[ERROR][0m test.basic:44 test_basic_logging() - This is an error message | taskName=None
2025-07-31T21:22:37.204508 [32m[INFO][0m test.context:173 log_with_context() - Context logging test | taskName=None | correlation_id=ea20b971-3132-47b7-b681-22dacd05cbdd | user_id=test_user_123 | operation=test_operation | additional_data=some_value
2025-07-31T21:22:37.306333 [33m[WARNING][0m performance:128 log_performance() - Slow operation: slow_operation took 0.101s | taskName=None | operation=slow_operation | duration=0.101 | correlation_id=ea20b971-3132-47b7-b681-22dacd05cbdd | operation_type=simulation | data_processed=100
2025-07-31T21:22:37.307276 [31m[ERROR][0m test.errors:104 log_error() - Error in failing_operation: This is a test error | taskName=None | operation=failing_operation | error=This is a test error | error_type=ValueError | correlation_id=ea20b971-3132-47b7-b681-22dacd05cbdd | user_id=test_user_123 | operation_id=test_123 | input_data=invalid_input
Traceback (most recent call last):
  File "/Users/tyrelle/Desktop/4ex.ninja/4ex.ninja-backend/tests/days/test_day6_logging.py", line 115, in failing_operation
    raise ValueError("This is a test error")
ValueError: This is a test error
2025-07-31T21:22:37.417720 [31m[ERROR][0m infrastructure.monitoring.error_tracking:89 capture_error() - Sentry not initialized. Error: Test API error | taskName=None
2025-07-31T21:22:37.417875 [31m[ERROR][0m infrastructure.monitoring.error_tracking:89 capture_error() - Sentry not initialized. Error: Test business logic error | taskName=None
2025-07-31T21:22:37.421236 [31m[ERROR][0m src.strategies.error_handling:457 validate_market_data() - Missing required field: timestamp | taskName=None
2025-07-31T21:22:37.421346 [31m[ERROR][0m src.strategies.error_handling:523 validate_signal_data() - Missing required signal field: timestamp | taskName=None
2025-07-31T21:22:37.421784 [31m[ERROR][0m src.strategies.error_handling:457 validate_market_data() - Missing required field: high | taskName=None
2025-07-31T21:22:37.421867 [31m[ERROR][0m src.strategies.error_handling:457 validate_market_data() - Missing required field: open | taskName=None
2025-07-31T21:22:37.421926 [31m[ERROR][0m src.strategies.error_handling:457 validate_market_data() - Missing required field: open | taskName=None
2025-07-31T21:22:37.421981 [31m[ERROR][0m src.strategies.error_handling:457 validate_market_data() - Missing required field: open | taskName=None
2025-07-31T21:22:37.422061 [31m[ERROR][0m src.strategies.error_handling:457 validate_market_data() - Missing required field: open | taskName=None
2025-07-31T21:22:37.459834 [32m[INFO][0m src.infrastructure.monitoring.alerts:277 add_channel() - Alert channel 'logs' added | taskName=None
2025-07-31T21:22:37.459934 [32m[INFO][0m src.infrastructure.monitoring.alerts:277 add_channel() - Alert channel 'email' added | taskName=None
2025-07-31T21:22:37.459971 [32m[INFO][0m src.infrastructure.monitoring.alerts:277 add_channel() - Alert channel 'webhook' added | taskName=None
2025-07-31T21:22:37.461702 [33m[WARNING][0m src.infrastructure.monitoring.dashboards:273 increment_counter() - Counter metric not found: test_counter | taskName=None
2025-07-31T21:22:37.475094 [33m[WARNING][0m src.infrastructure.monitoring.dashboards:273 increment_counter() - Counter metric not found: signal_errors_total | taskName=None
2025-07-31T21:22:37.475198 [33m[WARNING][0m src.infrastructure.monitoring.dashboards:273 increment_counter() - Counter metric not found: database_errors_total | taskName=None
2025-08-06T00:35:12.054863 [32m[INFO][0m infrastructure.database.config:88 _detect_environment() - Detected environment: testing | taskName=None
2025-08-06T00:35:12.118125 [32m[INFO][0m src.infrastructure.database.config:88 _detect_environment() - Detected environment: testing | taskName=None
2025-08-06T00:35:12.301589 [32m[INFO][0m src.infrastructure.monitoring.alerts:277 add_channel() - Alert channel 'logs' added | taskName=None
2025-08-06T00:35:12.301716 [32m[INFO][0m src.infrastructure.monitoring.alerts:277 add_channel() - Alert channel 'email' added | taskName=None
2025-08-06T00:35:12.301751 [32m[INFO][0m src.infrastructure.monitoring.alerts:277 add_channel() - Alert channel 'webhook' added | taskName=None
2025-08-08T22:34:52.297984 [32m[INFO][0m infrastructure.database.config:88 _detect_environment() - Detected environment: testing | taskName=None
2025-08-08T22:34:52.376547 [32m[INFO][0m src.infrastructure.database.config:88 _detect_environment() - Detected environment: testing | taskName=None
2025-08-08T22:34:52.408072 [32m[INFO][0m src.infrastructure.monitoring.alerts:277 add_channel() - Alert channel 'logs' added | taskName=None
2025-08-08T22:34:52.408171 [32m[INFO][0m src.infrastructure.monitoring.alerts:277 add_channel() - Alert channel 'email' added | taskName=None
2025-08-08T22:34:52.408201 [32m[INFO][0m src.infrastructure.monitoring.alerts:277 add_channel() - Alert channel 'webhook' added | taskName=None
2025-08-08T22:34:52.426905 [32m[INFO][0m infrastructure.monitoring.health:52 register_check() - Registered health check: database | taskName=None
2025-08-08T22:34:52.427006 [32m[INFO][0m infrastructure.monitoring.health:52 register_check() - Registered health check: oanda_api | taskName=None
2025-08-08T22:34:52.427036 [32m[INFO][0m infrastructure.monitoring.health:52 register_check() - Registered health check: system_resources | taskName=None
2025-08-08T22:35:11.965230 [32m[INFO][0m test.basic:42 test_basic_logging() - Basic logging test successful | taskName=None
2025-08-08T22:35:11.965562 [33m[WARNING][0m test.basic:43 test_basic_logging() - This is a warning message | taskName=None
2025-08-08T22:35:11.965671 [31m[ERROR][0m test.basic:44 test_basic_logging() - This is an error message | taskName=None
2025-08-08T22:35:11.967503 [32m[INFO][0m test.context:173 log_with_context() - Context logging test | taskName=None | correlation_id=284e2576-1b4e-44d0-b1b2-ad5e213cfe6a | user_id=test_user_123 | operation=test_operation | additional_data=some_value
2025-08-08T22:35:12.069841 [33m[WARNING][0m performance:128 log_performance() - Slow operation: slow_operation took 0.102s | taskName=None | operation=slow_operation | duration=0.102 | correlation_id=284e2576-1b4e-44d0-b1b2-ad5e213cfe6a | operation_type=simulation | data_processed=100
2025-08-08T22:35:12.070904 [31m[ERROR][0m test.errors:104 log_error() - Error in failing_operation: This is a test error | taskName=None | operation=failing_operation | error=This is a test error | error_type=ValueError | correlation_id=284e2576-1b4e-44d0-b1b2-ad5e213cfe6a | user_id=test_user_123 | operation_id=test_123 | input_data=invalid_input
Traceback (most recent call last):
  File "/Users/tyrelle/Desktop/4ex.ninja/4ex.ninja-backend/tests/days/test_day6_logging.py", line 115, in failing_operation
    raise ValueError("This is a test error")
ValueError: This is a test error
2025-08-08T22:35:12.184409 [31m[ERROR][0m infrastructure.monitoring.error_tracking:89 capture_error() - Sentry not initialized. Error: Test API error | taskName=None
2025-08-08T22:35:12.184680 [31m[ERROR][0m infrastructure.monitoring.error_tracking:89 capture_error() - Sentry not initialized. Error: Test business logic error | taskName=None
2025-08-09T17:32:35.422047 [32m[INFO][0m infrastructure.monitoring.health:52 register_check() - Registered health check: database | taskName=None
2025-08-09T17:32:35.422362 [32m[INFO][0m infrastructure.monitoring.health:52 register_check() - Registered health check: oanda_api | taskName=None
2025-08-09T17:32:35.422465 [32m[INFO][0m infrastructure.monitoring.health:52 register_check() - Registered health check: system_resources | taskName=None
2025-08-09T17:32:35.431875 [32m[INFO][0m api.utils.fast_json:24 <module>() - orjson available - using fast JSON serialization | taskName=None
2025-08-09T17:32:35.522542 [32m[INFO][0m api.middleware.security_headers:312 create_security_middleware_stack() - Security middleware stack configured successfully | taskName=None
2025-08-09T17:32:35.532505 [32m[INFO][0m test:19 <module>() - Info message | taskName=None
2025-08-09T17:32:35.532591 [33m[WARNING][0m test:20 <module>() - Warning message | taskName=None
2025-08-09T17:32:35.532623 [31m[ERROR][0m test:21 <module>() - Error message | taskName=None
2025-08-09T17:33:46.250525 [32m[INFO][0m infrastructure.monitoring.health:52 register_check() - Registered health check: database | taskName=None
2025-08-09T17:33:46.250814 [32m[INFO][0m infrastructure.monitoring.health:52 register_check() - Registered health check: oanda_api | taskName=None
2025-08-09T17:33:46.250907 [32m[INFO][0m infrastructure.monitoring.health:52 register_check() - Registered health check: system_resources | taskName=None
2025-08-09T17:33:46.263548 [32m[INFO][0m api.utils.fast_json:24 <module>() - orjson available - using fast JSON serialization | taskName=None
2025-08-09T17:33:46.347754 [32m[INFO][0m api.middleware.security_headers:312 create_security_middleware_stack() - Security middleware stack configured successfully | taskName=None
2025-08-09T17:33:46.359578 [32m[INFO][0m api.middleware.security_headers:312 create_security_middleware_stack() - Security middleware stack configured successfully | taskName=None
2025-08-09T17:34:11.697576 [32m[INFO][0m api.middleware.security_headers:312 create_security_middleware_stack() - Security middleware stack configured successfully | taskName=Task-1
2025-08-09T17:34:11.707282 [32m[INFO][0m src.app:49 lifespan() - 🚀 Starting 4ex.ninja Trading Platform API | taskName=Task-2
2025-08-09T17:34:11.707385 [32m[INFO][0m src.app:50 lifespan() - Environment: development | taskName=Task-2
2025-08-09T17:34:11.707414 [32m[INFO][0m src.app:51 lifespan() - Log Level: 20 | taskName=Task-2
2025-08-09T17:34:11.707440 [32m[INFO][0m src.app:64 lifespan() - ℹ️ Sentry DSN not configured - error tracking disabled | taskName=Task-2
2025-08-09T17:34:11.707468 [32m[INFO][0m src.app:68 lifespan() - ✅ Dependency container initialized | taskName=Task-2
2025-08-09T17:34:11.707505 [32m[INFO][0m services.cache_service:315 create_cache_manager() - Using memory cache backend | taskName=Task-2
2025-08-09T17:34:11.707786 [32m[INFO][0m services.cache_service:238 warm_cache() - Starting cache warming for 5 filter combinations | taskName=Task-2
2025-08-09T17:34:11.707876 [32m[INFO][0m services.cache_service:257 warm_cache() - Cache warming completed. Warmed 0 entries | taskName=Task-2
2025-08-09T17:34:11.707915 [32m[INFO][0m src.app:74 lifespan() - ✅ Cache warming completed. Warmed 0 entries | taskName=Task-2
2025-08-09T17:34:11.707943 [32m[INFO][0m src.app:79 lifespan() - 🎯 4ex.ninja Trading Platform API startup completed successfully | taskName=Task-2
2025-08-09T17:38:05.441281 [32m[INFO][0m infrastructure.monitoring.health:52 register_check() - Registered health check: database | taskName=None
2025-08-09T17:38:05.441391 [32m[INFO][0m infrastructure.monitoring.health:52 register_check() - Registered health check: oanda_api | taskName=None
2025-08-09T17:38:05.441430 [32m[INFO][0m infrastructure.monitoring.health:52 register_check() - Registered health check: system_resources | taskName=None
2025-08-09T17:38:05.448438 [32m[INFO][0m api.utils.fast_json:24 <module>() - orjson available - using fast JSON serialization | taskName=None
2025-08-09T17:38:05.511667 [32m[INFO][0m api.middleware.security_headers:312 create_security_middleware_stack() - Security middleware stack configured successfully | taskName=None
2025-08-09T17:38:05.520813 [32m[INFO][0m verification:30 <module>() - Test structured logging | taskName=None | component=verification | test=True
2025-08-09T18:03:04.137631 [32m[INFO][0m api.middleware.security_headers:312 create_security_middleware_stack() - Security middleware stack configured successfully | taskName=None
2025-08-09T18:10:10.999439 [32m[INFO][0m api.middleware.security_headers:312 create_security_middleware_stack() - Security middleware stack configured successfully | taskName=None
2025-08-09T18:10:39.039829 [32m[INFO][0m api.middleware.security_headers:312 create_security_middleware_stack() - Security middleware stack configured successfully | taskName=Task-1
2025-08-09T18:10:39.050934 [32m[INFO][0m src.app:50 lifespan() - 🚀 Starting 4ex.ninja Trading Platform API | taskName=Task-2
2025-08-09T18:10:39.051060 [32m[INFO][0m src.app:51 lifespan() - Environment: development | taskName=Task-2
2025-08-09T18:10:39.051105 [32m[INFO][0m src.app:52 lifespan() - Log Level: 20 | taskName=Task-2
2025-08-09T18:10:39.051134 [32m[INFO][0m src.app:65 lifespan() - ℹ️ Sentry DSN not configured - error tracking disabled | taskName=Task-2
2025-08-09T18:10:39.051166 [32m[INFO][0m src.app:69 lifespan() - ✅ Dependency container initialized | taskName=Task-2
2025-08-09T18:10:39.051206 [32m[INFO][0m services.cache_service:315 create_cache_manager() - Using memory cache backend | taskName=Task-2
2025-08-09T18:10:39.051441 [32m[INFO][0m services.cache_service:238 warm_cache() - Starting cache warming for 5 filter combinations | taskName=Task-2
2025-08-09T18:10:39.051561 [32m[INFO][0m services.cache_service:257 warm_cache() - Cache warming completed. Warmed 0 entries | taskName=Task-2
2025-08-09T18:10:39.051617 [32m[INFO][0m src.app:75 lifespan() - ✅ Cache warming completed. Warmed 0 entries | taskName=Task-2
2025-08-09T18:10:39.051664 [32m[INFO][0m infrastructure.monitoring.system_metrics:53 start_monitoring() - Started system monitoring with 30s interval | taskName=Task-2
2025-08-09T18:10:39.051697 [32m[INFO][0m src.app:83 lifespan() - ✅ System metrics monitoring started | taskName=Task-2
2025-08-09T18:10:39.051724 [32m[INFO][0m src.app:88 lifespan() - 🎯 4ex.ninja Trading Platform API startup completed successfully | taskName=Task-2
2025-08-09T18:10:53.847917 [32m[INFO][0m src.app:93 lifespan() - 🛑 Shutting down 4ex.ninja Trading Platform API | taskName=Task-2
2025-08-09T18:10:53.849009 [32m[INFO][0m infrastructure.monitoring.system_metrics:64 stop_monitoring() - Stopped system monitoring | taskName=Task-2
2025-08-09T18:10:53.849055 [32m[INFO][0m src.app:99 lifespan() - ✅ System metrics monitoring stopped | taskName=Task-2
2025-08-09T18:10:53.849087 [32m[INFO][0m src.app:103 lifespan() - ✅ Shutdown completed successfully | taskName=Task-2
2025-08-09T18:11:16.166829 [32m[INFO][0m api.middleware.security_headers:312 create_security_middleware_stack() - Security middleware stack configured successfully | taskName=Task-1
2025-08-09T18:11:16.177564 [32m[INFO][0m src.app:50 lifespan() - 🚀 Starting 4ex.ninja Trading Platform API | taskName=Task-2
2025-08-09T18:11:16.177644 [32m[INFO][0m src.app:51 lifespan() - Environment: development | taskName=Task-2
2025-08-09T18:11:16.177675 [32m[INFO][0m src.app:52 lifespan() - Log Level: 20 | taskName=Task-2
2025-08-09T18:11:16.177705 [32m[INFO][0m src.app:65 lifespan() - ℹ️ Sentry DSN not configured - error tracking disabled | taskName=Task-2
2025-08-09T18:11:16.177733 [32m[INFO][0m src.app:69 lifespan() - ✅ Dependency container initialized | taskName=Task-2
2025-08-09T18:11:16.177769 [32m[INFO][0m services.cache_service:315 create_cache_manager() - Using memory cache backend | taskName=Task-2
2025-08-09T18:11:16.178026 [32m[INFO][0m services.cache_service:238 warm_cache() - Starting cache warming for 5 filter combinations | taskName=Task-2
2025-08-09T18:11:16.178110 [32m[INFO][0m services.cache_service:257 warm_cache() - Cache warming completed. Warmed 0 entries | taskName=Task-2
2025-08-09T18:11:16.178147 [32m[INFO][0m src.app:75 lifespan() - ✅ Cache warming completed. Warmed 0 entries | taskName=Task-2
2025-08-09T18:11:16.178182 [32m[INFO][0m infrastructure.monitoring.system_metrics:53 start_monitoring() - Started system monitoring with 30s interval | taskName=Task-2
2025-08-09T18:11:16.178306 [32m[INFO][0m src.app:83 lifespan() - ✅ System metrics monitoring started | taskName=Task-2
2025-08-09T18:11:16.178332 [32m[INFO][0m src.app:88 lifespan() - 🎯 4ex.ninja Trading Platform API startup completed successfully | taskName=Task-2
2025-08-09T18:12:01.962618 [32m[INFO][0m src.app:93 lifespan() - 🛑 Shutting down 4ex.ninja Trading Platform API | taskName=Task-2
2025-08-09T18:12:01.963117 [32m[INFO][0m infrastructure.monitoring.system_metrics:64 stop_monitoring() - Stopped system monitoring | taskName=Task-2
2025-08-09T18:12:01.963215 [32m[INFO][0m src.app:99 lifespan() - ✅ System metrics monitoring stopped | taskName=Task-2
2025-08-09T18:12:01.963253 [32m[INFO][0m src.app:103 lifespan() - ✅ Shutdown completed successfully | taskName=Task-2
2025-08-09T18:12:43.761059 [32m[INFO][0m api.middleware.security_headers:312 create_security_middleware_stack() - Security middleware stack configured successfully | taskName=None
2025-08-09T18:12:43.772690 [32m[INFO][0m api.middleware.security_headers:312 create_security_middleware_stack() - Security middleware stack configured successfully | taskName=None
2025-08-09T18:12:43.786982 [32m[INFO][0m api.middleware.logging_middleware:77 dispatch() - Incoming request: GET /api/v1/performance/system | taskName=starlette.middleware.base.BaseHTTPMiddleware.__call__.<locals>.call_next.<locals>.coro
2025-08-09T18:12:43.787544 [32m[INFO][0m api.middleware.logging_middleware:96 dispatch() - Response: GET /api/v1/performance/system -> 200 in 0.001s | taskName=starlette.middleware.base.BaseHTTPMiddleware.__call__.<locals>.call_next.<locals>.coro
2025-08-09T18:12:43.787669 [32m[INFO][0m api.middleware.error_handler:53 dispatch() - GET /api/v1/performance/system completed in 0.001s with status 200 | taskName=starlette.middleware.base.BaseHTTPMiddleware.__call__.<locals>.call_next.<locals>.coro
2025-08-09T18:12:43.790359 [32m[INFO][0m api.middleware.logging_middleware:77 dispatch() - Incoming request: GET /api/v1/performance/business | taskName=starlette.middleware.base.BaseHTTPMiddleware.__call__.<locals>.call_next.<locals>.coro
2025-08-09T18:12:43.790781 [32m[INFO][0m api.middleware.logging_middleware:96 dispatch() - Response: GET /api/v1/performance/business -> 200 in 0.000s | taskName=starlette.middleware.base.BaseHTTPMiddleware.__call__.<locals>.call_next.<locals>.coro
2025-08-09T18:12:43.790890 [32m[INFO][0m api.middleware.error_handler:53 dispatch() - GET /api/v1/performance/business completed in 0.001s with status 200 | taskName=starlette.middleware.base.BaseHTTPMiddleware.__call__.<locals>.call_next.<locals>.coro
2025-08-09T18:12:43.793049 [32m[INFO][0m api.middleware.logging_middleware:77 dispatch() - Incoming request: GET /api/v1/performance/signals | taskName=starlette.middleware.base.BaseHTTPMiddleware.__call__.<locals>.call_next.<locals>.coro
2025-08-09T18:12:43.793563 [32m[INFO][0m api.middleware.logging_middleware:96 dispatch() - Response: GET /api/v1/performance/signals -> 200 in 0.001s | taskName=starlette.middleware.base.BaseHTTPMiddleware.__call__.<locals>.call_next.<locals>.coro
2025-08-09T18:12:43.793745 [32m[INFO][0m api.middleware.error_handler:53 dispatch() - GET /api/v1/performance/signals completed in 0.001s with status 200 | taskName=starlette.middleware.base.BaseHTTPMiddleware.__call__.<locals>.call_next.<locals>.coro
2025-08-09T18:12:43.795752 [32m[INFO][0m api.middleware.logging_middleware:77 dispatch() - Incoming request: GET /api/v1/performance/api-performance | taskName=starlette.middleware.base.BaseHTTPMiddleware.__call__.<locals>.call_next.<locals>.coro
2025-08-09T18:12:43.796157 [32m[INFO][0m api.middleware.logging_middleware:96 dispatch() - Response: GET /api/v1/performance/api-performance -> 200 in 0.000s | taskName=starlette.middleware.base.BaseHTTPMiddleware.__call__.<locals>.call_next.<locals>.coro
2025-08-09T18:12:43.796261 [32m[INFO][0m api.middleware.error_handler:53 dispatch() - GET /api/v1/performance/api-performance completed in 0.001s with status 200 | taskName=starlette.middleware.base.BaseHTTPMiddleware.__call__.<locals>.call_next.<locals>.coro
2025-08-09T18:12:43.797901 [32m[INFO][0m api.middleware.logging_middleware:77 dispatch() - Incoming request: GET /api/v1/performance/cache-metrics | taskName=starlette.middleware.base.BaseHTTPMiddleware.__call__.<locals>.call_next.<locals>.coro
2025-08-09T18:12:43.798285 [32m[INFO][0m api.middleware.logging_middleware:96 dispatch() - Response: GET /api/v1/performance/cache-metrics -> 200 in 0.000s | taskName=starlette.middleware.base.BaseHTTPMiddleware.__call__.<locals>.call_next.<locals>.coro
2025-08-09T18:12:43.798434 [32m[INFO][0m api.middleware.error_handler:53 dispatch() - GET /api/v1/performance/cache-metrics completed in 0.001s with status 200 | taskName=starlette.middleware.base.BaseHTTPMiddleware.__call__.<locals>.call_next.<locals>.coro
2025-08-09T18:19:37.325949 [32m[INFO][0m api.middleware.security_headers:312 create_security_middleware_stack() - Security middleware stack configured successfully | taskName=None
2025-08-09T18:19:37.336805 [32m[INFO][0m api.middleware.security_headers:312 create_security_middleware_stack() - Security middleware stack configured successfully | taskName=None
2025-08-09T18:19:37.350562 [32m[INFO][0m api.middleware.logging_middleware:77 dispatch() - Incoming request: GET /api/v1/performance/ | taskName=starlette.middleware.base.BaseHTTPMiddleware.__call__.<locals>.call_next.<locals>.coro
2025-08-09T18:19:37.350840 [32m[INFO][0m api.routes.performance:119 get_performance_overview() - Fetching performance overview | taskName=starlette.middleware.base.BaseHTTPMiddleware.__call__.<locals>.call_next.<locals>.coro
2025-08-09T18:19:38.412976 [33m[WARNING][0m api.middleware.metrics_collection:147 _record_request_metrics() - Slow request: GET /api/v1/performance/ took 1062.1ms (status: 200, user: anonymous) | taskName=starlette.middleware.base.BaseHTTPMiddleware.__call__.<locals>.call_next.<locals>.coro
2025-08-09T18:19:38.414027 [32m[INFO][0m api.middleware.logging_middleware:96 dispatch() - Response: GET /api/v1/performance/ -> 200 in 1.063s | taskName=starlette.middleware.base.BaseHTTPMiddleware.__call__.<locals>.call_next.<locals>.coro
2025-08-09T18:19:38.414531 [32m[INFO][0m api.middleware.error_handler:53 dispatch() - GET /api/v1/performance/ completed in 1.064s with status 200 | taskName=starlette.middleware.base.BaseHTTPMiddleware.__call__.<locals>.call_next.<locals>.coro
2025-08-09T18:19:38.414815 [33m[WARNING][0m api.middleware.response_optimization:87 dispatch() - Slow response: GET /api/v1/performance/ took 1.0643s | taskName=starlette.middleware.base.BaseHTTPMiddleware.__call__.<locals>.call_next.<locals>.coro
2025-08-09T18:19:38.420169 [32m[INFO][0m api.middleware.logging_middleware:77 dispatch() - Incoming request: GET /api/v1/performance/system | taskName=starlette.middleware.base.BaseHTTPMiddleware.__call__.<locals>.call_next.<locals>.coro
2025-08-09T18:19:38.421162 [32m[INFO][0m api.middleware.logging_middleware:96 dispatch() - Response: GET /api/v1/performance/system -> 200 in 0.001s | taskName=starlette.middleware.base.BaseHTTPMiddleware.__call__.<locals>.call_next.<locals>.coro
2025-08-09T18:19:38.421451 [32m[INFO][0m api.middleware.error_handler:53 dispatch() - GET /api/v1/performance/system completed in 0.002s with status 200 | taskName=starlette.middleware.base.BaseHTTPMiddleware.__call__.<locals>.call_next.<locals>.coro
2025-08-09T18:20:58.154822 [32m[INFO][0m api.middleware.security_headers:312 create_security_middleware_stack() - Security middleware stack configured successfully | taskName=None
2025-08-09T18:20:58.166312 [32m[INFO][0m api.middleware.security_headers:312 create_security_middleware_stack() - Security middleware stack configured successfully | taskName=None
2025-08-09T18:31:58.747774 [32m[INFO][0m api.middleware.security_headers:312 create_security_middleware_stack() - Security middleware stack configured successfully | taskName=None
2025-08-09T18:31:58.760335 [32m[INFO][0m api.middleware.security_headers:312 create_security_middleware_stack() - Security middleware stack configured successfully | taskName=None
2025-08-09T18:31:58.775201 [32m[INFO][0m api.middleware.logging_middleware:77 dispatch() - Incoming request: GET /api/v1/alerts/ | taskName=starlette.middleware.base.BaseHTTPMiddleware.__call__.<locals>.call_next.<locals>.coro
2025-08-09T18:31:58.775797 [32m[INFO][0m api.middleware.logging_middleware:96 dispatch() - Response: GET /api/v1/alerts/ -> 200 in 0.001s | taskName=starlette.middleware.base.BaseHTTPMiddleware.__call__.<locals>.call_next.<locals>.coro
2025-08-09T18:31:58.775916 [32m[INFO][0m api.middleware.error_handler:53 dispatch() - GET /api/v1/alerts/ completed in 0.001s with status 200 | taskName=starlette.middleware.base.BaseHTTPMiddleware.__call__.<locals>.call_next.<locals>.coro
2025-08-09T18:31:58.779279 [32m[INFO][0m api.middleware.logging_middleware:77 dispatch() - Incoming request: GET /api/v1/alerts/active | taskName=starlette.middleware.base.BaseHTTPMiddleware.__call__.<locals>.call_next.<locals>.coro
2025-08-09T18:31:58.779985 [32m[INFO][0m api.middleware.logging_middleware:96 dispatch() - Response: GET /api/v1/alerts/active -> 200 in 0.001s | taskName=starlette.middleware.base.BaseHTTPMiddleware.__call__.<locals>.call_next.<locals>.coro
2025-08-09T18:31:58.780158 [32m[INFO][0m api.middleware.error_handler:53 dispatch() - GET /api/v1/alerts/active completed in 0.001s with status 200 | taskName=starlette.middleware.base.BaseHTTPMiddleware.__call__.<locals>.call_next.<locals>.coro
2025-08-09T18:31:58.782081 [32m[INFO][0m api.middleware.logging_middleware:77 dispatch() - Incoming request: GET /api/v1/alerts/channels | taskName=starlette.middleware.base.BaseHTTPMiddleware.__call__.<locals>.call_next.<locals>.coro
2025-08-09T18:31:58.782591 [32m[INFO][0m api.middleware.logging_middleware:96 dispatch() - Response: GET /api/v1/alerts/channels -> 200 in 0.001s | taskName=starlette.middleware.base.BaseHTTPMiddleware.__call__.<locals>.call_next.<locals>.coro
2025-08-09T18:31:58.782801 [32m[INFO][0m api.middleware.error_handler:53 dispatch() - GET /api/v1/alerts/channels completed in 0.001s with status 200 | taskName=starlette.middleware.base.BaseHTTPMiddleware.__call__.<locals>.call_next.<locals>.coro
2025-08-09T18:31:58.785270 [32m[INFO][0m api.middleware.logging_middleware:77 dispatch() - Incoming request: GET /api/v1/alerts/statistics | taskName=starlette.middleware.base.BaseHTTPMiddleware.__call__.<locals>.call_next.<locals>.coro
2025-08-09T18:31:58.785660 [32m[INFO][0m api.middleware.logging_middleware:96 dispatch() - Response: GET /api/v1/alerts/statistics -> 200 in 0.000s | taskName=starlette.middleware.base.BaseHTTPMiddleware.__call__.<locals>.call_next.<locals>.coro
2025-08-09T18:31:58.785768 [32m[INFO][0m api.middleware.error_handler:53 dispatch() - GET /api/v1/alerts/statistics completed in 0.001s with status 200 | taskName=starlette.middleware.base.BaseHTTPMiddleware.__call__.<locals>.call_next.<locals>.coro
2025-08-09T18:31:58.787394 [32m[INFO][0m api.middleware.logging_middleware:77 dispatch() - Incoming request: GET /api/v1/alerts/config | taskName=starlette.middleware.base.BaseHTTPMiddleware.__call__.<locals>.call_next.<locals>.coro
2025-08-09T18:31:58.788012 [32m[INFO][0m api.middleware.logging_middleware:96 dispatch() - Response: GET /api/v1/alerts/config -> 200 in 0.001s | taskName=starlette.middleware.base.BaseHTTPMiddleware.__call__.<locals>.call_next.<locals>.coro
2025-08-09T18:31:58.788114 [32m[INFO][0m api.middleware.error_handler:53 dispatch() - GET /api/v1/alerts/config completed in 0.001s with status 200 | taskName=starlette.middleware.base.BaseHTTPMiddleware.__call__.<locals>.call_next.<locals>.coro
2025-08-09T18:31:58.789810 [32m[INFO][0m api.middleware.logging_middleware:77 dispatch() - Incoming request: POST /api/v1/alerts/test | taskName=starlette.middleware.base.BaseHTTPMiddleware.__call__.<locals>.call_next.<locals>.coro
2025-08-09T18:31:58.790221 [32m[INFO][0m infrastructure.monitoring.alerts:414 trigger_alert() - Triggering alert: System Resource Alert: CPU | taskName=starlette.middleware.base.BaseHTTPMiddleware.__call__.<locals>.call_next.<locals>.coro
2025-08-09T18:31:58.790268 [33m[WARNING][0m infrastructure.monitoring.alerts:493 _route_alert() - Channel not available: email | taskName=starlette.middleware.base.BaseHTTPMiddleware.__call__.<locals>.call_next.<locals>.coro
2025-08-09T18:31:58.790307 [31m[ERROR][0m alerts:116 send_alert() - ALERT [HIGH] System Resource Alert: CPU: CPU usage is 95.0%, exceeding threshold of 90.0% | Context: {"test": true, "endpoint": "/api/v1/alerts/test"} | taskName=starlette.middleware.base.BaseHTTPMiddleware.__call__.<locals>.call_next.<locals>.coro
2025-08-09T18:31:58.790711 [32m[INFO][0m api.middleware.logging_middleware:96 dispatch() - Response: POST /api/v1/alerts/test -> 200 in 0.001s | taskName=starlette.middleware.base.BaseHTTPMiddleware.__call__.<locals>.call_next.<locals>.coro
2025-08-09T18:31:58.790805 [32m[INFO][0m api.middleware.error_handler:53 dispatch() - POST /api/v1/alerts/test completed in 0.001s with status 200 | taskName=starlette.middleware.base.BaseHTTPMiddleware.__call__.<locals>.call_next.<locals>.coro
2025-08-09T18:59:07.479571 [32m[INFO][0m api.middleware.security_headers:312 create_security_middleware_stack() - Security middleware stack configured successfully | taskName=Task-1
2025-08-09T18:59:07.492943 [32m[INFO][0m src.app:51 lifespan() - 🚀 Starting 4ex.ninja Trading Platform API | taskName=Task-2
2025-08-09T18:59:07.493027 [32m[INFO][0m src.app:52 lifespan() - Environment: development | taskName=Task-2
2025-08-09T18:59:07.493061 [32m[INFO][0m src.app:53 lifespan() - Log Level: 20 | taskName=Task-2
2025-08-09T18:59:07.493088 [32m[INFO][0m src.app:66 lifespan() - ℹ️ Sentry DSN not configured - error tracking disabled | taskName=Task-2
2025-08-09T18:59:07.493116 [32m[INFO][0m src.app:70 lifespan() - ✅ Dependency container initialized | taskName=Task-2
2025-08-09T18:59:07.493152 [32m[INFO][0m services.cache_service:315 create_cache_manager() - Using memory cache backend | taskName=Task-2
2025-08-09T18:59:07.493357 [32m[INFO][0m services.cache_service:238 warm_cache() - Starting cache warming for 5 filter combinations | taskName=Task-2
2025-08-09T18:59:07.493492 [32m[INFO][0m services.cache_service:257 warm_cache() - Cache warming completed. Warmed 0 entries | taskName=Task-2
2025-08-09T18:59:07.493532 [32m[INFO][0m src.app:76 lifespan() - ✅ Cache warming completed. Warmed 0 entries | taskName=Task-2
2025-08-09T18:59:07.493579 [32m[INFO][0m infrastructure.monitoring.system_metrics:53 start_monitoring() - Started system monitoring with 30s interval | taskName=Task-2
2025-08-09T18:59:07.493608 [32m[INFO][0m src.app:85 lifespan() - ✅ System metrics monitoring started | taskName=Task-2
2025-08-09T18:59:07.493635 [32m[INFO][0m src.app:90 lifespan() - 🎯 4ex.ninja Trading Platform API startup completed successfully | taskName=Task-2
2025-08-09T18:59:23.956306 [32m[INFO][0m src.app:95 lifespan() - 🛑 Shutting down 4ex.ninja Trading Platform API | taskName=Task-2
2025-08-09T18:59:23.957446 [32m[INFO][0m infrastructure.monitoring.system_metrics:64 stop_monitoring() - Stopped system monitoring | taskName=Task-2
2025-08-09T18:59:23.957544 [32m[INFO][0m src.app:102 lifespan() - ✅ System metrics monitoring stopped | taskName=Task-2
2025-08-09T18:59:23.957579 [32m[INFO][0m src.app:106 lifespan() - ✅ Shutdown completed successfully | taskName=Task-2
2025-08-09T18:59:44.303904 [32m[INFO][0m api.middleware.security_headers:312 create_security_middleware_stack() - Security middleware stack configured successfully | taskName=Task-1
2025-08-09T18:59:44.317114 [32m[INFO][0m app:51 lifespan() - 🚀 Starting 4ex.ninja Trading Platform API | taskName=Task-2
2025-08-09T18:59:44.317212 [32m[INFO][0m app:52 lifespan() - Environment: development | taskName=Task-2
2025-08-09T18:59:44.317245 [32m[INFO][0m app:53 lifespan() - Log Level: 20 | taskName=Task-2
2025-08-09T18:59:44.317271 [32m[INFO][0m app:66 lifespan() - ℹ️ Sentry DSN not configured - error tracking disabled | taskName=Task-2
2025-08-09T18:59:44.317303 [32m[INFO][0m app:70 lifespan() - ✅ Dependency container initialized | taskName=Task-2
2025-08-09T18:59:44.317346 [32m[INFO][0m services.cache_service:315 create_cache_manager() - Using memory cache backend | taskName=Task-2
2025-08-09T18:59:44.317552 [32m[INFO][0m services.cache_service:238 warm_cache() - Starting cache warming for 5 filter combinations | taskName=Task-2
2025-08-09T18:59:44.317618 [32m[INFO][0m services.cache_service:257 warm_cache() - Cache warming completed. Warmed 0 entries | taskName=Task-2
2025-08-09T18:59:44.317644 [32m[INFO][0m app:76 lifespan() - ✅ Cache warming completed. Warmed 0 entries | taskName=Task-2
2025-08-09T18:59:44.317676 [32m[INFO][0m infrastructure.monitoring.system_metrics:53 start_monitoring() - Started system monitoring with 30s interval | taskName=Task-2
2025-08-09T18:59:44.317698 [32m[INFO][0m app:85 lifespan() - ✅ System metrics monitoring started | taskName=Task-2
2025-08-09T18:59:44.317720 [32m[INFO][0m app:90 lifespan() - 🎯 4ex.ninja Trading Platform API startup completed successfully | taskName=Task-2
2025-08-09T18:59:44.318842 [32m[INFO][0m app:95 lifespan() - 🛑 Shutting down 4ex.ninja Trading Platform API | taskName=Task-2
2025-08-09T18:59:44.318955 [32m[INFO][0m infrastructure.monitoring.system_metrics:64 stop_monitoring() - Stopped system monitoring | taskName=Task-2
2025-08-09T18:59:44.319003 [32m[INFO][0m app:102 lifespan() - ✅ System metrics monitoring stopped | taskName=Task-2
2025-08-09T18:59:44.319035 [32m[INFO][0m app:106 lifespan() - ✅ Shutdown completed successfully | taskName=Task-2
2025-08-09T19:00:37.939834 [32m[INFO][0m api.middleware.security_headers:312 create_security_middleware_stack() - Security middleware stack configured successfully | taskName=Task-1
2025-08-09T19:00:37.953375 [32m[INFO][0m app:51 lifespan() - 🚀 Starting 4ex.ninja Trading Platform API | taskName=Task-2
2025-08-09T19:00:37.953457 [32m[INFO][0m app:52 lifespan() - Environment: development | taskName=Task-2
2025-08-09T19:00:37.953490 [32m[INFO][0m app:53 lifespan() - Log Level: 20 | taskName=Task-2
2025-08-09T19:00:37.953516 [32m[INFO][0m app:66 lifespan() - ℹ️ Sentry DSN not configured - error tracking disabled | taskName=Task-2
2025-08-09T19:00:37.953544 [32m[INFO][0m app:70 lifespan() - ✅ Dependency container initialized | taskName=Task-2
2025-08-09T19:00:37.953583 [32m[INFO][0m services.cache_service:315 create_cache_manager() - Using memory cache backend | taskName=Task-2
2025-08-09T19:00:37.953796 [32m[INFO][0m services.cache_service:238 warm_cache() - Starting cache warming for 5 filter combinations | taskName=Task-2
2025-08-09T19:00:37.953935 [32m[INFO][0m services.cache_service:257 warm_cache() - Cache warming completed. Warmed 0 entries | taskName=Task-2
2025-08-09T19:00:37.953985 [32m[INFO][0m app:76 lifespan() - ✅ Cache warming completed. Warmed 0 entries | taskName=Task-2
2025-08-09T19:00:37.954061 [32m[INFO][0m infrastructure.monitoring.system_metrics:53 start_monitoring() - Started system monitoring with 30s interval | taskName=Task-2
2025-08-09T19:00:37.954095 [32m[INFO][0m app:85 lifespan() - ✅ System metrics monitoring started | taskName=Task-2
2025-08-09T19:00:37.954123 [32m[INFO][0m app:90 lifespan() - 🎯 4ex.ninja Trading Platform API startup completed successfully | taskName=Task-2
2025-08-09T19:00:52.493460 [32m[INFO][0m app:95 lifespan() - 🛑 Shutting down 4ex.ninja Trading Platform API | taskName=Task-2
2025-08-09T19:00:52.493689 [32m[INFO][0m infrastructure.monitoring.system_metrics:64 stop_monitoring() - Stopped system monitoring | taskName=Task-2
2025-08-09T19:00:52.493754 [32m[INFO][0m app:102 lifespan() - ✅ System metrics monitoring stopped | taskName=Task-2
2025-08-09T19:00:52.493787 [32m[INFO][0m app:106 lifespan() - ✅ Shutdown completed successfully | taskName=Task-2
2025-08-09T19:05:14.242481 [32m[INFO][0m api.middleware.security_headers:312 create_security_middleware_stack() - Security middleware stack configured successfully | taskName=Task-1
2025-08-09T19:05:14.255104 [32m[INFO][0m app:51 lifespan() - 🚀 Starting 4ex.ninja Trading Platform API | taskName=Task-2
2025-08-09T19:05:14.255198 [32m[INFO][0m app:52 lifespan() - Environment: development | taskName=Task-2
2025-08-09T19:05:14.255231 [32m[INFO][0m app:53 lifespan() - Log Level: 20 | taskName=Task-2
2025-08-09T19:05:14.255257 [32m[INFO][0m app:66 lifespan() - ℹ️ Sentry DSN not configured - error tracking disabled | taskName=Task-2
2025-08-09T19:05:14.255288 [32m[INFO][0m app:70 lifespan() - ✅ Dependency container initialized | taskName=Task-2
2025-08-09T19:05:14.255330 [32m[INFO][0m services.cache_service:315 create_cache_manager() - Using memory cache backend | taskName=Task-2
2025-08-09T19:05:14.255555 [32m[INFO][0m services.cache_service:238 warm_cache() - Starting cache warming for 5 filter combinations | taskName=Task-2
2025-08-09T19:05:14.255662 [32m[INFO][0m services.cache_service:257 warm_cache() - Cache warming completed. Warmed 0 entries | taskName=Task-2
2025-08-09T19:05:14.255695 [32m[INFO][0m app:76 lifespan() - ✅ Cache warming completed. Warmed 0 entries | taskName=Task-2
2025-08-09T19:05:14.255732 [32m[INFO][0m infrastructure.monitoring.system_metrics:53 start_monitoring() - Started system monitoring with 30s interval | taskName=Task-2
2025-08-09T19:05:14.255758 [32m[INFO][0m app:85 lifespan() - ✅ System metrics monitoring started | taskName=Task-2
2025-08-09T19:05:14.255781 [32m[INFO][0m app:90 lifespan() - 🎯 4ex.ninja Trading Platform API startup completed successfully | taskName=Task-2
2025-08-09T19:05:18.814089 [32m[INFO][0m api.middleware.logging_middleware:77 dispatch() - Incoming request: GET / | taskName=starlette.middleware.base.BaseHTTPMiddleware.__call__.<locals>.call_next.<locals>.coro
2025-08-09T19:05:18.814810 [32m[INFO][0m api.middleware.logging_middleware:96 dispatch() - Response: GET / -> 200 in 0.001s | taskName=starlette.middleware.base.BaseHTTPMiddleware.__call__.<locals>.call_next.<locals>.coro
2025-08-09T19:05:18.814932 [32m[INFO][0m api.middleware.error_handler:53 dispatch() - GET / completed in 0.001s with status 200 | taskName=starlette.middleware.base.BaseHTTPMiddleware.__call__.<locals>.call_next.<locals>.coro
2025-08-09T19:05:18.824549 [32m[INFO][0m api.middleware.logging_middleware:77 dispatch() - Incoming request: GET /health | taskName=starlette.middleware.base.BaseHTTPMiddleware.__call__.<locals>.call_next.<locals>.coro
2025-08-09T19:05:18.824939 [32m[INFO][0m api.middleware.logging_middleware:96 dispatch() - Response: GET /health -> 307 in 0.000s | taskName=starlette.middleware.base.BaseHTTPMiddleware.__call__.<locals>.call_next.<locals>.coro
2025-08-09T19:05:18.825042 [32m[INFO][0m api.middleware.error_handler:53 dispatch() - GET /health completed in 0.001s with status 307 | taskName=starlette.middleware.base.BaseHTTPMiddleware.__call__.<locals>.call_next.<locals>.coro
2025-08-09T19:05:18.834113 [32m[INFO][0m api.middleware.logging_middleware:77 dispatch() - Incoming request: GET /api/v1/performance/ | taskName=starlette.middleware.base.BaseHTTPMiddleware.__call__.<locals>.call_next.<locals>.coro
2025-08-09T19:05:18.834441 [32m[INFO][0m api.routes.performance:125 get_performance_overview() - Fetching performance overview | taskName=starlette.middleware.base.BaseHTTPMiddleware.__call__.<locals>.call_next.<locals>.coro
2025-08-09T19:05:19.890509 [33m[WARNING][0m api.middleware.metrics_collection:151 _record_request_metrics() - Slow request: GET /api/v1/performance/ took 1056.1ms (status: 200, user: anonymous) | taskName=starlette.middleware.base.BaseHTTPMiddleware.__call__.<locals>.call_next.<locals>.coro
2025-08-09T19:05:19.891164 [32m[INFO][0m api.middleware.logging_middleware:96 dispatch() - Response: GET /api/v1/performance/ -> 200 in 1.057s | taskName=starlette.middleware.base.BaseHTTPMiddleware.__call__.<locals>.call_next.<locals>.coro
2025-08-09T19:05:19.891356 [32m[INFO][0m api.middleware.error_handler:53 dispatch() - GET /api/v1/performance/ completed in 1.057s with status 200 | taskName=starlette.middleware.base.BaseHTTPMiddleware.__call__.<locals>.call_next.<locals>.coro
2025-08-09T19:05:19.891484 [33m[WARNING][0m api.middleware.response_optimization:87 dispatch() - Slow response: GET /api/v1/performance/ took 1.0575s | taskName=starlette.middleware.base.BaseHTTPMiddleware.__call__.<locals>.call_next.<locals>.coro
2025-08-09T19:05:20.092539 [32m[INFO][0m app:95 lifespan() - 🛑 Shutting down 4ex.ninja Trading Platform API | taskName=Task-2
2025-08-09T19:05:20.092681 [32m[INFO][0m infrastructure.monitoring.system_metrics:64 stop_monitoring() - Stopped system monitoring | taskName=Task-2
2025-08-09T19:05:20.092712 [32m[INFO][0m app:102 lifespan() - ✅ System metrics monitoring stopped | taskName=Task-2
2025-08-09T19:05:20.092737 [32m[INFO][0m app:106 lifespan() - ✅ Shutdown completed successfully | taskName=Task-2
