2025-08-16 20:22:08,059 - INFO - 🚀 Starting Step 1.2: Data Acquisition & Preparation
2025-08-16 20:22:08,059 - INFO - ================================================================================
2025-08-16 20:22:08,059 - INFO - 📋 Phase 1: Pre-execution Validation
2025-08-16 20:22:08,691 - WARNING - OANDA API not available, using fallback
2025-08-16 20:22:08,844 - INFO -    🔍 Testing infrastructure readiness...
2025-08-16 20:22:08,844 - INFO - Initialized 2 data providers
2025-08-16 20:22:08,845 - INFO - Testing logging system
2025-08-16 20:22:08,845 - INFO -    🔄 Testing backup data sources...
2025-08-16 20:22:08,845 - INFO - 🔍 Testing backup data sources...
2025-08-16 20:22:08,845 - INFO -    📡 Testing Alpha Vantage...
2025-08-16 20:22:08,845 - WARNING -      ❌ Alpha Vantage unavailable: API key not configured
2025-08-16 20:22:08,845 - INFO -    📡 Testing Yahoo Finance...
2025-08-16 20:22:08,845 - WARNING -      ❌ Yahoo Finance unavailable: yfinance library not installed
2025-08-16 20:22:08,845 - INFO -    📡 Testing Local CSV Files...
2025-08-16 20:22:08,845 - INFO -      ✅ Local CSV Files available
2025-08-16 20:22:08,845 - INFO -    📡 Testing Synthetic Data Generator...
2025-08-16 20:22:08,846 - INFO -      ✅ Synthetic Data Generator available
2025-08-16 20:22:08,846 - INFO - 🔄 Attempting backup data acquisition for EUR_USD D
2025-08-16 20:22:08,846 - INFO -    📡 Trying Local CSV Files...
2025-08-16 20:22:08,846 - INFO -    📡 Trying Synthetic Data Generator...
2025-08-16 20:22:08,852 - INFO - Generated 8 synthetic data points for EUR_USD D
2025-08-16 20:22:08,852 - INFO -    ✅ Successfully obtained 8 records from Synthetic Data Generator
2025-08-16 20:22:08,853 - INFO - 📄 Backup configuration saved: config/backup_data_sources.json
2025-08-16 20:22:08,853 - INFO -    ✅ Pre-execution validation completed
2025-08-16 20:22:08,853 - INFO - 📦 Phase 2: Infrastructure Setup
2025-08-16 20:22:08,853 - INFO -    🔧 Configuring backup data sources...
2025-08-16 20:22:08,853 - INFO - 📄 Backup configuration saved: config/backup_data_sources.json
2025-08-16 20:22:08,853 - INFO -    ✅ Infrastructure setup completed
2025-08-16 20:22:08,853 - INFO - 📊 Phase 3: Data Acquisition
2025-08-16 20:22:08,853 - INFO -    ⬇️ Starting historical data download...
2025-08-16 20:22:08,853 - INFO -    📈 Target: 10 pairs x 3 timeframes = 30 combinations
2025-08-16 20:22:08,853 - INFO -    📅 Period: 2020-01-01 to 2025-08-16
2025-08-16 20:22:08,853 - INFO - Initialized 2 data providers
2025-08-16 20:22:08,853 - INFO - 📁 Created directory: backtest_results/historical_data
2025-08-16 20:22:08,854 - INFO - 📁 Created directory: backtest_results/data_quality_reports
2025-08-16 20:22:08,854 - INFO - 🚀 Starting Comprehensive Historical Data Acquisition
2025-08-16 20:22:08,854 - INFO - ================================================================================
2025-08-16 20:22:08,854 - INFO - 🔧 Initializing data infrastructure...
2025-08-16 20:22:08,856 - INFO - OANDA provider connected successfully
2025-08-16 20:22:08,857 - INFO - ✅ OANDA provider connected successfully
2025-08-16 20:22:08,857 - WARNING - ⚠️ Pair EUR_GBP may not be fully supported
2025-08-16 20:22:08,857 - WARNING - ⚠️ Pair EUR_JPY may not be fully supported
2025-08-16 20:22:08,857 - WARNING - ⚠️ Pair GBP_JPY may not be fully supported
2025-08-16 20:22:08,857 - WARNING - ⚠️ Pair AUD_JPY may not be fully supported
2025-08-16 20:22:08,857 - INFO - ✅ Infrastructure initialized for 10 currency pairs
2025-08-16 20:22:08,857 - INFO - 📋 Creating download plan...
2025-08-16 20:22:08,857 - INFO - 📊 Download plan created: 30 pair/timeframe combinations
2025-08-16 20:22:08,857 - INFO -    📈 Major pairs: 6 x 3 = 18
2025-08-16 20:22:08,857 - INFO -    📉 Minor pairs: 4 x 3 = 12
2025-08-16 20:22:08,857 - INFO - ⬇️ Starting data downloads...
2025-08-16 20:22:08,857 - INFO - 📊 [1/30] Downloading AUD_USD 4H...
2025-08-16 20:22:08,857 - WARNING - No candles returned for AUD_USD 4H
2025-08-16 20:22:08,857 - WARNING -    ⚠️ Attempt 1 failed, retrying in 2.0s: No candles returned
2025-08-16 20:22:10,863 - WARNING - No candles returned for AUD_USD 4H
2025-08-16 20:22:10,863 - WARNING -    ⚠️ Attempt 2 failed, retrying in 2.0s: No candles returned
2025-08-16 20:22:12,868 - WARNING - No candles returned for AUD_USD 4H
2025-08-16 20:22:12,868 - ERROR -    ❌ Download failed: No candles returned
2025-08-16 20:22:13,370 - INFO - 📊 [2/30] Downloading AUD_USD D...
2025-08-16 20:22:13,371 - WARNING - No candles returned for AUD_USD D
2025-08-16 20:22:13,372 - WARNING -    ⚠️ Attempt 1 failed, retrying in 2.0s: No candles returned
2025-08-16 20:22:15,374 - WARNING - No candles returned for AUD_USD D
2025-08-16 20:22:15,374 - WARNING -    ⚠️ Attempt 2 failed, retrying in 2.0s: No candles returned
2025-08-16 20:22:17,375 - WARNING - No candles returned for AUD_USD D
2025-08-16 20:22:17,376 - ERROR -    ❌ Download failed: No candles returned
2025-08-16 20:22:17,877 - INFO - 📊 [3/30] Downloading AUD_USD W...
2025-08-16 20:22:17,877 - WARNING - No candles returned for AUD_USD W
2025-08-16 20:22:17,878 - WARNING -    ⚠️ Attempt 1 failed, retrying in 2.0s: No candles returned
2025-08-16 20:22:19,883 - WARNING - No candles returned for AUD_USD W
2025-08-16 20:22:19,883 - WARNING -    ⚠️ Attempt 2 failed, retrying in 2.0s: No candles returned
2025-08-16 20:22:21,885 - WARNING - No candles returned for AUD_USD W
2025-08-16 20:22:21,885 - ERROR -    ❌ Download failed: No candles returned
2025-08-16 20:22:22,386 - INFO - 📊 [4/30] Downloading EUR_USD 4H...
2025-08-16 20:22:22,386 - WARNING - No candles returned for EUR_USD 4H
2025-08-16 20:22:22,386 - WARNING -    ⚠️ Attempt 1 failed, retrying in 2.0s: No candles returned
2025-08-16 20:22:24,388 - WARNING - No candles returned for EUR_USD 4H
2025-08-16 20:22:24,388 - WARNING -    ⚠️ Attempt 2 failed, retrying in 2.0s: No candles returned
2025-08-16 20:22:26,391 - WARNING - No candles returned for EUR_USD 4H
2025-08-16 20:22:26,392 - ERROR -    ❌ Download failed: No candles returned
2025-08-16 20:22:26,893 - INFO - 📊 [5/30] Downloading EUR_USD D...
2025-08-16 20:22:26,894 - WARNING - No candles returned for EUR_USD D
2025-08-16 20:22:26,894 - WARNING -    ⚠️ Attempt 1 failed, retrying in 2.0s: No candles returned
2025-08-16 20:22:28,896 - WARNING - No candles returned for EUR_USD D
2025-08-16 20:22:28,898 - WARNING -    ⚠️ Attempt 2 failed, retrying in 2.0s: No candles returned
2025-08-16 20:22:30,904 - WARNING - No candles returned for EUR_USD D
2025-08-16 20:22:30,905 - ERROR -    ❌ Download failed: No candles returned
2025-08-16 20:22:31,406 - INFO - 📊 [6/30] Downloading EUR_USD W...
2025-08-16 20:22:31,406 - WARNING - No candles returned for EUR_USD W
2025-08-16 20:22:31,406 - WARNING -    ⚠️ Attempt 1 failed, retrying in 2.0s: No candles returned
2025-08-16 20:22:33,408 - WARNING - No candles returned for EUR_USD W
2025-08-16 20:22:33,411 - WARNING -    ⚠️ Attempt 2 failed, retrying in 2.0s: No candles returned
2025-08-16 20:22:35,413 - WARNING - No candles returned for EUR_USD W
2025-08-16 20:22:35,414 - ERROR -    ❌ Download failed: No candles returned
2025-08-16 20:22:35,916 - INFO - 📊 [7/30] Downloading GBP_USD 4H...
2025-08-16 20:22:35,919 - WARNING - No candles returned for GBP_USD 4H
2025-08-16 20:22:35,920 - WARNING -    ⚠️ Attempt 1 failed, retrying in 2.0s: No candles returned
2025-08-16 20:22:37,923 - WARNING - No candles returned for GBP_USD 4H
2025-08-16 20:22:37,923 - WARNING -    ⚠️ Attempt 2 failed, retrying in 2.0s: No candles returned
2025-08-16 20:22:39,925 - WARNING - No candles returned for GBP_USD 4H
2025-08-16 20:22:39,927 - ERROR -    ❌ Download failed: No candles returned
2025-08-16 20:22:40,428 - INFO - 📊 [8/30] Downloading GBP_USD D...
2025-08-16 20:22:40,429 - WARNING - No candles returned for GBP_USD D
2025-08-16 20:22:40,429 - WARNING -    ⚠️ Attempt 1 failed, retrying in 2.0s: No candles returned
2025-08-16 20:22:42,431 - WARNING - No candles returned for GBP_USD D
2025-08-16 20:22:42,431 - WARNING -    ⚠️ Attempt 2 failed, retrying in 2.0s: No candles returned
2025-08-16 20:22:44,435 - WARNING - No candles returned for GBP_USD D
2025-08-16 20:22:44,435 - ERROR -    ❌ Download failed: No candles returned
2025-08-16 20:22:44,937 - INFO - 📊 [9/30] Downloading GBP_USD W...
2025-08-16 20:22:44,939 - WARNING - No candles returned for GBP_USD W
2025-08-16 20:22:44,939 - WARNING -    ⚠️ Attempt 1 failed, retrying in 2.0s: No candles returned
2025-08-16 20:22:46,940 - WARNING - No candles returned for GBP_USD W
2025-08-16 20:22:46,941 - WARNING -    ⚠️ Attempt 2 failed, retrying in 2.0s: No candles returned
2025-08-16 20:22:48,942 - WARNING - No candles returned for GBP_USD W
2025-08-16 20:22:48,943 - ERROR -    ❌ Download failed: No candles returned
2025-08-16 20:22:49,446 - INFO - 📊 [10/30] Downloading USD_CAD 4H...
2025-08-16 20:22:49,448 - WARNING - No candles returned for USD_CAD 4H
2025-08-16 20:22:49,448 - WARNING -    ⚠️ Attempt 1 failed, retrying in 2.0s: No candles returned
2025-08-16 20:22:51,451 - WARNING - No candles returned for USD_CAD 4H
2025-08-16 20:22:51,451 - WARNING -    ⚠️ Attempt 2 failed, retrying in 2.0s: No candles returned
2025-08-16 20:22:53,453 - WARNING - No candles returned for USD_CAD 4H
2025-08-16 20:22:53,453 - ERROR -    ❌ Download failed: No candles returned
2025-08-16 20:22:53,955 - INFO - 📊 [11/30] Downloading USD_CAD D...
2025-08-16 20:22:53,956 - WARNING - No candles returned for USD_CAD D
2025-08-16 20:22:53,956 - WARNING -    ⚠️ Attempt 1 failed, retrying in 2.0s: No candles returned
2025-08-16 20:22:55,959 - WARNING - No candles returned for USD_CAD D
2025-08-16 20:22:55,959 - WARNING -    ⚠️ Attempt 2 failed, retrying in 2.0s: No candles returned
2025-08-16 20:22:57,961 - WARNING - No candles returned for USD_CAD D
2025-08-16 20:22:57,962 - ERROR -    ❌ Download failed: No candles returned
2025-08-16 20:22:58,463 - INFO - 📊 [12/30] Downloading USD_CAD W...
2025-08-16 20:22:58,464 - WARNING - No candles returned for USD_CAD W
2025-08-16 20:22:58,464 - WARNING -    ⚠️ Attempt 1 failed, retrying in 2.0s: No candles returned
2025-08-16 20:23:00,467 - WARNING - No candles returned for USD_CAD W
2025-08-16 20:23:00,467 - WARNING -    ⚠️ Attempt 2 failed, retrying in 2.0s: No candles returned
2025-08-16 20:23:02,469 - WARNING - No candles returned for USD_CAD W
2025-08-16 20:23:02,470 - ERROR -    ❌ Download failed: No candles returned
2025-08-16 20:23:02,972 - INFO - 📊 [13/30] Downloading USD_CHF 4H...
2025-08-16 20:23:02,973 - WARNING - No candles returned for USD_CHF 4H
2025-08-16 20:23:02,973 - WARNING -    ⚠️ Attempt 1 failed, retrying in 2.0s: No candles returned
2025-08-16 20:23:04,977 - WARNING - No candles returned for USD_CHF 4H
2025-08-16 20:23:04,979 - WARNING -    ⚠️ Attempt 2 failed, retrying in 2.0s: No candles returned
2025-08-16 20:23:06,981 - WARNING - No candles returned for USD_CHF 4H
2025-08-16 20:23:06,981 - ERROR -    ❌ Download failed: No candles returned
2025-08-16 20:23:07,483 - INFO - 📊 [14/30] Downloading USD_CHF D...
2025-08-16 20:23:07,486 - WARNING - No candles returned for USD_CHF D
2025-08-16 20:23:07,486 - WARNING -    ⚠️ Attempt 1 failed, retrying in 2.0s: No candles returned
2025-08-16 20:23:09,488 - WARNING - No candles returned for USD_CHF D
2025-08-16 20:23:09,489 - WARNING -    ⚠️ Attempt 2 failed, retrying in 2.0s: No candles returned
2025-08-16 20:23:11,491 - WARNING - No candles returned for USD_CHF D
2025-08-16 20:23:11,494 - ERROR -    ❌ Download failed: No candles returned
2025-08-16 20:23:11,995 - INFO - 📊 [15/30] Downloading USD_CHF W...
2025-08-16 20:23:11,998 - WARNING - No candles returned for USD_CHF W
2025-08-16 20:23:11,998 - WARNING -    ⚠️ Attempt 1 failed, retrying in 2.0s: No candles returned
2025-08-16 20:23:14,002 - WARNING - No candles returned for USD_CHF W
2025-08-16 20:23:14,002 - WARNING -    ⚠️ Attempt 2 failed, retrying in 2.0s: No candles returned
2025-08-16 20:23:16,006 - WARNING - No candles returned for USD_CHF W
2025-08-16 20:23:16,006 - ERROR -    ❌ Download failed: No candles returned
2025-08-16 20:23:16,507 - INFO - 📊 [16/30] Downloading USD_JPY 4H...
2025-08-16 20:23:16,510 - WARNING - No candles returned for USD_JPY 4H
2025-08-16 20:23:16,511 - WARNING -    ⚠️ Attempt 1 failed, retrying in 2.0s: No candles returned
2025-08-16 20:23:18,518 - WARNING - No candles returned for USD_JPY 4H
2025-08-16 20:23:18,518 - WARNING -    ⚠️ Attempt 2 failed, retrying in 2.0s: No candles returned
2025-08-16 20:23:20,520 - WARNING - No candles returned for USD_JPY 4H
2025-08-16 20:23:20,520 - ERROR -    ❌ Download failed: No candles returned
2025-08-16 20:23:21,022 - INFO - 📊 [17/30] Downloading USD_JPY D...
2025-08-16 20:23:21,024 - WARNING - No candles returned for USD_JPY D
2025-08-16 20:23:21,024 - WARNING -    ⚠️ Attempt 1 failed, retrying in 2.0s: No candles returned
2025-08-16 20:23:23,029 - WARNING - No candles returned for USD_JPY D
2025-08-16 20:23:23,029 - WARNING -    ⚠️ Attempt 2 failed, retrying in 2.0s: No candles returned
2025-08-16 20:23:25,032 - WARNING - No candles returned for USD_JPY D
2025-08-16 20:23:25,032 - ERROR -    ❌ Download failed: No candles returned
2025-08-16 20:23:25,534 - INFO - 📊 [18/30] Downloading USD_JPY W...
2025-08-16 20:23:25,535 - WARNING - No candles returned for USD_JPY W
2025-08-16 20:23:25,535 - WARNING -    ⚠️ Attempt 1 failed, retrying in 2.0s: No candles returned
2025-08-16 20:23:27,537 - WARNING - No candles returned for USD_JPY W
2025-08-16 20:23:27,538 - WARNING -    ⚠️ Attempt 2 failed, retrying in 2.0s: No candles returned
2025-08-16 20:23:29,539 - WARNING - No candles returned for USD_JPY W
2025-08-16 20:23:29,541 - ERROR -    ❌ Download failed: No candles returned
2025-08-16 20:23:30,043 - INFO - 📊 [19/30] Downloading AUD_JPY 4H...
2025-08-16 20:23:30,043 - WARNING - Non-major pair requested: AUD_JPY
2025-08-16 20:23:30,043 - WARNING - No candles returned for AUD_JPY 4H
2025-08-16 20:23:30,043 - WARNING -    ⚠️ Attempt 1 failed, retrying in 2.0s: No candles returned
2025-08-16 20:23:32,045 - WARNING - Non-major pair requested: AUD_JPY
2025-08-16 20:23:32,046 - WARNING - No candles returned for AUD_JPY 4H
2025-08-16 20:23:32,046 - WARNING -    ⚠️ Attempt 2 failed, retrying in 2.0s: No candles returned
2025-08-16 20:23:34,047 - WARNING - Non-major pair requested: AUD_JPY
2025-08-16 20:23:34,048 - WARNING - No candles returned for AUD_JPY 4H
2025-08-16 20:23:34,048 - ERROR -    ❌ Download failed: No candles returned
2025-08-16 20:23:34,551 - INFO - 📊 [20/30] Downloading AUD_JPY D...
2025-08-16 20:23:34,552 - WARNING - Non-major pair requested: AUD_JPY
2025-08-16 20:23:34,556 - WARNING - No candles returned for AUD_JPY D
2025-08-16 20:23:34,557 - WARNING -    ⚠️ Attempt 1 failed, retrying in 2.0s: No candles returned
2025-08-16 20:23:36,558 - WARNING - Non-major pair requested: AUD_JPY
2025-08-16 20:23:36,558 - WARNING - No candles returned for AUD_JPY D
2025-08-16 20:23:36,558 - WARNING -    ⚠️ Attempt 2 failed, retrying in 2.0s: No candles returned
2025-08-16 20:23:38,559 - WARNING - Non-major pair requested: AUD_JPY
2025-08-16 20:23:38,560 - WARNING - No candles returned for AUD_JPY D
2025-08-16 20:23:38,560 - ERROR -    ❌ Download failed: No candles returned
2025-08-16 20:23:39,061 - INFO - 📊 [21/30] Downloading AUD_JPY W...
2025-08-16 20:23:39,061 - WARNING - Non-major pair requested: AUD_JPY
2025-08-16 20:23:39,062 - WARNING - No candles returned for AUD_JPY W
2025-08-16 20:23:39,062 - WARNING -    ⚠️ Attempt 1 failed, retrying in 2.0s: No candles returned
2025-08-16 20:23:41,064 - WARNING - Non-major pair requested: AUD_JPY
2025-08-16 20:23:41,065 - WARNING - No candles returned for AUD_JPY W
2025-08-16 20:23:41,066 - WARNING -    ⚠️ Attempt 2 failed, retrying in 2.0s: No candles returned
2025-08-16 20:23:43,068 - WARNING - Non-major pair requested: AUD_JPY
2025-08-16 20:23:43,069 - WARNING - No candles returned for AUD_JPY W
2025-08-16 20:23:43,069 - ERROR -    ❌ Download failed: No candles returned
2025-08-16 20:23:43,571 - INFO - 📊 [22/30] Downloading EUR_GBP 4H...
2025-08-16 20:23:43,571 - WARNING - Non-major pair requested: EUR_GBP
2025-08-16 20:23:43,574 - WARNING - No candles returned for EUR_GBP 4H
2025-08-16 20:23:43,574 - WARNING -    ⚠️ Attempt 1 failed, retrying in 2.0s: No candles returned
2025-08-16 20:23:45,576 - WARNING - Non-major pair requested: EUR_GBP
2025-08-16 20:23:45,577 - WARNING - No candles returned for EUR_GBP 4H
2025-08-16 20:23:45,577 - WARNING -    ⚠️ Attempt 2 failed, retrying in 2.0s: No candles returned
2025-08-16 20:23:47,579 - WARNING - Non-major pair requested: EUR_GBP
2025-08-16 20:23:47,579 - WARNING - No candles returned for EUR_GBP 4H
2025-08-16 20:23:47,579 - ERROR -    ❌ Download failed: No candles returned
2025-08-16 20:23:48,081 - INFO - 📊 [23/30] Downloading EUR_GBP D...
2025-08-16 20:23:48,081 - WARNING - Non-major pair requested: EUR_GBP
2025-08-16 20:23:48,081 - WARNING - No candles returned for EUR_GBP D
2025-08-16 20:23:48,081 - WARNING -    ⚠️ Attempt 1 failed, retrying in 2.0s: No candles returned
2025-08-16 20:23:50,083 - WARNING - Non-major pair requested: EUR_GBP
2025-08-16 20:23:50,084 - WARNING - No candles returned for EUR_GBP D
2025-08-16 20:23:50,084 - WARNING -    ⚠️ Attempt 2 failed, retrying in 2.0s: No candles returned
2025-08-16 20:23:52,085 - WARNING - Non-major pair requested: EUR_GBP
2025-08-16 20:23:52,087 - WARNING - No candles returned for EUR_GBP D
2025-08-16 20:23:52,088 - ERROR -    ❌ Download failed: No candles returned
2025-08-16 20:23:52,589 - INFO - 📊 [24/30] Downloading EUR_GBP W...
2025-08-16 20:23:52,589 - WARNING - Non-major pair requested: EUR_GBP
2025-08-16 20:23:52,590 - WARNING - No candles returned for EUR_GBP W
2025-08-16 20:23:52,590 - WARNING -    ⚠️ Attempt 1 failed, retrying in 2.0s: No candles returned
2025-08-16 20:23:54,593 - WARNING - Non-major pair requested: EUR_GBP
2025-08-16 20:23:54,594 - WARNING - No candles returned for EUR_GBP W
2025-08-16 20:23:54,595 - WARNING -    ⚠️ Attempt 2 failed, retrying in 2.0s: No candles returned
2025-08-16 20:23:56,596 - WARNING - Non-major pair requested: EUR_GBP
2025-08-16 20:23:56,598 - WARNING - No candles returned for EUR_GBP W
2025-08-16 20:23:56,598 - ERROR -    ❌ Download failed: No candles returned
2025-08-16 20:23:57,099 - INFO - 📊 [25/30] Downloading EUR_JPY 4H...
2025-08-16 20:23:57,100 - WARNING - Non-major pair requested: EUR_JPY
2025-08-16 20:23:57,101 - WARNING - No candles returned for EUR_JPY 4H
2025-08-16 20:23:57,101 - WARNING -    ⚠️ Attempt 1 failed, retrying in 2.0s: No candles returned
2025-08-16 20:23:59,102 - WARNING - Non-major pair requested: EUR_JPY
2025-08-16 20:23:59,104 - WARNING - No candles returned for EUR_JPY 4H
2025-08-16 20:23:59,105 - WARNING -    ⚠️ Attempt 2 failed, retrying in 2.0s: No candles returned
2025-08-16 20:24:01,106 - WARNING - Non-major pair requested: EUR_JPY
2025-08-16 20:24:01,106 - WARNING - No candles returned for EUR_JPY 4H
2025-08-16 20:24:01,107 - ERROR -    ❌ Download failed: No candles returned
2025-08-16 20:24:01,609 - INFO - 📊 [26/30] Downloading EUR_JPY D...
2025-08-16 20:24:01,610 - WARNING - Non-major pair requested: EUR_JPY
2025-08-16 20:24:01,611 - WARNING - No candles returned for EUR_JPY D
2025-08-16 20:24:01,611 - WARNING -    ⚠️ Attempt 1 failed, retrying in 2.0s: No candles returned
2025-08-16 20:24:03,613 - WARNING - Non-major pair requested: EUR_JPY
2025-08-16 20:24:03,614 - WARNING - No candles returned for EUR_JPY D
2025-08-16 20:24:03,614 - WARNING -    ⚠️ Attempt 2 failed, retrying in 2.0s: No candles returned
2025-08-16 20:24:05,616 - WARNING - Non-major pair requested: EUR_JPY
2025-08-16 20:24:05,617 - WARNING - No candles returned for EUR_JPY D
2025-08-16 20:24:05,617 - ERROR -    ❌ Download failed: No candles returned
2025-08-16 20:24:06,118 - INFO - 📊 [27/30] Downloading EUR_JPY W...
2025-08-16 20:24:06,119 - WARNING - Non-major pair requested: EUR_JPY
2025-08-16 20:24:06,119 - WARNING - No candles returned for EUR_JPY W
2025-08-16 20:24:06,119 - WARNING -    ⚠️ Attempt 1 failed, retrying in 2.0s: No candles returned
2025-08-16 20:24:08,121 - WARNING - Non-major pair requested: EUR_JPY
2025-08-16 20:24:08,122 - WARNING - No candles returned for EUR_JPY W
2025-08-16 20:24:08,122 - WARNING -    ⚠️ Attempt 2 failed, retrying in 2.0s: No candles returned
2025-08-16 20:24:10,128 - WARNING - Non-major pair requested: EUR_JPY
2025-08-16 20:24:10,131 - WARNING - No candles returned for EUR_JPY W
2025-08-16 20:24:10,131 - ERROR -    ❌ Download failed: No candles returned
2025-08-16 20:24:10,637 - INFO - 📊 [28/30] Downloading GBP_JPY 4H...
2025-08-16 20:24:10,637 - WARNING - Non-major pair requested: GBP_JPY
2025-08-16 20:24:10,638 - WARNING - No candles returned for GBP_JPY 4H
2025-08-16 20:24:10,638 - WARNING -    ⚠️ Attempt 1 failed, retrying in 2.0s: No candles returned
2025-08-16 20:24:12,639 - WARNING - Non-major pair requested: GBP_JPY
2025-08-16 20:24:12,640 - WARNING - No candles returned for GBP_JPY 4H
2025-08-16 20:24:12,640 - WARNING -    ⚠️ Attempt 2 failed, retrying in 2.0s: No candles returned
2025-08-16 20:24:14,642 - WARNING - Non-major pair requested: GBP_JPY
2025-08-16 20:24:14,643 - WARNING - No candles returned for GBP_JPY 4H
2025-08-16 20:24:14,644 - ERROR -    ❌ Download failed: No candles returned
2025-08-16 20:24:15,146 - INFO - 📊 [29/30] Downloading GBP_JPY D...
2025-08-16 20:24:15,146 - WARNING - Non-major pair requested: GBP_JPY
2025-08-16 20:24:15,147 - WARNING - No candles returned for GBP_JPY D
2025-08-16 20:24:15,147 - WARNING -    ⚠️ Attempt 1 failed, retrying in 2.0s: No candles returned
2025-08-16 20:24:17,148 - WARNING - Non-major pair requested: GBP_JPY
2025-08-16 20:24:17,150 - WARNING - No candles returned for GBP_JPY D
2025-08-16 20:24:17,151 - WARNING -    ⚠️ Attempt 2 failed, retrying in 2.0s: No candles returned
2025-08-16 20:24:19,152 - WARNING - Non-major pair requested: GBP_JPY
2025-08-16 20:24:19,156 - WARNING - No candles returned for GBP_JPY D
2025-08-16 20:24:19,157 - ERROR -    ❌ Download failed: No candles returned
2025-08-16 20:24:19,658 - INFO - 📊 [30/30] Downloading GBP_JPY W...
2025-08-16 20:24:19,659 - WARNING - Non-major pair requested: GBP_JPY
2025-08-16 20:24:19,659 - WARNING - No candles returned for GBP_JPY W
2025-08-16 20:24:19,659 - WARNING -    ⚠️ Attempt 1 failed, retrying in 2.0s: No candles returned
2025-08-16 20:24:21,661 - WARNING - Non-major pair requested: GBP_JPY
2025-08-16 20:24:21,661 - WARNING - No candles returned for GBP_JPY W
2025-08-16 20:24:21,661 - WARNING -    ⚠️ Attempt 2 failed, retrying in 2.0s: No candles returned
2025-08-16 20:24:23,663 - WARNING - Non-major pair requested: GBP_JPY
2025-08-16 20:24:23,670 - WARNING - No candles returned for GBP_JPY W
2025-08-16 20:24:23,670 - ERROR -    ❌ Download failed: No candles returned
2025-08-16 20:24:24,171 - INFO - ✅ Download phase completed
2025-08-16 20:24:24,172 - INFO - 🔍 Validating data quality...
2025-08-16 20:24:24,177 - INFO - 💾 Quality report saved: backtest_results/data_quality_reports/data_quality_report_20250816_202424.json
2025-08-16 20:24:24,177 - INFO - ✅ Data quality validation completed
2025-08-16 20:24:24,178 - INFO - 📋 Final report saved: backtest_results/data_quality_reports/data_acquisition_final_report_20250816_202424.json
2025-08-16 20:24:24,178 - INFO - ✅ Data acquisition pipeline completed successfully!
2025-08-16 20:24:24,178 - INFO -    ✅ Data acquisition completed
2025-08-16 20:24:24,179 - INFO - 🔍 Phase 4: Quality Validation
2025-08-16 20:24:24,179 - INFO -    ✅ Quality validation completed
2025-08-16 20:24:24,179 - INFO - 📋 Phase 5: Report Generation
2025-08-16 20:24:24,180 - INFO -    📄 Reports saved:
2025-08-16 20:24:24,180 - INFO -      📊 JSON Report: backtest_results/step_1_2_execution/step_1_2_completion_report_20250816_202424.json
2025-08-16 20:24:24,180 - INFO -      📝 Markdown Summary: backtest_results/step_1_2_execution/step_1_2_summary_20250816_202424.md
2025-08-16 20:24:24,180 - INFO -    ✅ Report generation completed
2025-08-16 20:24:24,180 - INFO - ✅ Step 1.2 completed successfully!
2025-08-16 20:24:24,181 - INFO - 📄 Execution summary saved: backtest_results/step_1_2_execution/execution_summary_20250816_202424.json
2025-08-16 20:27:11,635 - INFO - 🚀 Starting Step 1.2: Data Acquisition & Preparation
2025-08-16 20:27:11,635 - INFO - ================================================================================
2025-08-16 20:27:11,635 - INFO - 📋 Phase 1: Pre-execution Validation
2025-08-16 20:27:11,981 - WARNING - OANDA API not available, using fallback
2025-08-16 20:27:12,067 - INFO -    🔍 Testing infrastructure readiness...
2025-08-16 20:27:12,067 - INFO - Initialized 2 data providers
2025-08-16 20:27:12,067 - INFO - Testing logging system
2025-08-16 20:27:12,067 - INFO -    🔄 Testing backup data sources...
2025-08-16 20:27:12,067 - INFO - 🔍 Testing backup data sources...
2025-08-16 20:27:12,067 - INFO -    📡 Testing Alpha Vantage...
2025-08-16 20:27:12,067 - WARNING -      ❌ Alpha Vantage unavailable: API key not configured
2025-08-16 20:27:12,067 - INFO -    📡 Testing Yahoo Finance...
2025-08-16 20:27:12,068 - WARNING -      ❌ Yahoo Finance unavailable: yfinance library not installed
2025-08-16 20:27:12,068 - INFO -    📡 Testing Local CSV Files...
2025-08-16 20:27:12,068 - INFO -      ✅ Local CSV Files available
2025-08-16 20:27:12,068 - INFO -    📡 Testing Synthetic Data Generator...
2025-08-16 20:27:12,068 - INFO -      ✅ Synthetic Data Generator available
2025-08-16 20:27:12,069 - INFO - 🔄 Attempting backup data acquisition for EUR_USD D
2025-08-16 20:27:12,069 - INFO -    📡 Trying Local CSV Files...
2025-08-16 20:27:12,069 - INFO -    📡 Trying Synthetic Data Generator...
2025-08-16 20:27:12,071 - INFO - Generated 8 synthetic data points for EUR_USD D
2025-08-16 20:27:12,071 - INFO -    ✅ Successfully obtained 8 records from Synthetic Data Generator
2025-08-16 20:27:12,072 - INFO - 📄 Backup configuration saved: config/backup_data_sources.json
2025-08-16 20:27:12,072 - INFO -    ✅ Pre-execution validation completed
2025-08-16 20:27:12,072 - INFO - 📦 Phase 2: Infrastructure Setup
2025-08-16 20:27:12,072 - INFO -    🔧 Configuring backup data sources...
2025-08-16 20:27:12,072 - INFO - 📄 Backup configuration saved: config/backup_data_sources.json
2025-08-16 20:27:12,072 - INFO -    ✅ Infrastructure setup completed
2025-08-16 20:27:12,072 - INFO - 📊 Phase 3: Data Acquisition
2025-08-16 20:27:12,072 - INFO -    ⬇️ Starting historical data download...
2025-08-16 20:27:12,072 - INFO -    📈 Target: 10 pairs x 3 timeframes = 30 combinations
2025-08-16 20:27:12,072 - INFO -    📅 Period: 2023-01-01 to 2024-12-31
2025-08-16 20:27:12,072 - INFO - Initialized 2 data providers
2025-08-16 20:27:12,072 - INFO - 📁 Created directory: backtest_results/historical_data
2025-08-16 20:27:12,072 - INFO - 📁 Created directory: backtest_results/data_quality_reports
2025-08-16 20:27:12,072 - INFO - 🚀 Starting Comprehensive Historical Data Acquisition
2025-08-16 20:27:12,072 - INFO - ================================================================================
2025-08-16 20:27:12,072 - INFO - 🔧 Initializing data infrastructure...
2025-08-16 20:27:12,075 - INFO - OANDA provider connected successfully
2025-08-16 20:27:12,075 - INFO - ✅ OANDA provider connected successfully
2025-08-16 20:27:12,075 - WARNING - ⚠️ Pair EUR_GBP may not be fully supported
2025-08-16 20:27:12,075 - WARNING - ⚠️ Pair EUR_JPY may not be fully supported
2025-08-16 20:27:12,075 - WARNING - ⚠️ Pair GBP_JPY may not be fully supported
2025-08-16 20:27:12,075 - WARNING - ⚠️ Pair AUD_JPY may not be fully supported
2025-08-16 20:27:12,075 - INFO - ✅ Infrastructure initialized for 10 currency pairs
2025-08-16 20:27:12,076 - INFO - 📋 Creating download plan...
2025-08-16 20:27:12,076 - INFO - 📊 Download plan created: 30 pair/timeframe combinations
2025-08-16 20:27:12,076 - INFO -    📈 Major pairs: 6 x 3 = 18
2025-08-16 20:27:12,076 - INFO -    📉 Minor pairs: 4 x 3 = 12
2025-08-16 20:27:12,076 - INFO - ⬇️ Starting data downloads...
2025-08-16 20:27:12,076 - INFO - 📊 [1/30] Downloading AUD_USD 4H...
2025-08-16 20:27:12,076 - WARNING - No candles returned for AUD_USD 4H
2025-08-16 20:27:12,076 - WARNING -    ⚠️ Attempt 1 failed, retrying in 2.0s: No candles returned
2025-08-16 20:27:14,080 - WARNING - No candles returned for AUD_USD 4H
2025-08-16 20:27:14,080 - WARNING -    ⚠️ Attempt 2 failed, retrying in 2.0s: No candles returned
2025-08-16 20:27:16,083 - WARNING - No candles returned for AUD_USD 4H
2025-08-16 20:27:16,084 - ERROR -    ❌ Download failed: No candles returned
2025-08-16 20:27:16,585 - INFO - 📊 [2/30] Downloading AUD_USD D...
2025-08-16 20:27:16,585 - WARNING - No candles returned for AUD_USD D
2025-08-16 20:27:16,585 - WARNING -    ⚠️ Attempt 1 failed, retrying in 2.0s: No candles returned
2025-08-16 20:27:18,588 - WARNING - No candles returned for AUD_USD D
2025-08-16 20:27:18,588 - WARNING -    ⚠️ Attempt 2 failed, retrying in 2.0s: No candles returned
2025-08-16 20:27:20,592 - WARNING - No candles returned for AUD_USD D
2025-08-16 20:27:20,592 - ERROR -    ❌ Download failed: No candles returned
2025-08-16 20:27:21,096 - INFO - 📊 [3/30] Downloading AUD_USD W...
2025-08-16 20:27:21,097 - WARNING - No candles returned for AUD_USD W
2025-08-16 20:27:21,097 - WARNING -    ⚠️ Attempt 1 failed, retrying in 2.0s: No candles returned
2025-08-16 20:27:23,098 - WARNING - No candles returned for AUD_USD W
2025-08-16 20:27:23,098 - WARNING -    ⚠️ Attempt 2 failed, retrying in 2.0s: No candles returned
2025-08-16 20:27:25,100 - WARNING - No candles returned for AUD_USD W
2025-08-16 20:27:25,101 - ERROR -    ❌ Download failed: No candles returned
2025-08-16 20:27:25,602 - INFO - 📊 [4/30] Downloading EUR_USD 4H...
2025-08-16 20:27:25,603 - WARNING - No candles returned for EUR_USD 4H
2025-08-16 20:27:25,603 - WARNING -    ⚠️ Attempt 1 failed, retrying in 2.0s: No candles returned
2025-08-16 20:27:27,605 - WARNING - No candles returned for EUR_USD 4H
2025-08-16 20:27:27,605 - WARNING -    ⚠️ Attempt 2 failed, retrying in 2.0s: No candles returned
2025-08-16 20:27:29,609 - WARNING - No candles returned for EUR_USD 4H
2025-08-16 20:27:29,610 - ERROR -    ❌ Download failed: No candles returned
2025-08-16 20:27:30,111 - INFO - 📊 [5/30] Downloading EUR_USD D...
2025-08-16 20:27:30,112 - WARNING - No candles returned for EUR_USD D
2025-08-16 20:27:30,113 - WARNING -    ⚠️ Attempt 1 failed, retrying in 2.0s: No candles returned
2025-08-16 20:27:32,114 - WARNING - No candles returned for EUR_USD D
2025-08-16 20:27:32,114 - WARNING -    ⚠️ Attempt 2 failed, retrying in 2.0s: No candles returned
2025-08-16 20:27:34,117 - WARNING - No candles returned for EUR_USD D
2025-08-16 20:27:34,117 - ERROR -    ❌ Download failed: No candles returned
2025-08-16 20:27:34,619 - INFO - 📊 [6/30] Downloading EUR_USD W...
2025-08-16 20:27:34,620 - WARNING - No candles returned for EUR_USD W
2025-08-16 20:27:34,621 - WARNING -    ⚠️ Attempt 1 failed, retrying in 2.0s: No candles returned
2025-08-16 20:27:36,623 - WARNING - No candles returned for EUR_USD W
2025-08-16 20:27:36,623 - WARNING -    ⚠️ Attempt 2 failed, retrying in 2.0s: No candles returned
2025-08-16 20:27:38,624 - WARNING - No candles returned for EUR_USD W
2025-08-16 20:27:38,625 - ERROR -    ❌ Download failed: No candles returned
2025-08-16 20:27:39,126 - INFO - 📊 [7/30] Downloading GBP_USD 4H...
2025-08-16 20:27:39,128 - WARNING - No candles returned for GBP_USD 4H
2025-08-16 20:27:39,128 - WARNING -    ⚠️ Attempt 1 failed, retrying in 2.0s: No candles returned
2025-08-16 20:27:41,130 - WARNING - No candles returned for GBP_USD 4H
2025-08-16 20:27:41,130 - WARNING -    ⚠️ Attempt 2 failed, retrying in 2.0s: No candles returned
2025-08-16 20:27:43,131 - WARNING - No candles returned for GBP_USD 4H
2025-08-16 20:27:43,134 - ERROR -    ❌ Download failed: No candles returned
2025-08-16 20:27:43,636 - INFO - 📊 [8/30] Downloading GBP_USD D...
2025-08-16 20:27:43,636 - WARNING - No candles returned for GBP_USD D
2025-08-16 20:27:43,637 - WARNING -    ⚠️ Attempt 1 failed, retrying in 2.0s: No candles returned
2025-08-16 20:27:45,638 - WARNING - No candles returned for GBP_USD D
2025-08-16 20:27:45,638 - WARNING -    ⚠️ Attempt 2 failed, retrying in 2.0s: No candles returned
2025-08-16 20:27:47,642 - WARNING - No candles returned for GBP_USD D
2025-08-16 20:27:47,642 - ERROR -    ❌ Download failed: No candles returned
2025-08-16 20:27:48,144 - INFO - 📊 [9/30] Downloading GBP_USD W...
2025-08-16 20:27:48,149 - WARNING - No candles returned for GBP_USD W
2025-08-16 20:27:48,149 - WARNING -    ⚠️ Attempt 1 failed, retrying in 2.0s: No candles returned
2025-08-16 20:27:50,152 - WARNING - No candles returned for GBP_USD W
2025-08-16 20:27:50,155 - WARNING -    ⚠️ Attempt 2 failed, retrying in 2.0s: No candles returned
2025-08-16 20:27:52,159 - WARNING - No candles returned for GBP_USD W
2025-08-16 20:27:52,160 - ERROR -    ❌ Download failed: No candles returned
2025-08-16 20:27:52,661 - INFO - 📊 [10/30] Downloading USD_CAD 4H...
2025-08-16 20:27:52,664 - WARNING - No candles returned for USD_CAD 4H
2025-08-16 20:27:52,666 - WARNING -    ⚠️ Attempt 1 failed, retrying in 2.0s: No candles returned
2025-08-16 20:27:54,668 - WARNING - No candles returned for USD_CAD 4H
2025-08-16 20:27:54,669 - WARNING -    ⚠️ Attempt 2 failed, retrying in 2.0s: No candles returned
2025-08-16 20:27:56,670 - WARNING - No candles returned for USD_CAD 4H
2025-08-16 20:27:56,670 - ERROR -    ❌ Download failed: No candles returned
2025-08-16 20:27:57,172 - INFO - 📊 [11/30] Downloading USD_CAD D...
2025-08-16 20:27:57,177 - WARNING - No candles returned for USD_CAD D
2025-08-16 20:27:57,177 - WARNING -    ⚠️ Attempt 1 failed, retrying in 2.0s: No candles returned
2025-08-16 20:27:59,179 - WARNING - No candles returned for USD_CAD D
2025-08-16 20:27:59,180 - WARNING -    ⚠️ Attempt 2 failed, retrying in 2.0s: No candles returned
2025-08-16 20:28:01,183 - WARNING - No candles returned for USD_CAD D
2025-08-16 20:28:01,184 - ERROR -    ❌ Download failed: No candles returned
2025-08-16 20:28:01,686 - INFO - 📊 [12/30] Downloading USD_CAD W...
2025-08-16 20:28:01,686 - WARNING - No candles returned for USD_CAD W
2025-08-16 20:28:01,686 - WARNING -    ⚠️ Attempt 1 failed, retrying in 2.0s: No candles returned
2025-08-16 20:28:03,688 - WARNING - No candles returned for USD_CAD W
2025-08-16 20:28:03,689 - WARNING -    ⚠️ Attempt 2 failed, retrying in 2.0s: No candles returned
2025-08-16 20:28:05,691 - WARNING - No candles returned for USD_CAD W
2025-08-16 20:28:05,691 - ERROR -    ❌ Download failed: No candles returned
2025-08-16 20:28:06,192 - INFO - 📊 [13/30] Downloading USD_CHF 4H...
2025-08-16 20:28:06,194 - WARNING - No candles returned for USD_CHF 4H
2025-08-16 20:28:06,195 - WARNING -    ⚠️ Attempt 1 failed, retrying in 2.0s: No candles returned
2025-08-16 20:28:08,197 - WARNING - No candles returned for USD_CHF 4H
2025-08-16 20:28:08,197 - WARNING -    ⚠️ Attempt 2 failed, retrying in 2.0s: No candles returned
2025-08-16 20:28:10,200 - WARNING - No candles returned for USD_CHF 4H
2025-08-16 20:28:10,201 - ERROR -    ❌ Download failed: No candles returned
2025-08-16 20:28:10,703 - INFO - 📊 [14/30] Downloading USD_CHF D...
2025-08-16 20:28:10,704 - WARNING - No candles returned for USD_CHF D
2025-08-16 20:28:10,704 - WARNING -    ⚠️ Attempt 1 failed, retrying in 2.0s: No candles returned
2025-08-16 20:28:12,706 - WARNING - No candles returned for USD_CHF D
2025-08-16 20:28:12,709 - WARNING -    ⚠️ Attempt 2 failed, retrying in 2.0s: No candles returned
2025-08-16 20:28:14,711 - WARNING - No candles returned for USD_CHF D
2025-08-16 20:28:14,711 - ERROR -    ❌ Download failed: No candles returned
2025-08-16 20:28:15,212 - INFO - 📊 [15/30] Downloading USD_CHF W...
2025-08-16 20:28:15,218 - WARNING - No candles returned for USD_CHF W
2025-08-16 20:28:15,219 - WARNING -    ⚠️ Attempt 1 failed, retrying in 2.0s: No candles returned
2025-08-16 20:28:17,221 - WARNING - No candles returned for USD_CHF W
2025-08-16 20:28:17,221 - WARNING -    ⚠️ Attempt 2 failed, retrying in 2.0s: No candles returned
2025-08-16 20:28:19,223 - WARNING - No candles returned for USD_CHF W
2025-08-16 20:28:19,224 - ERROR -    ❌ Download failed: No candles returned
2025-08-16 20:28:19,726 - INFO - 📊 [16/30] Downloading USD_JPY 4H...
2025-08-16 20:28:19,726 - WARNING - No candles returned for USD_JPY 4H
2025-08-16 20:28:19,726 - WARNING -    ⚠️ Attempt 1 failed, retrying in 2.0s: No candles returned
2025-08-16 20:28:21,727 - WARNING - No candles returned for USD_JPY 4H
2025-08-16 20:28:21,727 - WARNING -    ⚠️ Attempt 2 failed, retrying in 2.0s: No candles returned
2025-08-16 20:28:23,729 - WARNING - No candles returned for USD_JPY 4H
2025-08-16 20:28:23,729 - ERROR -    ❌ Download failed: No candles returned
2025-08-16 20:28:24,230 - INFO - 📊 [17/30] Downloading USD_JPY D...
2025-08-16 20:28:24,231 - WARNING - No candles returned for USD_JPY D
2025-08-16 20:28:24,231 - WARNING -    ⚠️ Attempt 1 failed, retrying in 2.0s: No candles returned
2025-08-16 20:28:26,236 - WARNING - No candles returned for USD_JPY D
2025-08-16 20:28:26,236 - WARNING -    ⚠️ Attempt 2 failed, retrying in 2.0s: No candles returned
2025-08-16 20:28:28,237 - WARNING - No candles returned for USD_JPY D
2025-08-16 20:28:28,238 - ERROR -    ❌ Download failed: No candles returned
2025-08-16 20:28:28,739 - INFO - 📊 [18/30] Downloading USD_JPY W...
2025-08-16 20:28:28,739 - WARNING - No candles returned for USD_JPY W
2025-08-16 20:28:28,740 - WARNING -    ⚠️ Attempt 1 failed, retrying in 2.0s: No candles returned
2025-08-16 20:28:30,742 - WARNING - No candles returned for USD_JPY W
2025-08-16 20:28:30,742 - WARNING -    ⚠️ Attempt 2 failed, retrying in 2.0s: No candles returned
2025-08-16 20:28:32,744 - WARNING - No candles returned for USD_JPY W
2025-08-16 20:28:32,744 - ERROR -    ❌ Download failed: No candles returned
2025-08-16 20:28:33,247 - INFO - 📊 [19/30] Downloading AUD_JPY 4H...
2025-08-16 20:28:33,247 - WARNING - Non-major pair requested: AUD_JPY
2025-08-16 20:28:33,248 - WARNING - No candles returned for AUD_JPY 4H
2025-08-16 20:28:33,248 - WARNING -    ⚠️ Attempt 1 failed, retrying in 2.0s: No candles returned
2025-08-16 20:28:35,251 - WARNING - Non-major pair requested: AUD_JPY
2025-08-16 20:28:35,251 - WARNING - No candles returned for AUD_JPY 4H
2025-08-16 20:28:35,252 - WARNING -    ⚠️ Attempt 2 failed, retrying in 2.0s: No candles returned
2025-08-16 20:28:37,253 - WARNING - Non-major pair requested: AUD_JPY
2025-08-16 20:28:37,254 - WARNING - No candles returned for AUD_JPY 4H
2025-08-16 20:28:37,255 - ERROR -    ❌ Download failed: No candles returned
2025-08-16 20:28:37,756 - INFO - 📊 [20/30] Downloading AUD_JPY D...
2025-08-16 20:28:37,759 - WARNING - Non-major pair requested: AUD_JPY
2025-08-16 20:28:37,759 - WARNING - No candles returned for AUD_JPY D
2025-08-16 20:28:37,759 - WARNING -    ⚠️ Attempt 1 failed, retrying in 2.0s: No candles returned
2025-08-16 20:28:39,761 - WARNING - Non-major pair requested: AUD_JPY
2025-08-16 20:28:39,761 - WARNING - No candles returned for AUD_JPY D
2025-08-16 20:28:39,761 - WARNING -    ⚠️ Attempt 2 failed, retrying in 2.0s: No candles returned
2025-08-16 20:28:41,763 - WARNING - Non-major pair requested: AUD_JPY
2025-08-16 20:28:41,765 - WARNING - No candles returned for AUD_JPY D
2025-08-16 20:28:41,768 - ERROR -    ❌ Download failed: No candles returned
2025-08-16 20:28:42,269 - INFO - 📊 [21/30] Downloading AUD_JPY W...
2025-08-16 20:28:42,270 - WARNING - Non-major pair requested: AUD_JPY
2025-08-16 20:28:42,270 - WARNING - No candles returned for AUD_JPY W
2025-08-16 20:28:42,271 - WARNING -    ⚠️ Attempt 1 failed, retrying in 2.0s: No candles returned
2025-08-16 20:28:44,272 - WARNING - Non-major pair requested: AUD_JPY
2025-08-16 20:28:44,275 - WARNING - No candles returned for AUD_JPY W
2025-08-16 20:28:44,275 - WARNING -    ⚠️ Attempt 2 failed, retrying in 2.0s: No candles returned
2025-08-16 20:28:46,276 - WARNING - Non-major pair requested: AUD_JPY
2025-08-16 20:28:46,277 - WARNING - No candles returned for AUD_JPY W
2025-08-16 20:28:46,277 - ERROR -    ❌ Download failed: No candles returned
2025-08-16 20:28:46,779 - INFO - 📊 [22/30] Downloading EUR_GBP 4H...
2025-08-16 20:28:46,779 - WARNING - Non-major pair requested: EUR_GBP
2025-08-16 20:28:46,780 - WARNING - No candles returned for EUR_GBP 4H
2025-08-16 20:28:46,780 - WARNING -    ⚠️ Attempt 1 failed, retrying in 2.0s: No candles returned
2025-08-16 20:28:48,781 - WARNING - Non-major pair requested: EUR_GBP
2025-08-16 20:28:48,783 - WARNING - No candles returned for EUR_GBP 4H
2025-08-16 20:28:48,783 - WARNING -    ⚠️ Attempt 2 failed, retrying in 2.0s: No candles returned
2025-08-16 20:28:50,784 - WARNING - Non-major pair requested: EUR_GBP
2025-08-16 20:28:50,785 - WARNING - No candles returned for EUR_GBP 4H
2025-08-16 20:28:50,785 - ERROR -    ❌ Download failed: No candles returned
2025-08-16 20:28:51,287 - INFO - 📊 [23/30] Downloading EUR_GBP D...
2025-08-16 20:28:51,287 - WARNING - Non-major pair requested: EUR_GBP
2025-08-16 20:28:51,287 - WARNING - No candles returned for EUR_GBP D
2025-08-16 20:28:51,287 - WARNING -    ⚠️ Attempt 1 failed, retrying in 2.0s: No candles returned
2025-08-16 20:28:53,288 - WARNING - Non-major pair requested: EUR_GBP
2025-08-16 20:28:53,289 - WARNING - No candles returned for EUR_GBP D
2025-08-16 20:28:53,289 - WARNING -    ⚠️ Attempt 2 failed, retrying in 2.0s: No candles returned
2025-08-16 20:28:55,291 - WARNING - Non-major pair requested: EUR_GBP
2025-08-16 20:28:55,293 - WARNING - No candles returned for EUR_GBP D
2025-08-16 20:28:55,293 - ERROR -    ❌ Download failed: No candles returned
2025-08-16 20:28:55,795 - INFO - 📊 [24/30] Downloading EUR_GBP W...
2025-08-16 20:28:55,795 - WARNING - Non-major pair requested: EUR_GBP
2025-08-16 20:28:55,796 - WARNING - No candles returned for EUR_GBP W
2025-08-16 20:28:55,796 - WARNING -    ⚠️ Attempt 1 failed, retrying in 2.0s: No candles returned
2025-08-16 20:28:57,798 - WARNING - Non-major pair requested: EUR_GBP
2025-08-16 20:28:57,799 - WARNING - No candles returned for EUR_GBP W
2025-08-16 20:28:57,800 - WARNING -    ⚠️ Attempt 2 failed, retrying in 2.0s: No candles returned
2025-08-16 20:28:59,800 - WARNING - Non-major pair requested: EUR_GBP
2025-08-16 20:28:59,801 - WARNING - No candles returned for EUR_GBP W
2025-08-16 20:28:59,801 - ERROR -    ❌ Download failed: No candles returned
2025-08-16 20:29:00,302 - INFO - 📊 [25/30] Downloading EUR_JPY 4H...
2025-08-16 20:29:00,302 - WARNING - Non-major pair requested: EUR_JPY
2025-08-16 20:29:00,303 - WARNING - No candles returned for EUR_JPY 4H
2025-08-16 20:29:00,303 - WARNING -    ⚠️ Attempt 1 failed, retrying in 2.0s: No candles returned
2025-08-16 20:29:02,305 - WARNING - Non-major pair requested: EUR_JPY
2025-08-16 20:29:02,306 - WARNING - No candles returned for EUR_JPY 4H
2025-08-16 20:29:02,307 - WARNING -    ⚠️ Attempt 2 failed, retrying in 2.0s: No candles returned
2025-08-16 20:29:04,308 - WARNING - Non-major pair requested: EUR_JPY
2025-08-16 20:29:04,308 - WARNING - No candles returned for EUR_JPY 4H
2025-08-16 20:29:04,308 - ERROR -    ❌ Download failed: No candles returned
2025-08-16 20:29:04,809 - INFO - 📊 [26/30] Downloading EUR_JPY D...
2025-08-16 20:29:04,809 - WARNING - Non-major pair requested: EUR_JPY
2025-08-16 20:29:04,810 - WARNING - No candles returned for EUR_JPY D
2025-08-16 20:29:04,810 - WARNING -    ⚠️ Attempt 1 failed, retrying in 2.0s: No candles returned
2025-08-16 20:29:06,811 - WARNING - Non-major pair requested: EUR_JPY
2025-08-16 20:29:06,813 - WARNING - No candles returned for EUR_JPY D
2025-08-16 20:29:06,813 - WARNING -    ⚠️ Attempt 2 failed, retrying in 2.0s: No candles returned
2025-08-16 20:29:08,817 - WARNING - Non-major pair requested: EUR_JPY
2025-08-16 20:29:08,819 - WARNING - No candles returned for EUR_JPY D
2025-08-16 20:29:08,819 - ERROR -    ❌ Download failed: No candles returned
2025-08-16 20:29:09,320 - INFO - 📊 [27/30] Downloading EUR_JPY W...
2025-08-16 20:29:09,320 - WARNING - Non-major pair requested: EUR_JPY
2025-08-16 20:29:09,321 - WARNING - No candles returned for EUR_JPY W
2025-08-16 20:29:09,321 - WARNING -    ⚠️ Attempt 1 failed, retrying in 2.0s: No candles returned
2025-08-16 20:29:11,324 - WARNING - Non-major pair requested: EUR_JPY
2025-08-16 20:29:11,325 - WARNING - No candles returned for EUR_JPY W
2025-08-16 20:29:11,325 - WARNING -    ⚠️ Attempt 2 failed, retrying in 2.0s: No candles returned
2025-08-16 20:29:13,326 - WARNING - Non-major pair requested: EUR_JPY
2025-08-16 20:29:13,326 - WARNING - No candles returned for EUR_JPY W
2025-08-16 20:29:13,326 - ERROR -    ❌ Download failed: No candles returned
2025-08-16 20:29:13,827 - INFO - 📊 [28/30] Downloading GBP_JPY 4H...
2025-08-16 20:29:13,828 - WARNING - Non-major pair requested: GBP_JPY
2025-08-16 20:29:13,828 - WARNING - No candles returned for GBP_JPY 4H
2025-08-16 20:29:13,829 - WARNING -    ⚠️ Attempt 1 failed, retrying in 2.0s: No candles returned
2025-08-16 20:29:15,830 - WARNING - Non-major pair requested: GBP_JPY
2025-08-16 20:29:15,832 - WARNING - No candles returned for GBP_JPY 4H
2025-08-16 20:29:15,833 - WARNING -    ⚠️ Attempt 2 failed, retrying in 2.0s: No candles returned
2025-08-16 20:29:17,835 - WARNING - Non-major pair requested: GBP_JPY
2025-08-16 20:29:17,836 - WARNING - No candles returned for GBP_JPY 4H
2025-08-16 20:29:17,836 - ERROR -    ❌ Download failed: No candles returned
2025-08-16 20:29:18,337 - INFO - 📊 [29/30] Downloading GBP_JPY D...
2025-08-16 20:29:18,337 - WARNING - Non-major pair requested: GBP_JPY
2025-08-16 20:29:18,338 - WARNING - No candles returned for GBP_JPY D
2025-08-16 20:29:18,338 - WARNING -    ⚠️ Attempt 1 failed, retrying in 2.0s: No candles returned
2025-08-16 20:29:20,339 - WARNING - Non-major pair requested: GBP_JPY
2025-08-16 20:29:20,342 - WARNING - No candles returned for GBP_JPY D
2025-08-16 20:29:20,342 - WARNING -    ⚠️ Attempt 2 failed, retrying in 2.0s: No candles returned
2025-08-16 20:29:22,344 - WARNING - Non-major pair requested: GBP_JPY
2025-08-16 20:29:22,346 - WARNING - No candles returned for GBP_JPY D
2025-08-16 20:29:22,346 - ERROR -    ❌ Download failed: No candles returned
2025-08-16 20:29:22,849 - INFO - 📊 [30/30] Downloading GBP_JPY W...
2025-08-16 20:29:22,849 - WARNING - Non-major pair requested: GBP_JPY
2025-08-16 20:29:22,850 - WARNING - No candles returned for GBP_JPY W
2025-08-16 20:29:22,850 - WARNING -    ⚠️ Attempt 1 failed, retrying in 2.0s: No candles returned
2025-08-16 20:29:24,851 - WARNING - Non-major pair requested: GBP_JPY
2025-08-16 20:29:24,852 - WARNING - No candles returned for GBP_JPY W
2025-08-16 20:29:24,852 - WARNING -    ⚠️ Attempt 2 failed, retrying in 2.0s: No candles returned
2025-08-16 20:29:26,853 - WARNING - Non-major pair requested: GBP_JPY
2025-08-16 20:29:26,854 - WARNING - No candles returned for GBP_JPY W
2025-08-16 20:29:26,855 - ERROR -    ❌ Download failed: No candles returned
2025-08-16 20:29:27,359 - INFO - ✅ Download phase completed
2025-08-16 20:29:27,359 - INFO - 🔍 Validating data quality...
2025-08-16 20:29:27,361 - INFO - 💾 Quality report saved: backtest_results/data_quality_reports/data_quality_report_20250816_202927.json
2025-08-16 20:29:27,361 - INFO - ✅ Data quality validation completed
2025-08-16 20:29:27,362 - INFO - 📋 Final report saved: backtest_results/data_quality_reports/data_acquisition_final_report_20250816_202927.json
2025-08-16 20:29:27,362 - INFO - ✅ Data acquisition pipeline completed successfully!
2025-08-16 20:29:27,362 - INFO -    ✅ Data acquisition completed
2025-08-16 20:29:27,362 - INFO - 🔍 Phase 4: Quality Validation
2025-08-16 20:29:27,362 - INFO -    ✅ Quality validation completed
2025-08-16 20:29:27,362 - INFO - 📋 Phase 5: Report Generation
2025-08-16 20:29:27,364 - INFO -    📄 Reports saved:
2025-08-16 20:29:27,364 - INFO -      📊 JSON Report: backtest_results/step_1_2_execution/step_1_2_completion_report_20250816_202927.json
2025-08-16 20:29:27,364 - INFO -      📝 Markdown Summary: backtest_results/step_1_2_execution/step_1_2_summary_20250816_202927.md
2025-08-16 20:29:27,364 - INFO -    ✅ Report generation completed
2025-08-16 20:29:27,364 - INFO - ✅ Step 1.2 completed successfully!
2025-08-16 20:29:27,365 - INFO - 📄 Execution summary saved: backtest_results/step_1_2_execution/execution_summary_20250816_202927.json
